[0.187s] Invoking command in '/home/anushka/ros2_ws/build/my_robot_bringup': CMAKE_PREFIX_PATH=${CMAKE_PREFIX_PATH}:/home/anushka/ros2_ws/install/my_py_pkg:/home/anushka/voidwalking/ros2_ws/install/waypoints:/home/anushka/anu_ws/install/servo_controller:/home/anushka/eric_ws/install/camera_pkg_p:/opt/ros/humble /usr/bin/cmake /home/anushka/ros2_ws/src/my_robot_bringup -DCMAKE_INSTALL_PREFIX=/home/anushka/ros2_ws/install/my_robot_bringup
[0.327s] -- The C compiler identification is GNU 11.4.0
[0.440s] -- The CXX compiler identification is GNU 11.4.0
[0.457s] -- Detecting C compiler ABI info
[0.575s] -- Detecting C compiler ABI info - done
[0.586s] -- Check for working C compiler: /usr/bin/cc - skipped
[0.587s] -- Detecting C compile features
[0.588s] -- Detecting C compile features - done
[0.593s] -- Detecting CXX compiler ABI info
[0.733s] -- Detecting CXX compiler ABI info - done
[0.746s] -- Check for working CXX compiler: /usr/bin/c++ - skipped
[0.747s] -- Detecting CXX compile features
[0.747s] -- Detecting CXX compile features - done
[0.755s] -- Found ament_cmake: 1.3.6 (/opt/ros/humble/share/ament_cmake/cmake)
[1.062s] -- Found Python3: /usr/bin/python3.10 (found version "3.10.12") found components: Interpreter 
[1.368s] -- Configuring done
[1.372s] -- Generating done
[1.374s] -- Build files have been written to: /home/anushka/ros2_ws/build/my_robot_bringup
[1.385s] Invoked command in '/home/anushka/ros2_ws/build/my_robot_bringup' returned '0': CMAKE_PREFIX_PATH=${CMAKE_PREFIX_PATH}:/home/anushka/ros2_ws/install/my_py_pkg:/home/anushka/voidwalking/ros2_ws/install/waypoints:/home/anushka/anu_ws/install/servo_controller:/home/anushka/eric_ws/install/camera_pkg_p:/opt/ros/humble /usr/bin/cmake /home/anushka/ros2_ws/src/my_robot_bringup -DCMAKE_INSTALL_PREFIX=/home/anushka/ros2_ws/install/my_robot_bringup
[1.386s] Invoking command in '/home/anushka/ros2_ws/build/my_robot_bringup': CMAKE_PREFIX_PATH=${CMAKE_PREFIX_PATH}:/home/anushka/ros2_ws/install/my_py_pkg:/home/anushka/voidwalking/ros2_ws/install/waypoints:/home/anushka/anu_ws/install/servo_controller:/home/anushka/eric_ws/install/camera_pkg_p:/opt/ros/humble /usr/bin/cmake --build /home/anushka/ros2_ws/build/my_robot_bringup -- -j8 -l8
[1.442s] Invoked command in '/home/anushka/ros2_ws/build/my_robot_bringup' returned '0': CMAKE_PREFIX_PATH=${CMAKE_PREFIX_PATH}:/home/anushka/ros2_ws/install/my_py_pkg:/home/anushka/voidwalking/ros2_ws/install/waypoints:/home/anushka/anu_ws/install/servo_controller:/home/anushka/eric_ws/install/camera_pkg_p:/opt/ros/humble /usr/bin/cmake --build /home/anushka/ros2_ws/build/my_robot_bringup -- -j8 -l8
[1.478s] Invoking command in '/home/anushka/ros2_ws/build/my_robot_bringup': CMAKE_PREFIX_PATH=${CMAKE_PREFIX_PATH}:/home/anushka/ros2_ws/install/my_py_pkg:/home/anushka/voidwalking/ros2_ws/install/waypoints:/home/anushka/anu_ws/install/servo_controller:/home/anushka/eric_ws/install/camera_pkg_p:/opt/ros/humble /usr/bin/cmake --install /home/anushka/ros2_ws/build/my_robot_bringup
[1.492s] -- Install configuration: ""
[1.493s] -- Installing: /home/anushka/ros2_ws/install/my_robot_bringup/share/my_robot_bringup/launch
[1.493s] -- Installing: /home/anushka/ros2_ws/install/my_robot_bringup/share/my_robot_bringup/launch/number_app.launch.py
[1.493s] -- Installing: /home/anushka/ros2_ws/install/my_robot_bringup/share/ament_index/resource_index/package_run_dependencies/my_robot_bringup
[1.493s] -- Installing: /home/anushka/ros2_ws/install/my_robot_bringup/share/ament_index/resource_index/parent_prefix_path/my_robot_bringup
[1.494s] -- Installing: /home/anushka/ros2_ws/install/my_robot_bringup/share/my_robot_bringup/environment/ament_prefix_path.sh
[1.494s] -- Installing: /home/anushka/ros2_ws/install/my_robot_bringup/share/my_robot_bringup/environment/ament_prefix_path.dsv
[1.494s] -- Installing: /home/anushka/ros2_ws/install/my_robot_bringup/share/my_robot_bringup/environment/path.sh
[1.494s] -- Installing: /home/anushka/ros2_ws/install/my_robot_bringup/share/my_robot_bringup/environment/path.dsv
[1.494s] -- Installing: /home/anushka/ros2_ws/install/my_robot_bringup/share/my_robot_bringup/local_setup.bash
[1.495s] -- Installing: /home/anushka/ros2_ws/install/my_robot_bringup/share/my_robot_bringup/local_setup.sh
[1.495s] -- Installing: /home/anushka/ros2_ws/install/my_robot_bringup/share/my_robot_bringup/local_setup.zsh
[1.495s] -- Installing: /home/anushka/ros2_ws/install/my_robot_bringup/share/my_robot_bringup/local_setup.dsv
[1.495s] -- Installing: /home/anushka/ros2_ws/install/my_robot_bringup/share/my_robot_bringup/package.dsv
[1.496s] -- Installing: /home/anushka/ros2_ws/install/my_robot_bringup/share/ament_index/resource_index/packages/my_robot_bringup
[1.496s] -- Installing: /home/anushka/ros2_ws/install/my_robot_bringup/share/my_robot_bringup/cmake/my_robot_bringupConfig.cmake
[1.496s] -- Installing: /home/anushka/ros2_ws/install/my_robot_bringup/share/my_robot_bringup/cmake/my_robot_bringupConfig-version.cmake
[1.496s] -- Installing: /home/anushka/ros2_ws/install/my_robot_bringup/share/my_robot_bringup/package.xml
[1.501s] Invoked command in '/home/anushka/ros2_ws/build/my_robot_bringup' returned '0': CMAKE_PREFIX_PATH=${CMAKE_PREFIX_PATH}:/home/anushka/ros2_ws/install/my_py_pkg:/home/anushka/voidwalking/ros2_ws/install/waypoints:/home/anushka/anu_ws/install/servo_controller:/home/anushka/eric_ws/install/camera_pkg_p:/opt/ros/humble /usr/bin/cmake --install /home/anushka/ros2_ws/build/my_robot_bringup
