running egg_info
writing ../../build/my_py_pkg/my_py_pkg.egg-info/PKG-INFO
writing dependency_links to ../../build/my_py_pkg/my_py_pkg.egg-info/dependency_links.txt
writing entry points to ../../build/my_py_pkg/my_py_pkg.egg-info/entry_points.txt
writing requirements to ../../build/my_py_pkg/my_py_pkg.egg-info/requires.txt
writing top-level names to ../../build/my_py_pkg/my_py_pkg.egg-info/top_level.txt
reading manifest file '../../build/my_py_pkg/my_py_pkg.egg-info/SOURCES.txt'
writing manifest file '../../build/my_py_pkg/my_py_pkg.egg-info/SOURCES.txt'
running build
running build_py
copying my_py_pkg/battery_client.py -> /home/anushka/ros2_ws/build/my_py_pkg/build/lib/my_py_pkg
running install
running install_lib
copying /home/anushka/ros2_ws/build/my_py_pkg/build/lib/my_py_pkg/battery_client.py -> /home/anushka/ros2_ws/install/my_py_pkg/lib/python3.10/site-packages/my_py_pkg
byte-compiling /home/anushka/ros2_ws/install/my_py_pkg/lib/python3.10/site-packages/my_py_pkg/battery_client.py to battery_client.cpython-310.pyc
running install_data
running install_egg_info
removing '/home/anushka/ros2_ws/install/my_py_pkg/lib/python3.10/site-packages/my_py_pkg-0.0.0-py3.10.egg-info' (and everything under it)
Copying ../../build/my_py_pkg/my_py_pkg.egg-info to /home/anushka/ros2_ws/install/my_py_pkg/lib/python3.10/site-packages/my_py_pkg-0.0.0-py3.10.egg-info
running install_scripts
Installing add_two_ints_client script to /home/anushka/ros2_ws/install/my_py_pkg/lib/my_py_pkg
Installing add_two_ints_oop_client script to /home/anushka/ros2_ws/install/my_py_pkg/lib/my_py_pkg
Installing battery_client_exe script to /home/anushka/ros2_ws/install/my_py_pkg/lib/my_py_pkg
Installing hardware_exe script to /home/anushka/ros2_ws/install/my_py_pkg/lib/my_py_pkg
Installing led_status_server script to /home/anushka/ros2_ws/install/my_py_pkg/lib/my_py_pkg
Installing mobilephone script to /home/anushka/ros2_ws/install/my_py_pkg/lib/my_py_pkg
Installing my_add_service script to /home/anushka/ros2_ws/install/my_py_pkg/lib/my_py_pkg
Installing number_counter script to /home/anushka/ros2_ws/install/my_py_pkg/lib/my_py_pkg
Installing number_publisher script to /home/anushka/ros2_ws/install/my_py_pkg/lib/my_py_pkg
Installing py_node_p script to /home/anushka/ros2_ws/install/my_py_pkg/lib/my_py_pkg
Installing robot_news_station script to /home/anushka/ros2_ws/install/my_py_pkg/lib/my_py_pkg
writing list of installed files to '/home/anushka/ros2_ws/build/my_py_pkg/install.log'
