[1.258s] DEBUG:colcon:Command line arguments: ['/usr/bin/colcon', 'build']
[1.259s] DEBUG:colcon:Parsed command line arguments: Namespace(log_base=None, log_level=None, verb_name='build', build_base='build', install_base='install', merge_install=False, symlink_install=False, test_result_base=None, continue_on_error=False, executor='parallel', parallel_workers=8, event_handlers=None, ignore_user_meta=False, metas=['./colcon.meta'], base_paths=['.'], packages_ignore=None, packages_ignore_regex=None, paths=None, packages_up_to=None, packages_up_to_regex=None, packages_above=None, packages_above_and_dependencies=None, packages_above_depth=None, packages_select_by_dep=None, packages_skip_by_dep=None, packages_skip_up_to=None, packages_select_build_failed=False, packages_skip_build_finished=False, packages_select_test_failures=False, packages_skip_test_passed=False, packages_select=None, packages_skip=None, packages_select_regex=None, packages_skip_regex=None, packages_start=None, packages_end=None, allow_overriding=[], cmake_args=None, cmake_target=None, cmake_target_skip_unavailable=False, cmake_clean_cache=False, cmake_clean_first=False, cmake_force_configure=False, ament_cmake_args=None, catkin_cmake_args=None, catkin_skip_building_tests=False, verb_parser=<colcon_defaults.argument_parser.defaults.DefaultArgumentsDecorator object at 0x7f4cb236cfd0>, verb_extension=<colcon_core.verb.build.BuildVerb object at 0x7f4cb236f880>, main=<bound method BuildVerb.main of <colcon_core.verb.build.BuildVerb object at 0x7f4cb236f880>>)
[1.323s] Level 1:colcon.colcon_core.package_discovery:discover_packages(colcon_meta) check parameters
[1.323s] Level 1:colcon.colcon_core.package_discovery:discover_packages(recursive) check parameters
[1.323s] Level 1:colcon.colcon_core.package_discovery:discover_packages(ignore) check parameters
[1.323s] Level 1:colcon.colcon_core.package_discovery:discover_packages(path) check parameters
[1.323s] Level 1:colcon.colcon_core.package_discovery:discover_packages(colcon_meta) discover
[1.323s] Level 1:colcon.colcon_core.package_discovery:discover_packages(recursive) discover
[1.323s] INFO:colcon.colcon_core.package_discovery:Crawling recursively for packages in '/home/anushka/ros2_ws'
[1.323s] Level 1:colcon.colcon_core.package_identification:_identify(.) by extensions ['ignore', 'ignore_ament_install']
[1.323s] Level 1:colcon.colcon_core.package_identification:_identify(.) by extension 'ignore'
[1.323s] Level 1:colcon.colcon_core.package_identification:_identify(.) by extension 'ignore_ament_install'
[1.323s] Level 1:colcon.colcon_core.package_identification:_identify(.) by extensions ['colcon_pkg']
[1.323s] Level 1:colcon.colcon_core.package_identification:_identify(.) by extension 'colcon_pkg'
[1.324s] Level 1:colcon.colcon_core.package_identification:_identify(.) by extensions ['colcon_meta']
[1.324s] Level 1:colcon.colcon_core.package_identification:_identify(.) by extension 'colcon_meta'
[1.324s] Level 1:colcon.colcon_core.package_identification:_identify(.) by extensions ['ros']
[1.324s] Level 1:colcon.colcon_core.package_identification:_identify(.) by extension 'ros'
[1.335s] Level 1:colcon.colcon_core.package_identification:_identify(.) by extensions ['cmake', 'python']
[1.336s] Level 1:colcon.colcon_core.package_identification:_identify(.) by extension 'cmake'
[1.336s] Level 1:colcon.colcon_core.package_identification:_identify(.) by extension 'python'
[1.336s] Level 1:colcon.colcon_core.package_identification:_identify(.) by extensions ['python_setup_py']
[1.336s] Level 1:colcon.colcon_core.package_identification:_identify(.) by extension 'python_setup_py'
[1.336s] Level 1:colcon.colcon_core.package_identification:_identify(build) by extensions ['ignore', 'ignore_ament_install']
[1.336s] Level 1:colcon.colcon_core.package_identification:_identify(build) by extension 'ignore'
[1.336s] Level 1:colcon.colcon_core.package_identification:_identify(build) ignored
[1.336s] Level 1:colcon.colcon_core.package_identification:_identify(install) by extensions ['ignore', 'ignore_ament_install']
[1.336s] Level 1:colcon.colcon_core.package_identification:_identify(install) by extension 'ignore'
[1.336s] Level 1:colcon.colcon_core.package_identification:_identify(install) ignored
[1.336s] Level 1:colcon.colcon_core.package_identification:_identify(log) by extensions ['ignore', 'ignore_ament_install']
[1.336s] Level 1:colcon.colcon_core.package_identification:_identify(log) by extension 'ignore'
[1.337s] Level 1:colcon.colcon_core.package_identification:_identify(log) ignored
[1.337s] Level 1:colcon.colcon_core.package_identification:_identify(src) by extensions ['ignore', 'ignore_ament_install']
[1.337s] Level 1:colcon.colcon_core.package_identification:_identify(src) by extension 'ignore'
[1.337s] Level 1:colcon.colcon_core.package_identification:_identify(src) by extension 'ignore_ament_install'
[1.337s] Level 1:colcon.colcon_core.package_identification:_identify(src) by extensions ['colcon_pkg']
[1.337s] Level 1:colcon.colcon_core.package_identification:_identify(src) by extension 'colcon_pkg'
[1.337s] Level 1:colcon.colcon_core.package_identification:_identify(src) by extensions ['colcon_meta']
[1.337s] Level 1:colcon.colcon_core.package_identification:_identify(src) by extension 'colcon_meta'
[1.337s] Level 1:colcon.colcon_core.package_identification:_identify(src) by extensions ['ros']
[1.337s] Level 1:colcon.colcon_core.package_identification:_identify(src) by extension 'ros'
[1.337s] Level 1:colcon.colcon_core.package_identification:_identify(src) by extensions ['cmake', 'python']
[1.337s] Level 1:colcon.colcon_core.package_identification:_identify(src) by extension 'cmake'
[1.337s] Level 1:colcon.colcon_core.package_identification:_identify(src) by extension 'python'
[1.337s] Level 1:colcon.colcon_core.package_identification:_identify(src) by extensions ['python_setup_py']
[1.337s] Level 1:colcon.colcon_core.package_identification:_identify(src) by extension 'python_setup_py'
[1.337s] Level 1:colcon.colcon_core.package_identification:_identify(src/my_cpp_pkg) by extensions ['ignore', 'ignore_ament_install']
[1.337s] Level 1:colcon.colcon_core.package_identification:_identify(src/my_cpp_pkg) by extension 'ignore'
[1.337s] Level 1:colcon.colcon_core.package_identification:_identify(src/my_cpp_pkg) by extension 'ignore_ament_install'
[1.337s] Level 1:colcon.colcon_core.package_identification:_identify(src/my_cpp_pkg) by extensions ['colcon_pkg']
[1.337s] Level 1:colcon.colcon_core.package_identification:_identify(src/my_cpp_pkg) by extension 'colcon_pkg'
[1.338s] Level 1:colcon.colcon_core.package_identification:_identify(src/my_cpp_pkg) by extensions ['colcon_meta']
[1.338s] Level 1:colcon.colcon_core.package_identification:_identify(src/my_cpp_pkg) by extension 'colcon_meta'
[1.338s] Level 1:colcon.colcon_core.package_identification:_identify(src/my_cpp_pkg) by extensions ['ros']
[1.338s] Level 1:colcon.colcon_core.package_identification:_identify(src/my_cpp_pkg) by extension 'ros'
[1.340s] DEBUG:colcon.colcon_core.package_identification:Package 'src/my_cpp_pkg' with type 'ros.ament_cmake' and name 'my_cpp_pkg'
[1.341s] Level 1:colcon.colcon_core.package_identification:_identify(src/my_py_pkg) by extensions ['ignore', 'ignore_ament_install']
[1.341s] Level 1:colcon.colcon_core.package_identification:_identify(src/my_py_pkg) by extension 'ignore'
[1.341s] Level 1:colcon.colcon_core.package_identification:_identify(src/my_py_pkg) by extension 'ignore_ament_install'
[1.341s] Level 1:colcon.colcon_core.package_identification:_identify(src/my_py_pkg) by extensions ['colcon_pkg']
[1.341s] Level 1:colcon.colcon_core.package_identification:_identify(src/my_py_pkg) by extension 'colcon_pkg'
[1.341s] Level 1:colcon.colcon_core.package_identification:_identify(src/my_py_pkg) by extensions ['colcon_meta']
[1.341s] Level 1:colcon.colcon_core.package_identification:_identify(src/my_py_pkg) by extension 'colcon_meta'
[1.341s] Level 1:colcon.colcon_core.package_identification:_identify(src/my_py_pkg) by extensions ['ros']
[1.341s] Level 1:colcon.colcon_core.package_identification:_identify(src/my_py_pkg) by extension 'ros'
[1.342s] DEBUG:colcon.colcon_core.package_identification:Package 'src/my_py_pkg' with type 'ros.ament_python' and name 'my_py_pkg'
[1.342s] Level 1:colcon.colcon_core.package_identification:_identify(src/my_robot_bringup) by extensions ['ignore', 'ignore_ament_install']
[1.342s] Level 1:colcon.colcon_core.package_identification:_identify(src/my_robot_bringup) by extension 'ignore'
[1.342s] Level 1:colcon.colcon_core.package_identification:_identify(src/my_robot_bringup) by extension 'ignore_ament_install'
[1.342s] Level 1:colcon.colcon_core.package_identification:_identify(src/my_robot_bringup) by extensions ['colcon_pkg']
[1.342s] Level 1:colcon.colcon_core.package_identification:_identify(src/my_robot_bringup) by extension 'colcon_pkg'
[1.342s] Level 1:colcon.colcon_core.package_identification:_identify(src/my_robot_bringup) by extensions ['colcon_meta']
[1.342s] Level 1:colcon.colcon_core.package_identification:_identify(src/my_robot_bringup) by extension 'colcon_meta'
[1.342s] Level 1:colcon.colcon_core.package_identification:_identify(src/my_robot_bringup) by extensions ['ros']
[1.342s] Level 1:colcon.colcon_core.package_identification:_identify(src/my_robot_bringup) by extension 'ros'
[1.343s] DEBUG:colcon.colcon_core.package_identification:Package 'src/my_robot_bringup' with type 'ros.ament_cmake' and name 'my_robot_bringup'
[1.343s] Level 1:colcon.colcon_core.package_identification:_identify(src/my_robot_interfaces) by extensions ['ignore', 'ignore_ament_install']
[1.343s] Level 1:colcon.colcon_core.package_identification:_identify(src/my_robot_interfaces) by extension 'ignore'
[1.343s] Level 1:colcon.colcon_core.package_identification:_identify(src/my_robot_interfaces) by extension 'ignore_ament_install'
[1.343s] Level 1:colcon.colcon_core.package_identification:_identify(src/my_robot_interfaces) by extensions ['colcon_pkg']
[1.343s] Level 1:colcon.colcon_core.package_identification:_identify(src/my_robot_interfaces) by extension 'colcon_pkg'
[1.343s] Level 1:colcon.colcon_core.package_identification:_identify(src/my_robot_interfaces) by extensions ['colcon_meta']
[1.343s] Level 1:colcon.colcon_core.package_identification:_identify(src/my_robot_interfaces) by extension 'colcon_meta'
[1.343s] Level 1:colcon.colcon_core.package_identification:_identify(src/my_robot_interfaces) by extensions ['ros']
[1.343s] Level 1:colcon.colcon_core.package_identification:_identify(src/my_robot_interfaces) by extension 'ros'
[1.344s] DEBUG:colcon.colcon_core.package_identification:Package 'src/my_robot_interfaces' with type 'ros.ament_cmake' and name 'my_robot_interfaces'
[1.344s] Level 1:colcon.colcon_core.package_identification:_identify(src/turtlesim_catch_them_all) by extensions ['ignore', 'ignore_ament_install']
[1.344s] Level 1:colcon.colcon_core.package_identification:_identify(src/turtlesim_catch_them_all) by extension 'ignore'
[1.344s] Level 1:colcon.colcon_core.package_identification:_identify(src/turtlesim_catch_them_all) by extension 'ignore_ament_install'
[1.344s] Level 1:colcon.colcon_core.package_identification:_identify(src/turtlesim_catch_them_all) by extensions ['colcon_pkg']
[1.344s] Level 1:colcon.colcon_core.package_identification:_identify(src/turtlesim_catch_them_all) by extension 'colcon_pkg'
[1.344s] Level 1:colcon.colcon_core.package_identification:_identify(src/turtlesim_catch_them_all) by extensions ['colcon_meta']
[1.344s] Level 1:colcon.colcon_core.package_identification:_identify(src/turtlesim_catch_them_all) by extension 'colcon_meta'
[1.344s] Level 1:colcon.colcon_core.package_identification:_identify(src/turtlesim_catch_them_all) by extensions ['ros']
[1.344s] Level 1:colcon.colcon_core.package_identification:_identify(src/turtlesim_catch_them_all) by extension 'ros'
[1.345s] DEBUG:colcon.colcon_core.package_identification:Package 'src/turtlesim_catch_them_all' with type 'ros.ament_python' and name 'turtlesim_catch_them_all'
[1.345s] Level 1:colcon.colcon_core.package_discovery:discover_packages(recursive) using defaults
[1.345s] Level 1:colcon.colcon_core.package_discovery:discover_packages(ignore) discover
[1.345s] Level 1:colcon.colcon_core.package_discovery:discover_packages(ignore) using defaults
[1.345s] Level 1:colcon.colcon_core.package_discovery:discover_packages(path) discover
[1.345s] Level 1:colcon.colcon_core.package_discovery:discover_packages(path) using defaults
[1.453s] Level 1:colcon.colcon_core.package_discovery:discover_packages(prefix_path) check parameters
[1.453s] Level 1:colcon.colcon_core.package_discovery:discover_packages(prefix_path) discover
[1.491s] DEBUG:colcon.colcon_installed_package_information.package_discovery:Found 10 installed packages in /home/anushka/voidwalking/ros2_ws/install
[1.524s] DEBUG:colcon.colcon_installed_package_information.package_discovery:Found 1 installed packages in /home/anushka/anu_ws/install
[1.540s] DEBUG:colcon.colcon_installed_package_information.package_discovery:Found 2 installed packages in /home/anushka/eric_ws/install
[1.556s] DEBUG:colcon.colcon_installed_package_information.package_discovery:Found 5 installed packages in /home/anushka/ros2_ws/install
[1.575s] DEBUG:colcon.colcon_installed_package_information.package_discovery:Found 407 installed packages in /opt/ros/humble
[1.577s] Level 1:colcon.colcon_core.package_discovery:discover_packages(prefix_path) using defaults
[1.704s] Level 5:colcon.colcon_core.verb:set package 'my_robot_interfaces' build argument 'cmake_args' from command line to 'None'
[1.704s] Level 5:colcon.colcon_core.verb:set package 'my_robot_interfaces' build argument 'cmake_target' from command line to 'None'
[1.704s] Level 5:colcon.colcon_core.verb:set package 'my_robot_interfaces' build argument 'cmake_target_skip_unavailable' from command line to 'False'
[1.704s] Level 5:colcon.colcon_core.verb:set package 'my_robot_interfaces' build argument 'cmake_clean_cache' from command line to 'False'
[1.704s] Level 5:colcon.colcon_core.verb:set package 'my_robot_interfaces' build argument 'cmake_clean_first' from command line to 'False'
[1.704s] Level 5:colcon.colcon_core.verb:set package 'my_robot_interfaces' build argument 'cmake_force_configure' from command line to 'False'
[1.704s] Level 5:colcon.colcon_core.verb:set package 'my_robot_interfaces' build argument 'ament_cmake_args' from command line to 'None'
[1.704s] Level 5:colcon.colcon_core.verb:set package 'my_robot_interfaces' build argument 'catkin_cmake_args' from command line to 'None'
[1.704s] Level 5:colcon.colcon_core.verb:set package 'my_robot_interfaces' build argument 'catkin_skip_building_tests' from command line to 'False'
[1.704s] DEBUG:colcon.colcon_core.verb:Building package 'my_robot_interfaces' with the following arguments: {'ament_cmake_args': None, 'build_base': '/home/anushka/ros2_ws/build/my_robot_interfaces', 'catkin_cmake_args': None, 'catkin_skip_building_tests': False, 'cmake_args': None, 'cmake_clean_cache': False, 'cmake_clean_first': False, 'cmake_force_configure': False, 'cmake_target': None, 'cmake_target_skip_unavailable': False, 'install_base': '/home/anushka/ros2_ws/install/my_robot_interfaces', 'merge_install': False, 'path': '/home/anushka/ros2_ws/src/my_robot_interfaces', 'symlink_install': False, 'test_result_base': None}
[1.722s] Level 5:colcon.colcon_core.verb:set package 'my_cpp_pkg' build argument 'cmake_args' from command line to 'None'
[1.722s] Level 5:colcon.colcon_core.verb:set package 'my_cpp_pkg' build argument 'cmake_target' from command line to 'None'
[1.722s] Level 5:colcon.colcon_core.verb:set package 'my_cpp_pkg' build argument 'cmake_target_skip_unavailable' from command line to 'False'
[1.722s] Level 5:colcon.colcon_core.verb:set package 'my_cpp_pkg' build argument 'cmake_clean_cache' from command line to 'False'
[1.722s] Level 5:colcon.colcon_core.verb:set package 'my_cpp_pkg' build argument 'cmake_clean_first' from command line to 'False'
[1.722s] Level 5:colcon.colcon_core.verb:set package 'my_cpp_pkg' build argument 'cmake_force_configure' from command line to 'False'
[1.722s] Level 5:colcon.colcon_core.verb:set package 'my_cpp_pkg' build argument 'ament_cmake_args' from command line to 'None'
[1.722s] Level 5:colcon.colcon_core.verb:set package 'my_cpp_pkg' build argument 'catkin_cmake_args' from command line to 'None'
[1.722s] Level 5:colcon.colcon_core.verb:set package 'my_cpp_pkg' build argument 'catkin_skip_building_tests' from command line to 'False'
[1.722s] DEBUG:colcon.colcon_core.verb:Building package 'my_cpp_pkg' with the following arguments: {'ament_cmake_args': None, 'build_base': '/home/anushka/ros2_ws/build/my_cpp_pkg', 'catkin_cmake_args': None, 'catkin_skip_building_tests': False, 'cmake_args': None, 'cmake_clean_cache': False, 'cmake_clean_first': False, 'cmake_force_configure': False, 'cmake_target': None, 'cmake_target_skip_unavailable': False, 'install_base': '/home/anushka/ros2_ws/install/my_cpp_pkg', 'merge_install': False, 'path': '/home/anushka/ros2_ws/src/my_cpp_pkg', 'symlink_install': False, 'test_result_base': None}
[1.739s] Level 5:colcon.colcon_core.verb:set package 'my_py_pkg' build argument 'cmake_args' from command line to 'None'
[1.739s] Level 5:colcon.colcon_core.verb:set package 'my_py_pkg' build argument 'cmake_target' from command line to 'None'
[1.739s] Level 5:colcon.colcon_core.verb:set package 'my_py_pkg' build argument 'cmake_target_skip_unavailable' from command line to 'False'
[1.739s] Level 5:colcon.colcon_core.verb:set package 'my_py_pkg' build argument 'cmake_clean_cache' from command line to 'False'
[1.739s] Level 5:colcon.colcon_core.verb:set package 'my_py_pkg' build argument 'cmake_clean_first' from command line to 'False'
[1.739s] Level 5:colcon.colcon_core.verb:set package 'my_py_pkg' build argument 'cmake_force_configure' from command line to 'False'
[1.739s] Level 5:colcon.colcon_core.verb:set package 'my_py_pkg' build argument 'ament_cmake_args' from command line to 'None'
[1.739s] Level 5:colcon.colcon_core.verb:set package 'my_py_pkg' build argument 'catkin_cmake_args' from command line to 'None'
[1.739s] Level 5:colcon.colcon_core.verb:set package 'my_py_pkg' build argument 'catkin_skip_building_tests' from command line to 'False'
[1.739s] DEBUG:colcon.colcon_core.verb:Building package 'my_py_pkg' with the following arguments: {'ament_cmake_args': None, 'build_base': '/home/anushka/ros2_ws/build/my_py_pkg', 'catkin_cmake_args': None, 'catkin_skip_building_tests': False, 'cmake_args': None, 'cmake_clean_cache': False, 'cmake_clean_first': False, 'cmake_force_configure': False, 'cmake_target': None, 'cmake_target_skip_unavailable': False, 'install_base': '/home/anushka/ros2_ws/install/my_py_pkg', 'merge_install': False, 'path': '/home/anushka/ros2_ws/src/my_py_pkg', 'symlink_install': False, 'test_result_base': None}
[1.757s] Level 5:colcon.colcon_core.verb:set package 'turtlesim_catch_them_all' build argument 'cmake_args' from command line to 'None'
[1.757s] Level 5:colcon.colcon_core.verb:set package 'turtlesim_catch_them_all' build argument 'cmake_target' from command line to 'None'
[1.757s] Level 5:colcon.colcon_core.verb:set package 'turtlesim_catch_them_all' build argument 'cmake_target_skip_unavailable' from command line to 'False'
[1.757s] Level 5:colcon.colcon_core.verb:set package 'turtlesim_catch_them_all' build argument 'cmake_clean_cache' from command line to 'False'
[1.757s] Level 5:colcon.colcon_core.verb:set package 'turtlesim_catch_them_all' build argument 'cmake_clean_first' from command line to 'False'
[1.757s] Level 5:colcon.colcon_core.verb:set package 'turtlesim_catch_them_all' build argument 'cmake_force_configure' from command line to 'False'
[1.757s] Level 5:colcon.colcon_core.verb:set package 'turtlesim_catch_them_all' build argument 'ament_cmake_args' from command line to 'None'
[1.757s] Level 5:colcon.colcon_core.verb:set package 'turtlesim_catch_them_all' build argument 'catkin_cmake_args' from command line to 'None'
[1.757s] Level 5:colcon.colcon_core.verb:set package 'turtlesim_catch_them_all' build argument 'catkin_skip_building_tests' from command line to 'False'
[1.757s] DEBUG:colcon.colcon_core.verb:Building package 'turtlesim_catch_them_all' with the following arguments: {'ament_cmake_args': None, 'build_base': '/home/anushka/ros2_ws/build/turtlesim_catch_them_all', 'catkin_cmake_args': None, 'catkin_skip_building_tests': False, 'cmake_args': None, 'cmake_clean_cache': False, 'cmake_clean_first': False, 'cmake_force_configure': False, 'cmake_target': None, 'cmake_target_skip_unavailable': False, 'install_base': '/home/anushka/ros2_ws/install/turtlesim_catch_them_all', 'merge_install': False, 'path': '/home/anushka/ros2_ws/src/turtlesim_catch_them_all', 'symlink_install': False, 'test_result_base': None}
[1.774s] Level 5:colcon.colcon_core.verb:set package 'my_robot_bringup' build argument 'cmake_args' from command line to 'None'
[1.774s] Level 5:colcon.colcon_core.verb:set package 'my_robot_bringup' build argument 'cmake_target' from command line to 'None'
[1.774s] Level 5:colcon.colcon_core.verb:set package 'my_robot_bringup' build argument 'cmake_target_skip_unavailable' from command line to 'False'
[1.774s] Level 5:colcon.colcon_core.verb:set package 'my_robot_bringup' build argument 'cmake_clean_cache' from command line to 'False'
[1.774s] Level 5:colcon.colcon_core.verb:set package 'my_robot_bringup' build argument 'cmake_clean_first' from command line to 'False'
[1.774s] Level 5:colcon.colcon_core.verb:set package 'my_robot_bringup' build argument 'cmake_force_configure' from command line to 'False'
[1.774s] Level 5:colcon.colcon_core.verb:set package 'my_robot_bringup' build argument 'ament_cmake_args' from command line to 'None'
[1.774s] Level 5:colcon.colcon_core.verb:set package 'my_robot_bringup' build argument 'catkin_cmake_args' from command line to 'None'
[1.774s] Level 5:colcon.colcon_core.verb:set package 'my_robot_bringup' build argument 'catkin_skip_building_tests' from command line to 'False'
[1.774s] DEBUG:colcon.colcon_core.verb:Building package 'my_robot_bringup' with the following arguments: {'ament_cmake_args': None, 'build_base': '/home/anushka/ros2_ws/build/my_robot_bringup', 'catkin_cmake_args': None, 'catkin_skip_building_tests': False, 'cmake_args': None, 'cmake_clean_cache': False, 'cmake_clean_first': False, 'cmake_force_configure': False, 'cmake_target': None, 'cmake_target_skip_unavailable': False, 'install_base': '/home/anushka/ros2_ws/install/my_robot_bringup', 'merge_install': False, 'path': '/home/anushka/ros2_ws/src/my_robot_bringup', 'symlink_install': False, 'test_result_base': None}
[1.791s] INFO:colcon.colcon_core.executor:Executing jobs using 'parallel' executor
[1.809s] DEBUG:colcon.colcon_parallel_executor.executor.parallel:run_until_complete
[1.809s] INFO:colcon.colcon_ros.task.ament_cmake.build:Building ROS package in '/home/anushka/ros2_ws/src/my_robot_interfaces' with build type 'ament_cmake'
[1.809s] INFO:colcon.colcon_cmake.task.cmake.build:Building CMake package in '/home/anushka/ros2_ws/src/my_robot_interfaces'
[1.830s] INFO:colcon.colcon_core.plugin_system:Skipping extension 'colcon_core.shell.bat': Not used on non-Windows systems
[1.830s] INFO:colcon.colcon_core.shell:Skip shell extension 'powershell' for command environment: Not usable outside of PowerShell
[1.830s] DEBUG:colcon.colcon_core.shell:Skip shell extension 'dsv' for command environment
[1.952s] DEBUG:colcon.colcon_core.event_handler.log_command:Invoking command in '/home/anushka/ros2_ws/build/my_robot_interfaces': CMAKE_PREFIX_PATH=${CMAKE_PREFIX_PATH}:/home/anushka/ros2_ws/install/turtlesim_catch_them_all:/home/anushka/ros2_ws/install/my_py_pkg:/home/anushka/voidwalking/ros2_ws/install/waypoints:/home/anushka/anu_ws/install/servo_controller:/home/anushka/eric_ws/install/camera_pkg_p:/opt/ros/humble /usr/bin/cmake --build /home/anushka/ros2_ws/build/my_robot_interfaces -- -j8 -l8
[2.393s] DEBUG:colcon.colcon_core.event_handler.log_command:Invoked command in '/home/anushka/ros2_ws/build/my_robot_interfaces' returned '0': CMAKE_PREFIX_PATH=${CMAKE_PREFIX_PATH}:/home/anushka/ros2_ws/install/turtlesim_catch_them_all:/home/anushka/ros2_ws/install/my_py_pkg:/home/anushka/voidwalking/ros2_ws/install/waypoints:/home/anushka/anu_ws/install/servo_controller:/home/anushka/eric_ws/install/camera_pkg_p:/opt/ros/humble /usr/bin/cmake --build /home/anushka/ros2_ws/build/my_robot_interfaces -- -j8 -l8
[2.659s] DEBUG:colcon.colcon_core.event_handler.log_command:Invoking command in '/home/anushka/ros2_ws/build/my_robot_interfaces': CMAKE_PREFIX_PATH=${CMAKE_PREFIX_PATH}:/home/anushka/ros2_ws/install/turtlesim_catch_them_all:/home/anushka/ros2_ws/install/my_py_pkg:/home/anushka/voidwalking/ros2_ws/install/waypoints:/home/anushka/anu_ws/install/servo_controller:/home/anushka/eric_ws/install/camera_pkg_p:/opt/ros/humble /usr/bin/cmake --install /home/anushka/ros2_ws/build/my_robot_interfaces
[2.740s] Level 1:colcon.colcon_core.environment:create_environment_scripts_only(my_robot_interfaces)
[2.741s] DEBUG:colcon.colcon_core.event_handler.log_command:Invoked command in '/home/anushka/ros2_ws/build/my_robot_interfaces' returned '0': CMAKE_PREFIX_PATH=${CMAKE_PREFIX_PATH}:/home/anushka/ros2_ws/install/turtlesim_catch_them_all:/home/anushka/ros2_ws/install/my_py_pkg:/home/anushka/voidwalking/ros2_ws/install/waypoints:/home/anushka/anu_ws/install/servo_controller:/home/anushka/eric_ws/install/camera_pkg_p:/opt/ros/humble /usr/bin/cmake --install /home/anushka/ros2_ws/build/my_robot_interfaces
[2.762s] Level 1:colcon.colcon_core.environment:checking '/home/anushka/ros2_ws/install/my_robot_interfaces' for CMake module files
[2.762s] Level 1:colcon.colcon_core.environment:checking '/home/anushka/ros2_ws/install/my_robot_interfaces' for CMake config files
[2.763s] Level 1:colcon.colcon_core.shell:create_environment_hook('my_robot_interfaces', 'cmake_prefix_path')
[2.781s] INFO:colcon.colcon_core.shell:Creating environment hook '/home/anushka/ros2_ws/install/my_robot_interfaces/share/my_robot_interfaces/hook/cmake_prefix_path.ps1'
[2.782s] INFO:colcon.colcon_core.shell:Creating environment descriptor '/home/anushka/ros2_ws/install/my_robot_interfaces/share/my_robot_interfaces/hook/cmake_prefix_path.dsv'
[2.783s] INFO:colcon.colcon_core.shell:Creating environment hook '/home/anushka/ros2_ws/install/my_robot_interfaces/share/my_robot_interfaces/hook/cmake_prefix_path.sh'
[2.784s] Level 1:colcon.colcon_core.environment:checking '/home/anushka/ros2_ws/install/my_robot_interfaces/lib'
[2.784s] Level 1:colcon.colcon_core.shell:create_environment_hook('my_robot_interfaces', 'ld_library_path_lib')
[2.805s] INFO:colcon.colcon_core.shell:Creating environment hook '/home/anushka/ros2_ws/install/my_robot_interfaces/share/my_robot_interfaces/hook/ld_library_path_lib.ps1'
[2.806s] INFO:colcon.colcon_core.shell:Creating environment descriptor '/home/anushka/ros2_ws/install/my_robot_interfaces/share/my_robot_interfaces/hook/ld_library_path_lib.dsv'
[2.807s] INFO:colcon.colcon_core.shell:Creating environment hook '/home/anushka/ros2_ws/install/my_robot_interfaces/share/my_robot_interfaces/hook/ld_library_path_lib.sh'
[2.807s] Level 1:colcon.colcon_core.environment:checking '/home/anushka/ros2_ws/install/my_robot_interfaces/bin'
[2.807s] Level 1:colcon.colcon_core.environment:checking '/home/anushka/ros2_ws/install/my_robot_interfaces/lib/pkgconfig/my_robot_interfaces.pc'
[2.807s] Level 1:colcon.colcon_core.environment:checking '/home/anushka/ros2_ws/install/my_robot_interfaces/lib/python3.10/site-packages'
[2.808s] Level 1:colcon.colcon_core.environment:checking '/home/anushka/ros2_ws/install/my_robot_interfaces/bin'
[2.826s] INFO:colcon.colcon_core.shell:Creating package script '/home/anushka/ros2_ws/install/my_robot_interfaces/share/my_robot_interfaces/package.ps1'
[2.828s] INFO:colcon.colcon_core.shell:Creating package descriptor '/home/anushka/ros2_ws/install/my_robot_interfaces/share/my_robot_interfaces/package.dsv'
[2.829s] INFO:colcon.colcon_core.shell:Creating package script '/home/anushka/ros2_ws/install/my_robot_interfaces/share/my_robot_interfaces/package.sh'
[2.830s] INFO:colcon.colcon_core.shell:Creating package script '/home/anushka/ros2_ws/install/my_robot_interfaces/share/my_robot_interfaces/package.bash'
[2.831s] INFO:colcon.colcon_core.shell:Creating package script '/home/anushka/ros2_ws/install/my_robot_interfaces/share/my_robot_interfaces/package.zsh'
[2.831s] Level 1:colcon.colcon_core.environment:create_file_with_runtime_dependencies(/home/anushka/ros2_ws/install/my_robot_interfaces/share/colcon-core/packages/my_robot_interfaces)
[3.098s] Level 1:colcon.colcon_core.environment:create_environment_scripts_only(my_robot_interfaces)
[3.117s] Level 1:colcon.colcon_core.environment:checking '/home/anushka/ros2_ws/install/my_robot_interfaces' for CMake module files
[3.118s] Level 1:colcon.colcon_core.environment:checking '/home/anushka/ros2_ws/install/my_robot_interfaces' for CMake config files
[3.119s] Level 1:colcon.colcon_core.shell:create_environment_hook('my_robot_interfaces', 'cmake_prefix_path')
[3.137s] INFO:colcon.colcon_core.shell:Creating environment hook '/home/anushka/ros2_ws/install/my_robot_interfaces/share/my_robot_interfaces/hook/cmake_prefix_path.ps1'
[3.137s] INFO:colcon.colcon_core.shell:Creating environment descriptor '/home/anushka/ros2_ws/install/my_robot_interfaces/share/my_robot_interfaces/hook/cmake_prefix_path.dsv'
[3.138s] INFO:colcon.colcon_core.shell:Creating environment hook '/home/anushka/ros2_ws/install/my_robot_interfaces/share/my_robot_interfaces/hook/cmake_prefix_path.sh'
[3.138s] Level 1:colcon.colcon_core.environment:checking '/home/anushka/ros2_ws/install/my_robot_interfaces/lib'
[3.138s] Level 1:colcon.colcon_core.shell:create_environment_hook('my_robot_interfaces', 'ld_library_path_lib')
[3.156s] INFO:colcon.colcon_core.shell:Creating environment hook '/home/anushka/ros2_ws/install/my_robot_interfaces/share/my_robot_interfaces/hook/ld_library_path_lib.ps1'
[3.157s] INFO:colcon.colcon_core.shell:Creating environment descriptor '/home/anushka/ros2_ws/install/my_robot_interfaces/share/my_robot_interfaces/hook/ld_library_path_lib.dsv'
[3.157s] INFO:colcon.colcon_core.shell:Creating environment hook '/home/anushka/ros2_ws/install/my_robot_interfaces/share/my_robot_interfaces/hook/ld_library_path_lib.sh'
[3.158s] Level 1:colcon.colcon_core.environment:checking '/home/anushka/ros2_ws/install/my_robot_interfaces/bin'
[3.158s] Level 1:colcon.colcon_core.environment:checking '/home/anushka/ros2_ws/install/my_robot_interfaces/lib/pkgconfig/my_robot_interfaces.pc'
[3.158s] Level 1:colcon.colcon_core.environment:checking '/home/anushka/ros2_ws/install/my_robot_interfaces/lib/python3.10/site-packages'
[3.158s] Level 1:colcon.colcon_core.environment:checking '/home/anushka/ros2_ws/install/my_robot_interfaces/bin'
[3.177s] INFO:colcon.colcon_core.shell:Creating package script '/home/anushka/ros2_ws/install/my_robot_interfaces/share/my_robot_interfaces/package.ps1'
[3.177s] INFO:colcon.colcon_core.shell:Creating package descriptor '/home/anushka/ros2_ws/install/my_robot_interfaces/share/my_robot_interfaces/package.dsv'
[3.178s] INFO:colcon.colcon_core.shell:Creating package script '/home/anushka/ros2_ws/install/my_robot_interfaces/share/my_robot_interfaces/package.sh'
[3.178s] INFO:colcon.colcon_core.shell:Creating package script '/home/anushka/ros2_ws/install/my_robot_interfaces/share/my_robot_interfaces/package.bash'
[3.179s] INFO:colcon.colcon_core.shell:Creating package script '/home/anushka/ros2_ws/install/my_robot_interfaces/share/my_robot_interfaces/package.zsh'
[3.179s] Level 1:colcon.colcon_core.environment:create_file_with_runtime_dependencies(/home/anushka/ros2_ws/install/my_robot_interfaces/share/colcon-core/packages/my_robot_interfaces)
[3.180s] INFO:colcon.colcon_ros.task.ament_cmake.build:Building ROS package in '/home/anushka/ros2_ws/src/my_cpp_pkg' with build type 'ament_cmake'
[3.180s] INFO:colcon.colcon_cmake.task.cmake.build:Building CMake package in '/home/anushka/ros2_ws/src/my_cpp_pkg'
[3.198s] INFO:colcon.colcon_core.shell:Skip shell extension 'powershell' for command environment: Not usable outside of PowerShell
[3.199s] DEBUG:colcon.colcon_core.shell:Skip shell extension 'dsv' for command environment
[3.308s] INFO:colcon.colcon_ros.task.ament_python.build:Building ROS package in '/home/anushka/ros2_ws/src/my_py_pkg' with build type 'ament_python'
[3.308s] Level 1:colcon.colcon_core.shell:create_environment_hook('my_py_pkg', 'ament_prefix_path')
[3.324s] INFO:colcon.colcon_core.shell:Creating environment hook '/home/anushka/ros2_ws/install/my_py_pkg/share/my_py_pkg/hook/ament_prefix_path.ps1'
[3.325s] INFO:colcon.colcon_core.shell:Creating environment descriptor '/home/anushka/ros2_ws/install/my_py_pkg/share/my_py_pkg/hook/ament_prefix_path.dsv'
[3.325s] INFO:colcon.colcon_core.shell:Creating environment hook '/home/anushka/ros2_ws/install/my_py_pkg/share/my_py_pkg/hook/ament_prefix_path.sh'
[3.344s] INFO:colcon.colcon_core.shell:Skip shell extension 'powershell' for command environment: Not usable outside of PowerShell
[3.344s] DEBUG:colcon.colcon_core.shell:Skip shell extension 'dsv' for command environment
[3.453s] INFO:colcon.colcon_ros.task.ament_python.build:Building ROS package in '/home/anushka/ros2_ws/src/turtlesim_catch_them_all' with build type 'ament_python'
[3.453s] Level 1:colcon.colcon_core.shell:create_environment_hook('turtlesim_catch_them_all', 'ament_prefix_path')
[3.471s] INFO:colcon.colcon_core.shell:Creating environment hook '/home/anushka/ros2_ws/install/turtlesim_catch_them_all/share/turtlesim_catch_them_all/hook/ament_prefix_path.ps1'
[3.472s] INFO:colcon.colcon_core.shell:Creating environment descriptor '/home/anushka/ros2_ws/install/turtlesim_catch_them_all/share/turtlesim_catch_them_all/hook/ament_prefix_path.dsv'
[3.472s] INFO:colcon.colcon_core.shell:Creating environment hook '/home/anushka/ros2_ws/install/turtlesim_catch_them_all/share/turtlesim_catch_them_all/hook/ament_prefix_path.sh'
[3.490s] INFO:colcon.colcon_core.shell:Skip shell extension 'powershell' for command environment: Not usable outside of PowerShell
[3.490s] DEBUG:colcon.colcon_core.shell:Skip shell extension 'dsv' for command environment
[3.625s] DEBUG:colcon.colcon_core.event_handler.log_command:Invoking command in '/home/anushka/ros2_ws/build/my_cpp_pkg': CMAKE_PREFIX_PATH=/home/anushka/ros2_ws/install/my_robot_interfaces:/home/anushka/ros2_ws/install/my_robot_bringup:/home/anushka/ros2_ws/install/my_cpp_pkg:/home/anushka/voidwalking/ros2_ws/install/void_tests:/home/anushka/voidwalking/ros2_ws/install/turtlebot_test:/home/anushka/voidwalking/ros2_ws/install/spatio_temporal_voxel_layer:/home/anushka/voidwalking/ros2_ws/install/main:/home/anushka/voidwalking/ros2_ws/install/simulation:/home/anushka/voidwalking/ros2_ws/install/rviz_satellite:/home/anushka/voidwalking/ros2_ws/install/obstacle_avoidance:/home/anushka/voidwalking/ros2_ws/install/nav2_turtlebot3:/home/anushka/voidwalking/ros2_ws/install/mapping:/home/anushka/eric_ws/install/vid_interface:/home/anushka/ros2_ws/install/turtlesim_catch_them_all:/home/anushka/ros2_ws/install/my_py_pkg:/home/anushka/voidwalking/ros2_ws/install/waypoints:/home/anushka/anu_ws/install/servo_controller:/home/anushka/eric_ws/install/camera_pkg_p:/opt/ros/humble /usr/bin/cmake --build /home/anushka/ros2_ws/build/my_cpp_pkg -- -j8 -l8
[3.961s] INFO:colcon.colcon_core.task.python.build:Building Python package in '/home/anushka/ros2_ws/src/my_py_pkg'
[3.978s] INFO:colcon.colcon_core.shell:Skip shell extension 'powershell' for command environment: Not usable outside of PowerShell
[3.979s] DEBUG:colcon.colcon_core.shell:Skip shell extension 'dsv' for command environment
[4.467s] INFO:colcon.colcon_core.task.python.build:Building Python package in '/home/anushka/ros2_ws/src/turtlesim_catch_them_all'
[4.486s] INFO:colcon.colcon_core.shell:Skip shell extension 'powershell' for command environment: Not usable outside of PowerShell
[4.486s] DEBUG:colcon.colcon_core.shell:Skip shell extension 'dsv' for command environment
[4.612s] DEBUG:colcon.colcon_core.event_handler.log_command:Invoked command in '/home/anushka/ros2_ws/build/my_cpp_pkg' returned '0': CMAKE_PREFIX_PATH=/home/anushka/ros2_ws/install/my_robot_interfaces:/home/anushka/ros2_ws/install/my_robot_bringup:/home/anushka/ros2_ws/install/my_cpp_pkg:/home/anushka/voidwalking/ros2_ws/install/void_tests:/home/anushka/voidwalking/ros2_ws/install/turtlebot_test:/home/anushka/voidwalking/ros2_ws/install/spatio_temporal_voxel_layer:/home/anushka/voidwalking/ros2_ws/install/main:/home/anushka/voidwalking/ros2_ws/install/simulation:/home/anushka/voidwalking/ros2_ws/install/rviz_satellite:/home/anushka/voidwalking/ros2_ws/install/obstacle_avoidance:/home/anushka/voidwalking/ros2_ws/install/nav2_turtlebot3:/home/anushka/voidwalking/ros2_ws/install/mapping:/home/anushka/eric_ws/install/vid_interface:/home/anushka/ros2_ws/install/turtlesim_catch_them_all:/home/anushka/ros2_ws/install/my_py_pkg:/home/anushka/voidwalking/ros2_ws/install/waypoints:/home/anushka/anu_ws/install/servo_controller:/home/anushka/eric_ws/install/camera_pkg_p:/opt/ros/humble /usr/bin/cmake --build /home/anushka/ros2_ws/build/my_cpp_pkg -- -j8 -l8
[4.713s] DEBUG:colcon.colcon_core.event_handler.log_command:Invoking command in '/home/anushka/ros2_ws/build/my_cpp_pkg': CMAKE_PREFIX_PATH=/home/anushka/ros2_ws/install/my_robot_interfaces:/home/anushka/ros2_ws/install/my_robot_bringup:/home/anushka/ros2_ws/install/my_cpp_pkg:/home/anushka/voidwalking/ros2_ws/install/void_tests:/home/anushka/voidwalking/ros2_ws/install/turtlebot_test:/home/anushka/voidwalking/ros2_ws/install/spatio_temporal_voxel_layer:/home/anushka/voidwalking/ros2_ws/install/main:/home/anushka/voidwalking/ros2_ws/install/simulation:/home/anushka/voidwalking/ros2_ws/install/rviz_satellite:/home/anushka/voidwalking/ros2_ws/install/obstacle_avoidance:/home/anushka/voidwalking/ros2_ws/install/nav2_turtlebot3:/home/anushka/voidwalking/ros2_ws/install/mapping:/home/anushka/eric_ws/install/vid_interface:/home/anushka/ros2_ws/install/turtlesim_catch_them_all:/home/anushka/ros2_ws/install/my_py_pkg:/home/anushka/voidwalking/ros2_ws/install/waypoints:/home/anushka/anu_ws/install/servo_controller:/home/anushka/eric_ws/install/camera_pkg_p:/opt/ros/humble /usr/bin/cmake --install /home/anushka/ros2_ws/build/my_cpp_pkg
[4.729s] Level 1:colcon.colcon_core.environment:create_environment_scripts_only(my_cpp_pkg)
[4.740s] DEBUG:colcon.colcon_core.event_handler.log_command:Invoked command in '/home/anushka/ros2_ws/build/my_cpp_pkg' returned '0': CMAKE_PREFIX_PATH=/home/anushka/ros2_ws/install/my_robot_interfaces:/home/anushka/ros2_ws/install/my_robot_bringup:/home/anushka/ros2_ws/install/my_cpp_pkg:/home/anushka/voidwalking/ros2_ws/install/void_tests:/home/anushka/voidwalking/ros2_ws/install/turtlebot_test:/home/anushka/voidwalking/ros2_ws/install/spatio_temporal_voxel_layer:/home/anushka/voidwalking/ros2_ws/install/main:/home/anushka/voidwalking/ros2_ws/install/simulation:/home/anushka/voidwalking/ros2_ws/install/rviz_satellite:/home/anushka/voidwalking/ros2_ws/install/obstacle_avoidance:/home/anushka/voidwalking/ros2_ws/install/nav2_turtlebot3:/home/anushka/voidwalking/ros2_ws/install/mapping:/home/anushka/eric_ws/install/vid_interface:/home/anushka/ros2_ws/install/turtlesim_catch_them_all:/home/anushka/ros2_ws/install/my_py_pkg:/home/anushka/voidwalking/ros2_ws/install/waypoints:/home/anushka/anu_ws/install/servo_controller:/home/anushka/eric_ws/install/camera_pkg_p:/opt/ros/humble /usr/bin/cmake --install /home/anushka/ros2_ws/build/my_cpp_pkg
[4.750s] Level 1:colcon.colcon_core.environment:checking '/home/anushka/ros2_ws/install/my_cpp_pkg' for CMake module files
[4.751s] Level 1:colcon.colcon_core.environment:checking '/home/anushka/ros2_ws/install/my_cpp_pkg' for CMake config files
[4.751s] Level 1:colcon.colcon_core.shell:create_environment_hook('my_cpp_pkg', 'cmake_prefix_path')
[4.769s] INFO:colcon.colcon_core.shell:Creating environment hook '/home/anushka/ros2_ws/install/my_cpp_pkg/share/my_cpp_pkg/hook/cmake_prefix_path.ps1'
[4.770s] INFO:colcon.colcon_core.shell:Creating environment descriptor '/home/anushka/ros2_ws/install/my_cpp_pkg/share/my_cpp_pkg/hook/cmake_prefix_path.dsv'
[4.770s] INFO:colcon.colcon_core.shell:Creating environment hook '/home/anushka/ros2_ws/install/my_cpp_pkg/share/my_cpp_pkg/hook/cmake_prefix_path.sh'
[4.771s] Level 1:colcon.colcon_core.environment:checking '/home/anushka/ros2_ws/install/my_cpp_pkg/lib'
[4.771s] Level 1:colcon.colcon_core.environment:checking '/home/anushka/ros2_ws/install/my_cpp_pkg/bin'
[4.771s] Level 1:colcon.colcon_core.environment:checking '/home/anushka/ros2_ws/install/my_cpp_pkg/lib/pkgconfig/my_cpp_pkg.pc'
[4.771s] Level 1:colcon.colcon_core.environment:checking '/home/anushka/ros2_ws/install/my_cpp_pkg/lib/python3.10/site-packages'
[4.771s] Level 1:colcon.colcon_core.environment:checking '/home/anushka/ros2_ws/install/my_cpp_pkg/bin'
[4.790s] INFO:colcon.colcon_core.shell:Creating package script '/home/anushka/ros2_ws/install/my_cpp_pkg/share/my_cpp_pkg/package.ps1'
[4.791s] INFO:colcon.colcon_core.shell:Creating package descriptor '/home/anushka/ros2_ws/install/my_cpp_pkg/share/my_cpp_pkg/package.dsv'
[4.792s] INFO:colcon.colcon_core.shell:Creating package script '/home/anushka/ros2_ws/install/my_cpp_pkg/share/my_cpp_pkg/package.sh'
[4.792s] INFO:colcon.colcon_core.shell:Creating package script '/home/anushka/ros2_ws/install/my_cpp_pkg/share/my_cpp_pkg/package.bash'
[4.792s] INFO:colcon.colcon_core.shell:Creating package script '/home/anushka/ros2_ws/install/my_cpp_pkg/share/my_cpp_pkg/package.zsh'
[4.793s] Level 1:colcon.colcon_core.environment:create_file_with_runtime_dependencies(/home/anushka/ros2_ws/install/my_cpp_pkg/share/colcon-core/packages/my_cpp_pkg)
[4.892s] Level 1:colcon.colcon_core.environment:create_environment_scripts_only(my_cpp_pkg)
[4.912s] Level 1:colcon.colcon_core.environment:checking '/home/anushka/ros2_ws/install/my_cpp_pkg' for CMake module files
[4.913s] Level 1:colcon.colcon_core.environment:checking '/home/anushka/ros2_ws/install/my_cpp_pkg' for CMake config files
[4.914s] Level 1:colcon.colcon_core.shell:create_environment_hook('my_cpp_pkg', 'cmake_prefix_path')
[4.931s] INFO:colcon.colcon_core.shell:Creating environment hook '/home/anushka/ros2_ws/install/my_cpp_pkg/share/my_cpp_pkg/hook/cmake_prefix_path.ps1'
[4.932s] INFO:colcon.colcon_core.shell:Creating environment descriptor '/home/anushka/ros2_ws/install/my_cpp_pkg/share/my_cpp_pkg/hook/cmake_prefix_path.dsv'
[4.933s] INFO:colcon.colcon_core.shell:Creating environment hook '/home/anushka/ros2_ws/install/my_cpp_pkg/share/my_cpp_pkg/hook/cmake_prefix_path.sh'
[4.934s] Level 1:colcon.colcon_core.environment:checking '/home/anushka/ros2_ws/install/my_cpp_pkg/lib'
[4.934s] Level 1:colcon.colcon_core.environment:checking '/home/anushka/ros2_ws/install/my_cpp_pkg/bin'
[4.934s] Level 1:colcon.colcon_core.environment:checking '/home/anushka/ros2_ws/install/my_cpp_pkg/lib/pkgconfig/my_cpp_pkg.pc'
[4.934s] Level 1:colcon.colcon_core.environment:checking '/home/anushka/ros2_ws/install/my_cpp_pkg/lib/python3.10/site-packages'
[4.934s] Level 1:colcon.colcon_core.environment:checking '/home/anushka/ros2_ws/install/my_cpp_pkg/bin'
[4.953s] INFO:colcon.colcon_core.shell:Creating package script '/home/anushka/ros2_ws/install/my_cpp_pkg/share/my_cpp_pkg/package.ps1'
[4.954s] INFO:colcon.colcon_core.shell:Creating package descriptor '/home/anushka/ros2_ws/install/my_cpp_pkg/share/my_cpp_pkg/package.dsv'
[4.955s] INFO:colcon.colcon_core.shell:Creating package script '/home/anushka/ros2_ws/install/my_cpp_pkg/share/my_cpp_pkg/package.sh'
[4.955s] INFO:colcon.colcon_core.shell:Creating package script '/home/anushka/ros2_ws/install/my_cpp_pkg/share/my_cpp_pkg/package.bash'
[4.956s] INFO:colcon.colcon_core.shell:Creating package script '/home/anushka/ros2_ws/install/my_cpp_pkg/share/my_cpp_pkg/package.zsh'
[4.956s] Level 1:colcon.colcon_core.environment:create_file_with_runtime_dependencies(/home/anushka/ros2_ws/install/my_cpp_pkg/share/colcon-core/packages/my_cpp_pkg)
[5.238s] DEBUG:colcon.colcon_core.event_handler.log_command:Invoking command in '/home/anushka/ros2_ws/src/turtlesim_catch_them_all': CMAKE_PREFIX_PATH=/home/anushka/ros2_ws/install/my_robot_interfaces:/home/anushka/ros2_ws/install/my_robot_bringup:/home/anushka/ros2_ws/install/my_cpp_pkg:/home/anushka/voidwalking/ros2_ws/install/void_tests:/home/anushka/voidwalking/ros2_ws/install/turtlebot_test:/home/anushka/voidwalking/ros2_ws/install/spatio_temporal_voxel_layer:/home/anushka/voidwalking/ros2_ws/install/main:/home/anushka/voidwalking/ros2_ws/install/simulation:/home/anushka/voidwalking/ros2_ws/install/rviz_satellite:/home/anushka/voidwalking/ros2_ws/install/obstacle_avoidance:/home/anushka/voidwalking/ros2_ws/install/nav2_turtlebot3:/home/anushka/voidwalking/ros2_ws/install/mapping:/home/anushka/eric_ws/install/vid_interface PYTHONPATH=/home/anushka/ros2_ws/build/turtlesim_catch_them_all/prefix_override:/home/anushka/ros2_ws/install/turtlesim_catch_them_all/lib/python3.10/site-packages:${PYTHONPATH} /usr/bin/python3 setup.py egg_info --egg-base ../../build/turtlesim_catch_them_all build --build-base /home/anushka/ros2_ws/build/turtlesim_catch_them_all/build install --record /home/anushka/ros2_ws/build/turtlesim_catch_them_all/install.log --single-version-externally-managed
[5.245s] DEBUG:colcon.colcon_core.event_handler.log_command:Invoking command in '/home/anushka/ros2_ws/src/my_py_pkg': CMAKE_PREFIX_PATH=/home/anushka/ros2_ws/install/my_robot_interfaces:/home/anushka/ros2_ws/install/my_robot_bringup:/home/anushka/ros2_ws/install/my_cpp_pkg:/home/anushka/voidwalking/ros2_ws/install/void_tests:/home/anushka/voidwalking/ros2_ws/install/turtlebot_test:/home/anushka/voidwalking/ros2_ws/install/spatio_temporal_voxel_layer:/home/anushka/voidwalking/ros2_ws/install/main:/home/anushka/voidwalking/ros2_ws/install/simulation:/home/anushka/voidwalking/ros2_ws/install/rviz_satellite:/home/anushka/voidwalking/ros2_ws/install/obstacle_avoidance:/home/anushka/voidwalking/ros2_ws/install/nav2_turtlebot3:/home/anushka/voidwalking/ros2_ws/install/mapping:/home/anushka/eric_ws/install/vid_interface PYTHONPATH=/home/anushka/ros2_ws/build/my_py_pkg/prefix_override:/home/anushka/ros2_ws/install/my_py_pkg/lib/python3.10/site-packages:${PYTHONPATH} /usr/bin/python3 setup.py egg_info --egg-base ../../build/my_py_pkg build --build-base /home/anushka/ros2_ws/build/my_py_pkg/build install --record /home/anushka/ros2_ws/build/my_py_pkg/install.log --single-version-externally-managed
[5.632s] DEBUG:colcon.colcon_core.event_handler.log_command:Invoked command in '/home/anushka/ros2_ws/src/turtlesim_catch_them_all' returned '0': CMAKE_PREFIX_PATH=/home/anushka/ros2_ws/install/my_robot_interfaces:/home/anushka/ros2_ws/install/my_robot_bringup:/home/anushka/ros2_ws/install/my_cpp_pkg:/home/anushka/voidwalking/ros2_ws/install/void_tests:/home/anushka/voidwalking/ros2_ws/install/turtlebot_test:/home/anushka/voidwalking/ros2_ws/install/spatio_temporal_voxel_layer:/home/anushka/voidwalking/ros2_ws/install/main:/home/anushka/voidwalking/ros2_ws/install/simulation:/home/anushka/voidwalking/ros2_ws/install/rviz_satellite:/home/anushka/voidwalking/ros2_ws/install/obstacle_avoidance:/home/anushka/voidwalking/ros2_ws/install/nav2_turtlebot3:/home/anushka/voidwalking/ros2_ws/install/mapping:/home/anushka/eric_ws/install/vid_interface PYTHONPATH=/home/anushka/ros2_ws/build/turtlesim_catch_them_all/prefix_override:/home/anushka/ros2_ws/install/turtlesim_catch_them_all/lib/python3.10/site-packages:${PYTHONPATH} /usr/bin/python3 setup.py egg_info --egg-base ../../build/turtlesim_catch_them_all build --build-base /home/anushka/ros2_ws/build/turtlesim_catch_them_all/build install --record /home/anushka/ros2_ws/build/turtlesim_catch_them_all/install.log --single-version-externally-managed
[5.649s] Level 1:colcon.colcon_core.environment:checking '/home/anushka/ros2_ws/install/turtlesim_catch_them_all' for CMake module files
[5.649s] Level 1:colcon.colcon_core.environment:checking '/home/anushka/ros2_ws/install/turtlesim_catch_them_all' for CMake config files
[5.650s] Level 1:colcon.colcon_core.environment:checking '/home/anushka/ros2_ws/install/turtlesim_catch_them_all/lib'
[5.650s] Level 1:colcon.colcon_core.environment:checking '/home/anushka/ros2_ws/install/turtlesim_catch_them_all/bin'
[5.650s] Level 1:colcon.colcon_core.environment:checking '/home/anushka/ros2_ws/install/turtlesim_catch_them_all/lib/pkgconfig/turtlesim_catch_them_all.pc'
[5.650s] Level 1:colcon.colcon_core.environment:checking '/home/anushka/ros2_ws/install/turtlesim_catch_them_all/lib/python3.10/site-packages'
[5.650s] Level 1:colcon.colcon_core.shell:create_environment_hook('turtlesim_catch_them_all', 'pythonpath')
[5.668s] INFO:colcon.colcon_core.shell:Creating environment hook '/home/anushka/ros2_ws/install/turtlesim_catch_them_all/share/turtlesim_catch_them_all/hook/pythonpath.ps1'
[5.668s] INFO:colcon.colcon_core.shell:Creating environment descriptor '/home/anushka/ros2_ws/install/turtlesim_catch_them_all/share/turtlesim_catch_them_all/hook/pythonpath.dsv'
[5.669s] INFO:colcon.colcon_core.shell:Creating environment hook '/home/anushka/ros2_ws/install/turtlesim_catch_them_all/share/turtlesim_catch_them_all/hook/pythonpath.sh'
[5.669s] Level 1:colcon.colcon_core.environment:checking '/home/anushka/ros2_ws/install/turtlesim_catch_them_all/bin'
[5.669s] Level 1:colcon.colcon_core.environment:create_environment_scripts_only(turtlesim_catch_them_all)
[5.686s] INFO:colcon.colcon_core.shell:Creating package script '/home/anushka/ros2_ws/install/turtlesim_catch_them_all/share/turtlesim_catch_them_all/package.ps1'
[5.687s] INFO:colcon.colcon_core.shell:Creating package descriptor '/home/anushka/ros2_ws/install/turtlesim_catch_them_all/share/turtlesim_catch_them_all/package.dsv'
[5.687s] INFO:colcon.colcon_core.shell:Creating package script '/home/anushka/ros2_ws/install/turtlesim_catch_them_all/share/turtlesim_catch_them_all/package.sh'
[5.687s] INFO:colcon.colcon_core.shell:Creating package script '/home/anushka/ros2_ws/install/turtlesim_catch_them_all/share/turtlesim_catch_them_all/package.bash'
[5.688s] INFO:colcon.colcon_core.shell:Creating package script '/home/anushka/ros2_ws/install/turtlesim_catch_them_all/share/turtlesim_catch_them_all/package.zsh'
[5.688s] Level 1:colcon.colcon_core.environment:create_file_with_runtime_dependencies(/home/anushka/ros2_ws/install/turtlesim_catch_them_all/share/colcon-core/packages/turtlesim_catch_them_all)
[5.689s] DEBUG:colcon.colcon_core.event_handler.log_command:Invoked command in '/home/anushka/ros2_ws/src/my_py_pkg' returned '0': CMAKE_PREFIX_PATH=/home/anushka/ros2_ws/install/my_robot_interfaces:/home/anushka/ros2_ws/install/my_robot_bringup:/home/anushka/ros2_ws/install/my_cpp_pkg:/home/anushka/voidwalking/ros2_ws/install/void_tests:/home/anushka/voidwalking/ros2_ws/install/turtlebot_test:/home/anushka/voidwalking/ros2_ws/install/spatio_temporal_voxel_layer:/home/anushka/voidwalking/ros2_ws/install/main:/home/anushka/voidwalking/ros2_ws/install/simulation:/home/anushka/voidwalking/ros2_ws/install/rviz_satellite:/home/anushka/voidwalking/ros2_ws/install/obstacle_avoidance:/home/anushka/voidwalking/ros2_ws/install/nav2_turtlebot3:/home/anushka/voidwalking/ros2_ws/install/mapping:/home/anushka/eric_ws/install/vid_interface PYTHONPATH=/home/anushka/ros2_ws/build/my_py_pkg/prefix_override:/home/anushka/ros2_ws/install/my_py_pkg/lib/python3.10/site-packages:${PYTHONPATH} /usr/bin/python3 setup.py egg_info --egg-base ../../build/my_py_pkg build --build-base /home/anushka/ros2_ws/build/my_py_pkg/build install --record /home/anushka/ros2_ws/build/my_py_pkg/install.log --single-version-externally-managed
[5.706s] Level 1:colcon.colcon_core.environment:checking '/home/anushka/ros2_ws/install/my_py_pkg' for CMake module files
[5.707s] Level 1:colcon.colcon_core.environment:checking '/home/anushka/ros2_ws/install/my_py_pkg' for CMake config files
[5.707s] Level 1:colcon.colcon_core.environment:checking '/home/anushka/ros2_ws/install/my_py_pkg/lib'
[5.707s] Level 1:colcon.colcon_core.environment:checking '/home/anushka/ros2_ws/install/my_py_pkg/bin'
[5.707s] Level 1:colcon.colcon_core.environment:checking '/home/anushka/ros2_ws/install/my_py_pkg/lib/pkgconfig/my_py_pkg.pc'
[5.708s] Level 1:colcon.colcon_core.environment:checking '/home/anushka/ros2_ws/install/my_py_pkg/lib/python3.10/site-packages'
[5.708s] Level 1:colcon.colcon_core.shell:create_environment_hook('my_py_pkg', 'pythonpath')
[5.726s] INFO:colcon.colcon_core.shell:Creating environment hook '/home/anushka/ros2_ws/install/my_py_pkg/share/my_py_pkg/hook/pythonpath.ps1'
[5.727s] INFO:colcon.colcon_core.shell:Creating environment descriptor '/home/anushka/ros2_ws/install/my_py_pkg/share/my_py_pkg/hook/pythonpath.dsv'
[5.727s] INFO:colcon.colcon_core.shell:Creating environment hook '/home/anushka/ros2_ws/install/my_py_pkg/share/my_py_pkg/hook/pythonpath.sh'
[5.728s] Level 1:colcon.colcon_core.environment:checking '/home/anushka/ros2_ws/install/my_py_pkg/bin'
[5.728s] Level 1:colcon.colcon_core.environment:create_environment_scripts_only(my_py_pkg)
[5.746s] INFO:colcon.colcon_core.shell:Creating package script '/home/anushka/ros2_ws/install/my_py_pkg/share/my_py_pkg/package.ps1'
[5.747s] INFO:colcon.colcon_core.shell:Creating package descriptor '/home/anushka/ros2_ws/install/my_py_pkg/share/my_py_pkg/package.dsv'
[5.747s] INFO:colcon.colcon_core.shell:Creating package script '/home/anushka/ros2_ws/install/my_py_pkg/share/my_py_pkg/package.sh'
[5.747s] INFO:colcon.colcon_core.shell:Creating package script '/home/anushka/ros2_ws/install/my_py_pkg/share/my_py_pkg/package.bash'
[5.748s] INFO:colcon.colcon_core.shell:Creating package script '/home/anushka/ros2_ws/install/my_py_pkg/share/my_py_pkg/package.zsh'
[5.748s] Level 1:colcon.colcon_core.environment:create_file_with_runtime_dependencies(/home/anushka/ros2_ws/install/my_py_pkg/share/colcon-core/packages/my_py_pkg)
[5.749s] INFO:colcon.colcon_ros.task.ament_cmake.build:Building ROS package in '/home/anushka/ros2_ws/src/my_robot_bringup' with build type 'ament_cmake'
[5.749s] INFO:colcon.colcon_cmake.task.cmake.build:Building CMake package in '/home/anushka/ros2_ws/src/my_robot_bringup'
[5.765s] INFO:colcon.colcon_core.shell:Skip shell extension 'powershell' for command environment: Not usable outside of PowerShell
[5.765s] DEBUG:colcon.colcon_core.shell:Skip shell extension 'dsv' for command environment
[5.882s] DEBUG:colcon.colcon_core.event_handler.log_command:Invoking command in '/home/anushka/ros2_ws/build/my_robot_bringup': AMENT_PREFIX_PATH=/home/anushka/ros2_ws/install/my_py_pkg:/home/anushka/ros2_ws/install/turtlesim_catch_them_all:/home/anushka/ros2_ws/install/my_robot_bringup:/home/anushka/ros2_ws/install/my_cpp_pkg:/home/anushka/ros2_ws/install/my_robot_interfaces:/home/anushka/voidwalking/ros2_ws/install/waypoints:/home/anushka/voidwalking/ros2_ws/install/void_tests:/home/anushka/voidwalking/ros2_ws/install/turtlebot_test:/home/anushka/voidwalking/ros2_ws/install/spatio_temporal_voxel_layer:/home/anushka/voidwalking/ros2_ws/install/main:/home/anushka/voidwalking/ros2_ws/install/simulation:/home/anushka/voidwalking/ros2_ws/install/rviz_satellite:/home/anushka/voidwalking/ros2_ws/install/obstacle_avoidance:/home/anushka/voidwalking/ros2_ws/install/nav2_turtlebot3:/home/anushka/voidwalking/ros2_ws/install/mapping:/home/anushka/anu_ws/install/servo_controller:/home/anushka/eric_ws/install/camera_pkg_p:/home/anushka/eric_ws/install/vid_interface:/opt/ros/humble CMAKE_PREFIX_PATH=/home/anushka/ros2_ws/install/my_cpp_pkg:/home/anushka/ros2_ws/install/my_robot_interfaces:/home/anushka/ros2_ws/install/my_robot_bringup:/home/anushka/voidwalking/ros2_ws/install/void_tests:/home/anushka/voidwalking/ros2_ws/install/turtlebot_test:/home/anushka/voidwalking/ros2_ws/install/spatio_temporal_voxel_layer:/home/anushka/voidwalking/ros2_ws/install/main:/home/anushka/voidwalking/ros2_ws/install/simulation:/home/anushka/voidwalking/ros2_ws/install/rviz_satellite:/home/anushka/voidwalking/ros2_ws/install/obstacle_avoidance:/home/anushka/voidwalking/ros2_ws/install/nav2_turtlebot3:/home/anushka/voidwalking/ros2_ws/install/mapping:/home/anushka/eric_ws/install/vid_interface:/home/anushka/ros2_ws/install/turtlesim_catch_them_all:/home/anushka/ros2_ws/install/my_py_pkg:/home/anushka/voidwalking/ros2_ws/install/waypoints:/home/anushka/anu_ws/install/servo_controller:/home/anushka/eric_ws/install/camera_pkg_p:/opt/ros/humble PYTHONPATH=/home/anushka/ros2_ws/install/my_py_pkg/lib/python3.10/site-packages:/home/anushka/ros2_ws/install/turtlesim_catch_them_all/lib/python3.10/site-packages:/home/anushka/ros2_ws/install/my_robot_interfaces/local/lib/python3.10/dist-packages:/home/anushka/voidwalking/ros2_ws/install/waypoints/lib/python3.10/site-packages:/home/anushka/voidwalking/ros2_ws/install/spatio_temporal_voxel_layer/local/lib/python3.10/dist-packages:/home/anushka/voidwalking/ros2_ws/install/mapping/local/lib/python3.10/dist-packages:/home/anushka/anu_ws/install/servo_controller/lib/python3.10/site-packages:/home/anushka/eric_ws/install/camera_pkg_p/lib/python3.10/site-packages:/home/anushka/eric_ws/install/vid_interface/local/lib/python3.10/dist-packages:/opt/ros/humble/lib/python3.10/site-packages:/opt/ros/humble/local/lib/python3.10/dist-packages /usr/bin/cmake --build /home/anushka/ros2_ws/build/my_robot_bringup -- -j8 -l8
[5.926s] DEBUG:colcon.colcon_core.event_handler.log_command:Invoked command in '/home/anushka/ros2_ws/build/my_robot_bringup' returned '0': AMENT_PREFIX_PATH=/home/anushka/ros2_ws/install/my_py_pkg:/home/anushka/ros2_ws/install/turtlesim_catch_them_all:/home/anushka/ros2_ws/install/my_robot_bringup:/home/anushka/ros2_ws/install/my_cpp_pkg:/home/anushka/ros2_ws/install/my_robot_interfaces:/home/anushka/voidwalking/ros2_ws/install/waypoints:/home/anushka/voidwalking/ros2_ws/install/void_tests:/home/anushka/voidwalking/ros2_ws/install/turtlebot_test:/home/anushka/voidwalking/ros2_ws/install/spatio_temporal_voxel_layer:/home/anushka/voidwalking/ros2_ws/install/main:/home/anushka/voidwalking/ros2_ws/install/simulation:/home/anushka/voidwalking/ros2_ws/install/rviz_satellite:/home/anushka/voidwalking/ros2_ws/install/obstacle_avoidance:/home/anushka/voidwalking/ros2_ws/install/nav2_turtlebot3:/home/anushka/voidwalking/ros2_ws/install/mapping:/home/anushka/anu_ws/install/servo_controller:/home/anushka/eric_ws/install/camera_pkg_p:/home/anushka/eric_ws/install/vid_interface:/opt/ros/humble CMAKE_PREFIX_PATH=/home/anushka/ros2_ws/install/my_cpp_pkg:/home/anushka/ros2_ws/install/my_robot_interfaces:/home/anushka/ros2_ws/install/my_robot_bringup:/home/anushka/voidwalking/ros2_ws/install/void_tests:/home/anushka/voidwalking/ros2_ws/install/turtlebot_test:/home/anushka/voidwalking/ros2_ws/install/spatio_temporal_voxel_layer:/home/anushka/voidwalking/ros2_ws/install/main:/home/anushka/voidwalking/ros2_ws/install/simulation:/home/anushka/voidwalking/ros2_ws/install/rviz_satellite:/home/anushka/voidwalking/ros2_ws/install/obstacle_avoidance:/home/anushka/voidwalking/ros2_ws/install/nav2_turtlebot3:/home/anushka/voidwalking/ros2_ws/install/mapping:/home/anushka/eric_ws/install/vid_interface:/home/anushka/ros2_ws/install/turtlesim_catch_them_all:/home/anushka/ros2_ws/install/my_py_pkg:/home/anushka/voidwalking/ros2_ws/install/waypoints:/home/anushka/anu_ws/install/servo_controller:/home/anushka/eric_ws/install/camera_pkg_p:/opt/ros/humble PYTHONPATH=/home/anushka/ros2_ws/install/my_py_pkg/lib/python3.10/site-packages:/home/anushka/ros2_ws/install/turtlesim_catch_them_all/lib/python3.10/site-packages:/home/anushka/ros2_ws/install/my_robot_interfaces/local/lib/python3.10/dist-packages:/home/anushka/voidwalking/ros2_ws/install/waypoints/lib/python3.10/site-packages:/home/anushka/voidwalking/ros2_ws/install/spatio_temporal_voxel_layer/local/lib/python3.10/dist-packages:/home/anushka/voidwalking/ros2_ws/install/mapping/local/lib/python3.10/dist-packages:/home/anushka/anu_ws/install/servo_controller/lib/python3.10/site-packages:/home/anushka/eric_ws/install/camera_pkg_p/lib/python3.10/site-packages:/home/anushka/eric_ws/install/vid_interface/local/lib/python3.10/dist-packages:/opt/ros/humble/lib/python3.10/site-packages:/opt/ros/humble/local/lib/python3.10/dist-packages /usr/bin/cmake --build /home/anushka/ros2_ws/build/my_robot_bringup -- -j8 -l8
[5.954s] DEBUG:colcon.colcon_core.event_handler.log_command:Invoking command in '/home/anushka/ros2_ws/build/my_robot_bringup': AMENT_PREFIX_PATH=/home/anushka/ros2_ws/install/my_py_pkg:/home/anushka/ros2_ws/install/turtlesim_catch_them_all:/home/anushka/ros2_ws/install/my_robot_bringup:/home/anushka/ros2_ws/install/my_cpp_pkg:/home/anushka/ros2_ws/install/my_robot_interfaces:/home/anushka/voidwalking/ros2_ws/install/waypoints:/home/anushka/voidwalking/ros2_ws/install/void_tests:/home/anushka/voidwalking/ros2_ws/install/turtlebot_test:/home/anushka/voidwalking/ros2_ws/install/spatio_temporal_voxel_layer:/home/anushka/voidwalking/ros2_ws/install/main:/home/anushka/voidwalking/ros2_ws/install/simulation:/home/anushka/voidwalking/ros2_ws/install/rviz_satellite:/home/anushka/voidwalking/ros2_ws/install/obstacle_avoidance:/home/anushka/voidwalking/ros2_ws/install/nav2_turtlebot3:/home/anushka/voidwalking/ros2_ws/install/mapping:/home/anushka/anu_ws/install/servo_controller:/home/anushka/eric_ws/install/camera_pkg_p:/home/anushka/eric_ws/install/vid_interface:/opt/ros/humble CMAKE_PREFIX_PATH=/home/anushka/ros2_ws/install/my_cpp_pkg:/home/anushka/ros2_ws/install/my_robot_interfaces:/home/anushka/ros2_ws/install/my_robot_bringup:/home/anushka/voidwalking/ros2_ws/install/void_tests:/home/anushka/voidwalking/ros2_ws/install/turtlebot_test:/home/anushka/voidwalking/ros2_ws/install/spatio_temporal_voxel_layer:/home/anushka/voidwalking/ros2_ws/install/main:/home/anushka/voidwalking/ros2_ws/install/simulation:/home/anushka/voidwalking/ros2_ws/install/rviz_satellite:/home/anushka/voidwalking/ros2_ws/install/obstacle_avoidance:/home/anushka/voidwalking/ros2_ws/install/nav2_turtlebot3:/home/anushka/voidwalking/ros2_ws/install/mapping:/home/anushka/eric_ws/install/vid_interface:/home/anushka/ros2_ws/install/turtlesim_catch_them_all:/home/anushka/ros2_ws/install/my_py_pkg:/home/anushka/voidwalking/ros2_ws/install/waypoints:/home/anushka/anu_ws/install/servo_controller:/home/anushka/eric_ws/install/camera_pkg_p:/opt/ros/humble PYTHONPATH=/home/anushka/ros2_ws/install/my_py_pkg/lib/python3.10/site-packages:/home/anushka/ros2_ws/install/turtlesim_catch_them_all/lib/python3.10/site-packages:/home/anushka/ros2_ws/install/my_robot_interfaces/local/lib/python3.10/dist-packages:/home/anushka/voidwalking/ros2_ws/install/waypoints/lib/python3.10/site-packages:/home/anushka/voidwalking/ros2_ws/install/spatio_temporal_voxel_layer/local/lib/python3.10/dist-packages:/home/anushka/voidwalking/ros2_ws/install/mapping/local/lib/python3.10/dist-packages:/home/anushka/anu_ws/install/servo_controller/lib/python3.10/site-packages:/home/anushka/eric_ws/install/camera_pkg_p/lib/python3.10/site-packages:/home/anushka/eric_ws/install/vid_interface/local/lib/python3.10/dist-packages:/opt/ros/humble/lib/python3.10/site-packages:/opt/ros/humble/local/lib/python3.10/dist-packages /usr/bin/cmake --install /home/anushka/ros2_ws/build/my_robot_bringup
[5.965s] Level 1:colcon.colcon_core.environment:create_environment_scripts_only(my_robot_bringup)
[5.966s] DEBUG:colcon.colcon_core.event_handler.log_command:Invoked command in '/home/anushka/ros2_ws/build/my_robot_bringup' returned '0': AMENT_PREFIX_PATH=/home/anushka/ros2_ws/install/my_py_pkg:/home/anushka/ros2_ws/install/turtlesim_catch_them_all:/home/anushka/ros2_ws/install/my_robot_bringup:/home/anushka/ros2_ws/install/my_cpp_pkg:/home/anushka/ros2_ws/install/my_robot_interfaces:/home/anushka/voidwalking/ros2_ws/install/waypoints:/home/anushka/voidwalking/ros2_ws/install/void_tests:/home/anushka/voidwalking/ros2_ws/install/turtlebot_test:/home/anushka/voidwalking/ros2_ws/install/spatio_temporal_voxel_layer:/home/anushka/voidwalking/ros2_ws/install/main:/home/anushka/voidwalking/ros2_ws/install/simulation:/home/anushka/voidwalking/ros2_ws/install/rviz_satellite:/home/anushka/voidwalking/ros2_ws/install/obstacle_avoidance:/home/anushka/voidwalking/ros2_ws/install/nav2_turtlebot3:/home/anushka/voidwalking/ros2_ws/install/mapping:/home/anushka/anu_ws/install/servo_controller:/home/anushka/eric_ws/install/camera_pkg_p:/home/anushka/eric_ws/install/vid_interface:/opt/ros/humble CMAKE_PREFIX_PATH=/home/anushka/ros2_ws/install/my_cpp_pkg:/home/anushka/ros2_ws/install/my_robot_interfaces:/home/anushka/ros2_ws/install/my_robot_bringup:/home/anushka/voidwalking/ros2_ws/install/void_tests:/home/anushka/voidwalking/ros2_ws/install/turtlebot_test:/home/anushka/voidwalking/ros2_ws/install/spatio_temporal_voxel_layer:/home/anushka/voidwalking/ros2_ws/install/main:/home/anushka/voidwalking/ros2_ws/install/simulation:/home/anushka/voidwalking/ros2_ws/install/rviz_satellite:/home/anushka/voidwalking/ros2_ws/install/obstacle_avoidance:/home/anushka/voidwalking/ros2_ws/install/nav2_turtlebot3:/home/anushka/voidwalking/ros2_ws/install/mapping:/home/anushka/eric_ws/install/vid_interface:/home/anushka/ros2_ws/install/turtlesim_catch_them_all:/home/anushka/ros2_ws/install/my_py_pkg:/home/anushka/voidwalking/ros2_ws/install/waypoints:/home/anushka/anu_ws/install/servo_controller:/home/anushka/eric_ws/install/camera_pkg_p:/opt/ros/humble PYTHONPATH=/home/anushka/ros2_ws/install/my_py_pkg/lib/python3.10/site-packages:/home/anushka/ros2_ws/install/turtlesim_catch_them_all/lib/python3.10/site-packages:/home/anushka/ros2_ws/install/my_robot_interfaces/local/lib/python3.10/dist-packages:/home/anushka/voidwalking/ros2_ws/install/waypoints/lib/python3.10/site-packages:/home/anushka/voidwalking/ros2_ws/install/spatio_temporal_voxel_layer/local/lib/python3.10/dist-packages:/home/anushka/voidwalking/ros2_ws/install/mapping/local/lib/python3.10/dist-packages:/home/anushka/anu_ws/install/servo_controller/lib/python3.10/site-packages:/home/anushka/eric_ws/install/camera_pkg_p/lib/python3.10/site-packages:/home/anushka/eric_ws/install/vid_interface/local/lib/python3.10/dist-packages:/opt/ros/humble/lib/python3.10/site-packages:/opt/ros/humble/local/lib/python3.10/dist-packages /usr/bin/cmake --install /home/anushka/ros2_ws/build/my_robot_bringup
[5.983s] Level 1:colcon.colcon_core.environment:checking '/home/anushka/ros2_ws/install/my_robot_bringup' for CMake module files
[5.984s] Level 1:colcon.colcon_core.environment:checking '/home/anushka/ros2_ws/install/my_robot_bringup' for CMake config files
[5.984s] Level 1:colcon.colcon_core.shell:create_environment_hook('my_robot_bringup', 'cmake_prefix_path')
[6.001s] INFO:colcon.colcon_core.shell:Creating environment hook '/home/anushka/ros2_ws/install/my_robot_bringup/share/my_robot_bringup/hook/cmake_prefix_path.ps1'
[6.001s] INFO:colcon.colcon_core.shell:Creating environment descriptor '/home/anushka/ros2_ws/install/my_robot_bringup/share/my_robot_bringup/hook/cmake_prefix_path.dsv'
[6.001s] INFO:colcon.colcon_core.shell:Creating environment hook '/home/anushka/ros2_ws/install/my_robot_bringup/share/my_robot_bringup/hook/cmake_prefix_path.sh'
[6.002s] Level 1:colcon.colcon_core.environment:checking '/home/anushka/ros2_ws/install/my_robot_bringup/bin'
[6.002s] Level 1:colcon.colcon_core.environment:checking '/home/anushka/ros2_ws/install/my_robot_bringup/lib/pkgconfig/my_robot_bringup.pc'
[6.002s] Level 1:colcon.colcon_core.environment:checking '/home/anushka/ros2_ws/install/my_robot_bringup/lib/python3.10/site-packages'
[6.003s] Level 1:colcon.colcon_core.environment:checking '/home/anushka/ros2_ws/install/my_robot_bringup/bin'
[6.020s] INFO:colcon.colcon_core.shell:Creating package script '/home/anushka/ros2_ws/install/my_robot_bringup/share/my_robot_bringup/package.ps1'
[6.020s] INFO:colcon.colcon_core.shell:Creating package descriptor '/home/anushka/ros2_ws/install/my_robot_bringup/share/my_robot_bringup/package.dsv'
[6.021s] INFO:colcon.colcon_core.shell:Creating package script '/home/anushka/ros2_ws/install/my_robot_bringup/share/my_robot_bringup/package.sh'
[6.021s] INFO:colcon.colcon_core.shell:Creating package script '/home/anushka/ros2_ws/install/my_robot_bringup/share/my_robot_bringup/package.bash'
[6.021s] INFO:colcon.colcon_core.shell:Creating package script '/home/anushka/ros2_ws/install/my_robot_bringup/share/my_robot_bringup/package.zsh'
[6.022s] Level 1:colcon.colcon_core.environment:create_file_with_runtime_dependencies(/home/anushka/ros2_ws/install/my_robot_bringup/share/colcon-core/packages/my_robot_bringup)
[6.067s] Level 1:colcon.colcon_core.environment:create_environment_scripts_only(my_robot_bringup)
[6.085s] Level 1:colcon.colcon_core.environment:checking '/home/anushka/ros2_ws/install/my_robot_bringup' for CMake module files
[6.085s] Level 1:colcon.colcon_core.environment:checking '/home/anushka/ros2_ws/install/my_robot_bringup' for CMake config files
[6.086s] Level 1:colcon.colcon_core.shell:create_environment_hook('my_robot_bringup', 'cmake_prefix_path')
[6.103s] INFO:colcon.colcon_core.shell:Creating environment hook '/home/anushka/ros2_ws/install/my_robot_bringup/share/my_robot_bringup/hook/cmake_prefix_path.ps1'
[6.103s] INFO:colcon.colcon_core.shell:Creating environment descriptor '/home/anushka/ros2_ws/install/my_robot_bringup/share/my_robot_bringup/hook/cmake_prefix_path.dsv'
[6.103s] INFO:colcon.colcon_core.shell:Creating environment hook '/home/anushka/ros2_ws/install/my_robot_bringup/share/my_robot_bringup/hook/cmake_prefix_path.sh'
[6.104s] Level 1:colcon.colcon_core.environment:checking '/home/anushka/ros2_ws/install/my_robot_bringup/bin'
[6.104s] Level 1:colcon.colcon_core.environment:checking '/home/anushka/ros2_ws/install/my_robot_bringup/lib/pkgconfig/my_robot_bringup.pc'
[6.104s] Level 1:colcon.colcon_core.environment:checking '/home/anushka/ros2_ws/install/my_robot_bringup/lib/python3.10/site-packages'
[6.105s] Level 1:colcon.colcon_core.environment:checking '/home/anushka/ros2_ws/install/my_robot_bringup/bin'
[6.121s] INFO:colcon.colcon_core.shell:Creating package script '/home/anushka/ros2_ws/install/my_robot_bringup/share/my_robot_bringup/package.ps1'
[6.122s] INFO:colcon.colcon_core.shell:Creating package descriptor '/home/anushka/ros2_ws/install/my_robot_bringup/share/my_robot_bringup/package.dsv'
[6.122s] INFO:colcon.colcon_core.shell:Creating package script '/home/anushka/ros2_ws/install/my_robot_bringup/share/my_robot_bringup/package.sh'
[6.123s] INFO:colcon.colcon_core.shell:Creating package script '/home/anushka/ros2_ws/install/my_robot_bringup/share/my_robot_bringup/package.bash'
[6.123s] INFO:colcon.colcon_core.shell:Creating package script '/home/anushka/ros2_ws/install/my_robot_bringup/share/my_robot_bringup/package.zsh'
[6.123s] Level 1:colcon.colcon_core.environment:create_file_with_runtime_dependencies(/home/anushka/ros2_ws/install/my_robot_bringup/share/colcon-core/packages/my_robot_bringup)
[6.124s] DEBUG:colcon.colcon_parallel_executor.executor.parallel:closing loop
[6.124s] DEBUG:colcon.colcon_parallel_executor.executor.parallel:loop closed
[6.124s] DEBUG:colcon.colcon_parallel_executor.executor.parallel:run_until_complete finished with '0'
[6.124s] DEBUG:colcon.colcon_core.event_reactor:joining thread
[6.148s] INFO:colcon.colcon_core.plugin_system:Skipping extension 'colcon_notification.desktop_notification.terminal_notifier': Not used on non-Darwin systems
[6.148s] INFO:colcon.colcon_core.plugin_system:Skipping extension 'colcon_notification.desktop_notification.win32': Not used on non-Windows systems
[6.148s] INFO:colcon.colcon_notification.desktop_notification:Sending desktop notification using 'notify2'
[6.163s] DEBUG:colcon.colcon_core.event_reactor:joined thread
[6.181s] INFO:colcon.colcon_core.shell:Creating prefix script '/home/anushka/ros2_ws/install/local_setup.ps1'
[6.183s] INFO:colcon.colcon_core.shell:Creating prefix util module '/home/anushka/ros2_ws/install/_local_setup_util_ps1.py'
[6.184s] INFO:colcon.colcon_core.shell:Creating prefix chain script '/home/anushka/ros2_ws/install/setup.ps1'
[6.204s] INFO:colcon.colcon_core.shell:Creating prefix script '/home/anushka/ros2_ws/install/local_setup.sh'
[6.205s] INFO:colcon.colcon_core.shell:Creating prefix util module '/home/anushka/ros2_ws/install/_local_setup_util_sh.py'
[6.205s] INFO:colcon.colcon_core.shell:Creating prefix chain script '/home/anushka/ros2_ws/install/setup.sh'
[6.225s] INFO:colcon.colcon_core.shell:Creating prefix script '/home/anushka/ros2_ws/install/local_setup.bash'
[6.226s] INFO:colcon.colcon_core.shell:Creating prefix chain script '/home/anushka/ros2_ws/install/setup.bash'
[6.246s] INFO:colcon.colcon_core.shell:Creating prefix script '/home/anushka/ros2_ws/install/local_setup.zsh'
[6.247s] INFO:colcon.colcon_core.shell:Creating prefix chain script '/home/anushka/ros2_ws/install/setup.zsh'
