[1.204s] DEBUG:colcon:Command line arguments: ['/usr/bin/colcon', 'build']
[1.205s] DEBUG:colcon:Parsed command line arguments: Namespace(log_base=None, log_level=None, verb_name='build', build_base='build', install_base='install', merge_install=False, symlink_install=False, test_result_base=None, continue_on_error=False, executor='parallel', parallel_workers=8, event_handlers=None, ignore_user_meta=False, metas=['./colcon.meta'], base_paths=['.'], packages_ignore=None, packages_ignore_regex=None, paths=None, packages_up_to=None, packages_up_to_regex=None, packages_above=None, packages_above_and_dependencies=None, packages_above_depth=None, packages_select_by_dep=None, packages_skip_by_dep=None, packages_skip_up_to=None, packages_select_build_failed=False, packages_skip_build_finished=False, packages_select_test_failures=False, packages_skip_test_passed=False, packages_select=None, packages_skip=None, packages_select_regex=None, packages_skip_regex=None, packages_start=None, packages_end=None, allow_overriding=[], cmake_args=None, cmake_target=None, cmake_target_skip_unavailable=False, cmake_clean_cache=False, cmake_clean_first=False, cmake_force_configure=False, ament_cmake_args=None, catkin_cmake_args=None, catkin_skip_building_tests=False, verb_parser=<colcon_defaults.argument_parser.defaults.DefaultArgumentsDecorator object at 0x7f389abccbe0>, verb_extension=<colcon_core.verb.build.BuildVerb object at 0x7f389abcf610>, main=<bound method BuildVerb.main of <colcon_core.verb.build.BuildVerb object at 0x7f389abcf610>>)
[1.256s] Level 1:colcon.colcon_core.package_discovery:discover_packages(colcon_meta) check parameters
[1.257s] Level 1:colcon.colcon_core.package_discovery:discover_packages(recursive) check parameters
[1.257s] Level 1:colcon.colcon_core.package_discovery:discover_packages(ignore) check parameters
[1.257s] Level 1:colcon.colcon_core.package_discovery:discover_packages(path) check parameters
[1.257s] Level 1:colcon.colcon_core.package_discovery:discover_packages(colcon_meta) discover
[1.257s] Level 1:colcon.colcon_core.package_discovery:discover_packages(recursive) discover
[1.257s] INFO:colcon.colcon_core.package_discovery:Crawling recursively for packages in '/home/anushka/ros2_ws'
[1.257s] Level 1:colcon.colcon_core.package_identification:_identify(.) by extensions ['ignore', 'ignore_ament_install']
[1.257s] Level 1:colcon.colcon_core.package_identification:_identify(.) by extension 'ignore'
[1.257s] Level 1:colcon.colcon_core.package_identification:_identify(.) by extension 'ignore_ament_install'
[1.257s] Level 1:colcon.colcon_core.package_identification:_identify(.) by extensions ['colcon_pkg']
[1.257s] Level 1:colcon.colcon_core.package_identification:_identify(.) by extension 'colcon_pkg'
[1.257s] Level 1:colcon.colcon_core.package_identification:_identify(.) by extensions ['colcon_meta']
[1.257s] Level 1:colcon.colcon_core.package_identification:_identify(.) by extension 'colcon_meta'
[1.257s] Level 1:colcon.colcon_core.package_identification:_identify(.) by extensions ['ros']
[1.257s] Level 1:colcon.colcon_core.package_identification:_identify(.) by extension 'ros'
[1.269s] Level 1:colcon.colcon_core.package_identification:_identify(.) by extensions ['cmake', 'python']
[1.269s] Level 1:colcon.colcon_core.package_identification:_identify(.) by extension 'cmake'
[1.269s] Level 1:colcon.colcon_core.package_identification:_identify(.) by extension 'python'
[1.269s] Level 1:colcon.colcon_core.package_identification:_identify(.) by extensions ['python_setup_py']
[1.269s] Level 1:colcon.colcon_core.package_identification:_identify(.) by extension 'python_setup_py'
[1.269s] Level 1:colcon.colcon_core.package_identification:_identify(build) by extensions ['ignore', 'ignore_ament_install']
[1.269s] Level 1:colcon.colcon_core.package_identification:_identify(build) by extension 'ignore'
[1.269s] Level 1:colcon.colcon_core.package_identification:_identify(build) ignored
[1.269s] Level 1:colcon.colcon_core.package_identification:_identify(install) by extensions ['ignore', 'ignore_ament_install']
[1.270s] Level 1:colcon.colcon_core.package_identification:_identify(install) by extension 'ignore'
[1.270s] Level 1:colcon.colcon_core.package_identification:_identify(install) ignored
[1.270s] Level 1:colcon.colcon_core.package_identification:_identify(log) by extensions ['ignore', 'ignore_ament_install']
[1.270s] Level 1:colcon.colcon_core.package_identification:_identify(log) by extension 'ignore'
[1.270s] Level 1:colcon.colcon_core.package_identification:_identify(log) ignored
[1.270s] Level 1:colcon.colcon_core.package_identification:_identify(src) by extensions ['ignore', 'ignore_ament_install']
[1.270s] Level 1:colcon.colcon_core.package_identification:_identify(src) by extension 'ignore'
[1.270s] Level 1:colcon.colcon_core.package_identification:_identify(src) by extension 'ignore_ament_install'
[1.270s] Level 1:colcon.colcon_core.package_identification:_identify(src) by extensions ['colcon_pkg']
[1.270s] Level 1:colcon.colcon_core.package_identification:_identify(src) by extension 'colcon_pkg'
[1.270s] Level 1:colcon.colcon_core.package_identification:_identify(src) by extensions ['colcon_meta']
[1.270s] Level 1:colcon.colcon_core.package_identification:_identify(src) by extension 'colcon_meta'
[1.270s] Level 1:colcon.colcon_core.package_identification:_identify(src) by extensions ['ros']
[1.270s] Level 1:colcon.colcon_core.package_identification:_identify(src) by extension 'ros'
[1.270s] Level 1:colcon.colcon_core.package_identification:_identify(src) by extensions ['cmake', 'python']
[1.270s] Level 1:colcon.colcon_core.package_identification:_identify(src) by extension 'cmake'
[1.270s] Level 1:colcon.colcon_core.package_identification:_identify(src) by extension 'python'
[1.270s] Level 1:colcon.colcon_core.package_identification:_identify(src) by extensions ['python_setup_py']
[1.270s] Level 1:colcon.colcon_core.package_identification:_identify(src) by extension 'python_setup_py'
[1.271s] Level 1:colcon.colcon_core.package_identification:_identify(src/my_cpp_pkg) by extensions ['ignore', 'ignore_ament_install']
[1.271s] Level 1:colcon.colcon_core.package_identification:_identify(src/my_cpp_pkg) by extension 'ignore'
[1.271s] Level 1:colcon.colcon_core.package_identification:_identify(src/my_cpp_pkg) by extension 'ignore_ament_install'
[1.271s] Level 1:colcon.colcon_core.package_identification:_identify(src/my_cpp_pkg) by extensions ['colcon_pkg']
[1.271s] Level 1:colcon.colcon_core.package_identification:_identify(src/my_cpp_pkg) by extension 'colcon_pkg'
[1.271s] Level 1:colcon.colcon_core.package_identification:_identify(src/my_cpp_pkg) by extensions ['colcon_meta']
[1.271s] Level 1:colcon.colcon_core.package_identification:_identify(src/my_cpp_pkg) by extension 'colcon_meta'
[1.271s] Level 1:colcon.colcon_core.package_identification:_identify(src/my_cpp_pkg) by extensions ['ros']
[1.271s] Level 1:colcon.colcon_core.package_identification:_identify(src/my_cpp_pkg) by extension 'ros'
[1.274s] DEBUG:colcon.colcon_core.package_identification:Package 'src/my_cpp_pkg' with type 'ros.ament_cmake' and name 'my_cpp_pkg'
[1.274s] Level 1:colcon.colcon_core.package_identification:_identify(src/my_py_pkg) by extensions ['ignore', 'ignore_ament_install']
[1.274s] Level 1:colcon.colcon_core.package_identification:_identify(src/my_py_pkg) by extension 'ignore'
[1.274s] Level 1:colcon.colcon_core.package_identification:_identify(src/my_py_pkg) by extension 'ignore_ament_install'
[1.274s] Level 1:colcon.colcon_core.package_identification:_identify(src/my_py_pkg) by extensions ['colcon_pkg']
[1.274s] Level 1:colcon.colcon_core.package_identification:_identify(src/my_py_pkg) by extension 'colcon_pkg'
[1.274s] Level 1:colcon.colcon_core.package_identification:_identify(src/my_py_pkg) by extensions ['colcon_meta']
[1.274s] Level 1:colcon.colcon_core.package_identification:_identify(src/my_py_pkg) by extension 'colcon_meta'
[1.274s] Level 1:colcon.colcon_core.package_identification:_identify(src/my_py_pkg) by extensions ['ros']
[1.274s] Level 1:colcon.colcon_core.package_identification:_identify(src/my_py_pkg) by extension 'ros'
[1.275s] DEBUG:colcon.colcon_core.package_identification:Package 'src/my_py_pkg' with type 'ros.ament_python' and name 'my_py_pkg'
[1.275s] Level 1:colcon.colcon_core.package_identification:_identify(src/my_robot_interfaces) by extensions ['ignore', 'ignore_ament_install']
[1.275s] Level 1:colcon.colcon_core.package_identification:_identify(src/my_robot_interfaces) by extension 'ignore'
[1.275s] Level 1:colcon.colcon_core.package_identification:_identify(src/my_robot_interfaces) by extension 'ignore_ament_install'
[1.275s] Level 1:colcon.colcon_core.package_identification:_identify(src/my_robot_interfaces) by extensions ['colcon_pkg']
[1.275s] Level 1:colcon.colcon_core.package_identification:_identify(src/my_robot_interfaces) by extension 'colcon_pkg'
[1.275s] Level 1:colcon.colcon_core.package_identification:_identify(src/my_robot_interfaces) by extensions ['colcon_meta']
[1.275s] Level 1:colcon.colcon_core.package_identification:_identify(src/my_robot_interfaces) by extension 'colcon_meta'
[1.275s] Level 1:colcon.colcon_core.package_identification:_identify(src/my_robot_interfaces) by extensions ['ros']
[1.275s] Level 1:colcon.colcon_core.package_identification:_identify(src/my_robot_interfaces) by extension 'ros'
[1.276s] DEBUG:colcon.colcon_core.package_identification:Package 'src/my_robot_interfaces' with type 'ros.ament_cmake' and name 'my_robot_interfaces'
[1.276s] Level 1:colcon.colcon_core.package_discovery:discover_packages(recursive) using defaults
[1.276s] Level 1:colcon.colcon_core.package_discovery:discover_packages(ignore) discover
[1.276s] Level 1:colcon.colcon_core.package_discovery:discover_packages(ignore) using defaults
[1.276s] Level 1:colcon.colcon_core.package_discovery:discover_packages(path) discover
[1.276s] Level 1:colcon.colcon_core.package_discovery:discover_packages(path) using defaults
[1.383s] Level 1:colcon.colcon_core.package_discovery:discover_packages(prefix_path) check parameters
[1.383s] Level 1:colcon.colcon_core.package_discovery:discover_packages(prefix_path) discover
[1.419s] DEBUG:colcon.colcon_installed_package_information.package_discovery:Found 10 installed packages in /home/anushka/voidwalking/ros2_ws/install
[1.450s] DEBUG:colcon.colcon_installed_package_information.package_discovery:Found 1 installed packages in /home/anushka/anu_ws/install
[1.468s] DEBUG:colcon.colcon_installed_package_information.package_discovery:Found 2 installed packages in /home/anushka/eric_ws/install
[1.485s] DEBUG:colcon.colcon_installed_package_information.package_discovery:Found 3 installed packages in /home/anushka/ros2_ws/install
[1.504s] DEBUG:colcon.colcon_installed_package_information.package_discovery:Found 407 installed packages in /opt/ros/humble
[1.507s] Level 1:colcon.colcon_core.package_discovery:discover_packages(prefix_path) using defaults
[1.634s] Level 5:colcon.colcon_core.verb:set package 'my_robot_interfaces' build argument 'cmake_args' from command line to 'None'
[1.634s] Level 5:colcon.colcon_core.verb:set package 'my_robot_interfaces' build argument 'cmake_target' from command line to 'None'
[1.634s] Level 5:colcon.colcon_core.verb:set package 'my_robot_interfaces' build argument 'cmake_target_skip_unavailable' from command line to 'False'
[1.634s] Level 5:colcon.colcon_core.verb:set package 'my_robot_interfaces' build argument 'cmake_clean_cache' from command line to 'False'
[1.634s] Level 5:colcon.colcon_core.verb:set package 'my_robot_interfaces' build argument 'cmake_clean_first' from command line to 'False'
[1.634s] Level 5:colcon.colcon_core.verb:set package 'my_robot_interfaces' build argument 'cmake_force_configure' from command line to 'False'
[1.634s] Level 5:colcon.colcon_core.verb:set package 'my_robot_interfaces' build argument 'ament_cmake_args' from command line to 'None'
[1.634s] Level 5:colcon.colcon_core.verb:set package 'my_robot_interfaces' build argument 'catkin_cmake_args' from command line to 'None'
[1.634s] Level 5:colcon.colcon_core.verb:set package 'my_robot_interfaces' build argument 'catkin_skip_building_tests' from command line to 'False'
[1.634s] DEBUG:colcon.colcon_core.verb:Building package 'my_robot_interfaces' with the following arguments: {'ament_cmake_args': None, 'build_base': '/home/anushka/ros2_ws/build/my_robot_interfaces', 'catkin_cmake_args': None, 'catkin_skip_building_tests': False, 'cmake_args': None, 'cmake_clean_cache': False, 'cmake_clean_first': False, 'cmake_force_configure': False, 'cmake_target': None, 'cmake_target_skip_unavailable': False, 'install_base': '/home/anushka/ros2_ws/install/my_robot_interfaces', 'merge_install': False, 'path': '/home/anushka/ros2_ws/src/my_robot_interfaces', 'symlink_install': False, 'test_result_base': None}
[1.652s] Level 5:colcon.colcon_core.verb:set package 'my_cpp_pkg' build argument 'cmake_args' from command line to 'None'
[1.652s] Level 5:colcon.colcon_core.verb:set package 'my_cpp_pkg' build argument 'cmake_target' from command line to 'None'
[1.652s] Level 5:colcon.colcon_core.verb:set package 'my_cpp_pkg' build argument 'cmake_target_skip_unavailable' from command line to 'False'
[1.652s] Level 5:colcon.colcon_core.verb:set package 'my_cpp_pkg' build argument 'cmake_clean_cache' from command line to 'False'
[1.652s] Level 5:colcon.colcon_core.verb:set package 'my_cpp_pkg' build argument 'cmake_clean_first' from command line to 'False'
[1.652s] Level 5:colcon.colcon_core.verb:set package 'my_cpp_pkg' build argument 'cmake_force_configure' from command line to 'False'
[1.652s] Level 5:colcon.colcon_core.verb:set package 'my_cpp_pkg' build argument 'ament_cmake_args' from command line to 'None'
[1.652s] Level 5:colcon.colcon_core.verb:set package 'my_cpp_pkg' build argument 'catkin_cmake_args' from command line to 'None'
[1.652s] Level 5:colcon.colcon_core.verb:set package 'my_cpp_pkg' build argument 'catkin_skip_building_tests' from command line to 'False'
[1.652s] DEBUG:colcon.colcon_core.verb:Building package 'my_cpp_pkg' with the following arguments: {'ament_cmake_args': None, 'build_base': '/home/anushka/ros2_ws/build/my_cpp_pkg', 'catkin_cmake_args': None, 'catkin_skip_building_tests': False, 'cmake_args': None, 'cmake_clean_cache': False, 'cmake_clean_first': False, 'cmake_force_configure': False, 'cmake_target': None, 'cmake_target_skip_unavailable': False, 'install_base': '/home/anushka/ros2_ws/install/my_cpp_pkg', 'merge_install': False, 'path': '/home/anushka/ros2_ws/src/my_cpp_pkg', 'symlink_install': False, 'test_result_base': None}
[1.669s] Level 5:colcon.colcon_core.verb:set package 'my_py_pkg' build argument 'cmake_args' from command line to 'None'
[1.669s] Level 5:colcon.colcon_core.verb:set package 'my_py_pkg' build argument 'cmake_target' from command line to 'None'
[1.669s] Level 5:colcon.colcon_core.verb:set package 'my_py_pkg' build argument 'cmake_target_skip_unavailable' from command line to 'False'
[1.669s] Level 5:colcon.colcon_core.verb:set package 'my_py_pkg' build argument 'cmake_clean_cache' from command line to 'False'
[1.669s] Level 5:colcon.colcon_core.verb:set package 'my_py_pkg' build argument 'cmake_clean_first' from command line to 'False'
[1.669s] Level 5:colcon.colcon_core.verb:set package 'my_py_pkg' build argument 'cmake_force_configure' from command line to 'False'
[1.669s] Level 5:colcon.colcon_core.verb:set package 'my_py_pkg' build argument 'ament_cmake_args' from command line to 'None'
[1.669s] Level 5:colcon.colcon_core.verb:set package 'my_py_pkg' build argument 'catkin_cmake_args' from command line to 'None'
[1.669s] Level 5:colcon.colcon_core.verb:set package 'my_py_pkg' build argument 'catkin_skip_building_tests' from command line to 'False'
[1.669s] DEBUG:colcon.colcon_core.verb:Building package 'my_py_pkg' with the following arguments: {'ament_cmake_args': None, 'build_base': '/home/anushka/ros2_ws/build/my_py_pkg', 'catkin_cmake_args': None, 'catkin_skip_building_tests': False, 'cmake_args': None, 'cmake_clean_cache': False, 'cmake_clean_first': False, 'cmake_force_configure': False, 'cmake_target': None, 'cmake_target_skip_unavailable': False, 'install_base': '/home/anushka/ros2_ws/install/my_py_pkg', 'merge_install': False, 'path': '/home/anushka/ros2_ws/src/my_py_pkg', 'symlink_install': False, 'test_result_base': None}
[1.686s] INFO:colcon.colcon_core.executor:Executing jobs using 'parallel' executor
[1.704s] DEBUG:colcon.colcon_parallel_executor.executor.parallel:run_until_complete
[1.704s] INFO:colcon.colcon_ros.task.ament_cmake.build:Building ROS package in '/home/anushka/ros2_ws/src/my_robot_interfaces' with build type 'ament_cmake'
[1.704s] INFO:colcon.colcon_cmake.task.cmake.build:Building CMake package in '/home/anushka/ros2_ws/src/my_robot_interfaces'
[1.723s] INFO:colcon.colcon_core.plugin_system:Skipping extension 'colcon_core.shell.bat': Not used on non-Windows systems
[1.723s] INFO:colcon.colcon_core.shell:Skip shell extension 'powershell' for command environment: Not usable outside of PowerShell
[1.723s] DEBUG:colcon.colcon_core.shell:Skip shell extension 'dsv' for command environment
[1.842s] DEBUG:colcon.colcon_core.event_handler.log_command:Invoking command in '/home/anushka/ros2_ws/build/my_robot_interfaces': CMAKE_PREFIX_PATH=${CMAKE_PREFIX_PATH}:/home/anushka/ros2_ws/install/my_py_pkg:/home/anushka/voidwalking/ros2_ws/install/waypoints:/home/anushka/anu_ws/install/servo_controller:/home/anushka/eric_ws/install/camera_pkg_p:/opt/ros/humble /usr/bin/cmake --build /home/anushka/ros2_ws/build/my_robot_interfaces -- -j8 -l8
[2.296s] DEBUG:colcon.colcon_core.event_handler.log_command:Invoked command in '/home/anushka/ros2_ws/build/my_robot_interfaces' returned '0': CMAKE_PREFIX_PATH=${CMAKE_PREFIX_PATH}:/home/anushka/ros2_ws/install/my_py_pkg:/home/anushka/voidwalking/ros2_ws/install/waypoints:/home/anushka/anu_ws/install/servo_controller:/home/anushka/eric_ws/install/camera_pkg_p:/opt/ros/humble /usr/bin/cmake --build /home/anushka/ros2_ws/build/my_robot_interfaces -- -j8 -l8
[2.514s] DEBUG:colcon.colcon_core.event_handler.log_command:Invoking command in '/home/anushka/ros2_ws/build/my_robot_interfaces': CMAKE_PREFIX_PATH=${CMAKE_PREFIX_PATH}:/home/anushka/ros2_ws/install/my_py_pkg:/home/anushka/voidwalking/ros2_ws/install/waypoints:/home/anushka/anu_ws/install/servo_controller:/home/anushka/eric_ws/install/camera_pkg_p:/opt/ros/humble /usr/bin/cmake --install /home/anushka/ros2_ws/build/my_robot_interfaces
[2.580s] Level 1:colcon.colcon_core.environment:create_environment_scripts_only(my_robot_interfaces)
[2.581s] DEBUG:colcon.colcon_core.event_handler.log_command:Invoked command in '/home/anushka/ros2_ws/build/my_robot_interfaces' returned '0': CMAKE_PREFIX_PATH=${CMAKE_PREFIX_PATH}:/home/anushka/ros2_ws/install/my_py_pkg:/home/anushka/voidwalking/ros2_ws/install/waypoints:/home/anushka/anu_ws/install/servo_controller:/home/anushka/eric_ws/install/camera_pkg_p:/opt/ros/humble /usr/bin/cmake --install /home/anushka/ros2_ws/build/my_robot_interfaces
[2.596s] Level 1:colcon.colcon_core.environment:checking '/home/anushka/ros2_ws/install/my_robot_interfaces' for CMake module files
[2.596s] Level 1:colcon.colcon_core.environment:checking '/home/anushka/ros2_ws/install/my_robot_interfaces' for CMake config files
[2.596s] Level 1:colcon.colcon_core.shell:create_environment_hook('my_robot_interfaces', 'cmake_prefix_path')
[2.612s] INFO:colcon.colcon_core.shell:Creating environment hook '/home/anushka/ros2_ws/install/my_robot_interfaces/share/my_robot_interfaces/hook/cmake_prefix_path.ps1'
[2.613s] INFO:colcon.colcon_core.shell:Creating environment descriptor '/home/anushka/ros2_ws/install/my_robot_interfaces/share/my_robot_interfaces/hook/cmake_prefix_path.dsv'
[2.613s] INFO:colcon.colcon_core.shell:Creating environment hook '/home/anushka/ros2_ws/install/my_robot_interfaces/share/my_robot_interfaces/hook/cmake_prefix_path.sh'
[2.614s] Level 1:colcon.colcon_core.environment:checking '/home/anushka/ros2_ws/install/my_robot_interfaces/lib'
[2.614s] Level 1:colcon.colcon_core.shell:create_environment_hook('my_robot_interfaces', 'ld_library_path_lib')
[2.632s] INFO:colcon.colcon_core.shell:Creating environment hook '/home/anushka/ros2_ws/install/my_robot_interfaces/share/my_robot_interfaces/hook/ld_library_path_lib.ps1'
[2.632s] INFO:colcon.colcon_core.shell:Creating environment descriptor '/home/anushka/ros2_ws/install/my_robot_interfaces/share/my_robot_interfaces/hook/ld_library_path_lib.dsv'
[2.633s] INFO:colcon.colcon_core.shell:Creating environment hook '/home/anushka/ros2_ws/install/my_robot_interfaces/share/my_robot_interfaces/hook/ld_library_path_lib.sh'
[2.633s] Level 1:colcon.colcon_core.environment:checking '/home/anushka/ros2_ws/install/my_robot_interfaces/bin'
[2.633s] Level 1:colcon.colcon_core.environment:checking '/home/anushka/ros2_ws/install/my_robot_interfaces/lib/pkgconfig/my_robot_interfaces.pc'
[2.634s] Level 1:colcon.colcon_core.environment:checking '/home/anushka/ros2_ws/install/my_robot_interfaces/lib/python3.10/site-packages'
[2.634s] Level 1:colcon.colcon_core.environment:checking '/home/anushka/ros2_ws/install/my_robot_interfaces/bin'
[2.652s] INFO:colcon.colcon_core.shell:Creating package script '/home/anushka/ros2_ws/install/my_robot_interfaces/share/my_robot_interfaces/package.ps1'
[2.653s] INFO:colcon.colcon_core.shell:Creating package descriptor '/home/anushka/ros2_ws/install/my_robot_interfaces/share/my_robot_interfaces/package.dsv'
[2.653s] INFO:colcon.colcon_core.shell:Creating package script '/home/anushka/ros2_ws/install/my_robot_interfaces/share/my_robot_interfaces/package.sh'
[2.654s] INFO:colcon.colcon_core.shell:Creating package script '/home/anushka/ros2_ws/install/my_robot_interfaces/share/my_robot_interfaces/package.bash'
[2.655s] INFO:colcon.colcon_core.shell:Creating package script '/home/anushka/ros2_ws/install/my_robot_interfaces/share/my_robot_interfaces/package.zsh'
[2.656s] Level 1:colcon.colcon_core.environment:create_file_with_runtime_dependencies(/home/anushka/ros2_ws/install/my_robot_interfaces/share/colcon-core/packages/my_robot_interfaces)
[2.886s] Level 1:colcon.colcon_core.environment:create_environment_scripts_only(my_robot_interfaces)
[2.904s] Level 1:colcon.colcon_core.environment:checking '/home/anushka/ros2_ws/install/my_robot_interfaces' for CMake module files
[2.904s] Level 1:colcon.colcon_core.environment:checking '/home/anushka/ros2_ws/install/my_robot_interfaces' for CMake config files
[2.905s] Level 1:colcon.colcon_core.shell:create_environment_hook('my_robot_interfaces', 'cmake_prefix_path')
[2.924s] INFO:colcon.colcon_core.shell:Creating environment hook '/home/anushka/ros2_ws/install/my_robot_interfaces/share/my_robot_interfaces/hook/cmake_prefix_path.ps1'
[2.924s] INFO:colcon.colcon_core.shell:Creating environment descriptor '/home/anushka/ros2_ws/install/my_robot_interfaces/share/my_robot_interfaces/hook/cmake_prefix_path.dsv'
[2.925s] INFO:colcon.colcon_core.shell:Creating environment hook '/home/anushka/ros2_ws/install/my_robot_interfaces/share/my_robot_interfaces/hook/cmake_prefix_path.sh'
[2.925s] Level 1:colcon.colcon_core.environment:checking '/home/anushka/ros2_ws/install/my_robot_interfaces/lib'
[2.925s] Level 1:colcon.colcon_core.shell:create_environment_hook('my_robot_interfaces', 'ld_library_path_lib')
[2.944s] INFO:colcon.colcon_core.shell:Creating environment hook '/home/anushka/ros2_ws/install/my_robot_interfaces/share/my_robot_interfaces/hook/ld_library_path_lib.ps1'
[2.944s] INFO:colcon.colcon_core.shell:Creating environment descriptor '/home/anushka/ros2_ws/install/my_robot_interfaces/share/my_robot_interfaces/hook/ld_library_path_lib.dsv'
[2.945s] INFO:colcon.colcon_core.shell:Creating environment hook '/home/anushka/ros2_ws/install/my_robot_interfaces/share/my_robot_interfaces/hook/ld_library_path_lib.sh'
[2.945s] Level 1:colcon.colcon_core.environment:checking '/home/anushka/ros2_ws/install/my_robot_interfaces/bin'
[2.945s] Level 1:colcon.colcon_core.environment:checking '/home/anushka/ros2_ws/install/my_robot_interfaces/lib/pkgconfig/my_robot_interfaces.pc'
[2.945s] Level 1:colcon.colcon_core.environment:checking '/home/anushka/ros2_ws/install/my_robot_interfaces/lib/python3.10/site-packages'
[2.946s] Level 1:colcon.colcon_core.environment:checking '/home/anushka/ros2_ws/install/my_robot_interfaces/bin'
[2.964s] INFO:colcon.colcon_core.shell:Creating package script '/home/anushka/ros2_ws/install/my_robot_interfaces/share/my_robot_interfaces/package.ps1'
[2.965s] INFO:colcon.colcon_core.shell:Creating package descriptor '/home/anushka/ros2_ws/install/my_robot_interfaces/share/my_robot_interfaces/package.dsv'
[2.965s] INFO:colcon.colcon_core.shell:Creating package script '/home/anushka/ros2_ws/install/my_robot_interfaces/share/my_robot_interfaces/package.sh'
[2.966s] INFO:colcon.colcon_core.shell:Creating package script '/home/anushka/ros2_ws/install/my_robot_interfaces/share/my_robot_interfaces/package.bash'
[2.966s] INFO:colcon.colcon_core.shell:Creating package script '/home/anushka/ros2_ws/install/my_robot_interfaces/share/my_robot_interfaces/package.zsh'
[2.967s] Level 1:colcon.colcon_core.environment:create_file_with_runtime_dependencies(/home/anushka/ros2_ws/install/my_robot_interfaces/share/colcon-core/packages/my_robot_interfaces)
[2.967s] INFO:colcon.colcon_ros.task.ament_cmake.build:Building ROS package in '/home/anushka/ros2_ws/src/my_cpp_pkg' with build type 'ament_cmake'
[2.968s] INFO:colcon.colcon_cmake.task.cmake.build:Building CMake package in '/home/anushka/ros2_ws/src/my_cpp_pkg'
[2.986s] INFO:colcon.colcon_core.shell:Skip shell extension 'powershell' for command environment: Not usable outside of PowerShell
[2.986s] DEBUG:colcon.colcon_core.shell:Skip shell extension 'dsv' for command environment
[3.099s] INFO:colcon.colcon_ros.task.ament_python.build:Building ROS package in '/home/anushka/ros2_ws/src/my_py_pkg' with build type 'ament_python'
[3.100s] Level 1:colcon.colcon_core.shell:create_environment_hook('my_py_pkg', 'ament_prefix_path')
[3.116s] INFO:colcon.colcon_core.shell:Creating environment hook '/home/anushka/ros2_ws/install/my_py_pkg/share/my_py_pkg/hook/ament_prefix_path.ps1'
[3.117s] INFO:colcon.colcon_core.shell:Creating environment descriptor '/home/anushka/ros2_ws/install/my_py_pkg/share/my_py_pkg/hook/ament_prefix_path.dsv'
[3.117s] INFO:colcon.colcon_core.shell:Creating environment hook '/home/anushka/ros2_ws/install/my_py_pkg/share/my_py_pkg/hook/ament_prefix_path.sh'
[3.137s] INFO:colcon.colcon_core.shell:Skip shell extension 'powershell' for command environment: Not usable outside of PowerShell
[3.138s] DEBUG:colcon.colcon_core.shell:Skip shell extension 'dsv' for command environment
[3.256s] DEBUG:colcon.colcon_core.event_handler.log_command:Invoking command in '/home/anushka/ros2_ws/build/my_cpp_pkg': CMAKE_PREFIX_PATH=/home/anushka/ros2_ws/install/my_robot_interfaces:/home/anushka/ros2_ws/install/my_cpp_pkg:/home/anushka/voidwalking/ros2_ws/install/void_tests:/home/anushka/voidwalking/ros2_ws/install/turtlebot_test:/home/anushka/voidwalking/ros2_ws/install/spatio_temporal_voxel_layer:/home/anushka/voidwalking/ros2_ws/install/main:/home/anushka/voidwalking/ros2_ws/install/simulation:/home/anushka/voidwalking/ros2_ws/install/rviz_satellite:/home/anushka/voidwalking/ros2_ws/install/obstacle_avoidance:/home/anushka/voidwalking/ros2_ws/install/nav2_turtlebot3:/home/anushka/voidwalking/ros2_ws/install/mapping:/home/anushka/eric_ws/install/vid_interface:/home/anushka/ros2_ws/install/my_py_pkg:/home/anushka/voidwalking/ros2_ws/install/waypoints:/home/anushka/anu_ws/install/servo_controller:/home/anushka/eric_ws/install/camera_pkg_p:/opt/ros/humble /usr/bin/cmake --build /home/anushka/ros2_ws/build/my_cpp_pkg -- -j8 -l8
[3.599s] INFO:colcon.colcon_core.task.python.build:Building Python package in '/home/anushka/ros2_ws/src/my_py_pkg'
[3.618s] INFO:colcon.colcon_core.shell:Skip shell extension 'powershell' for command environment: Not usable outside of PowerShell
[3.619s] DEBUG:colcon.colcon_core.shell:Skip shell extension 'dsv' for command environment
[3.732s] DEBUG:colcon.colcon_core.event_handler.log_command:Invoked command in '/home/anushka/ros2_ws/build/my_cpp_pkg' returned '0': CMAKE_PREFIX_PATH=/home/anushka/ros2_ws/install/my_robot_interfaces:/home/anushka/ros2_ws/install/my_cpp_pkg:/home/anushka/voidwalking/ros2_ws/install/void_tests:/home/anushka/voidwalking/ros2_ws/install/turtlebot_test:/home/anushka/voidwalking/ros2_ws/install/spatio_temporal_voxel_layer:/home/anushka/voidwalking/ros2_ws/install/main:/home/anushka/voidwalking/ros2_ws/install/simulation:/home/anushka/voidwalking/ros2_ws/install/rviz_satellite:/home/anushka/voidwalking/ros2_ws/install/obstacle_avoidance:/home/anushka/voidwalking/ros2_ws/install/nav2_turtlebot3:/home/anushka/voidwalking/ros2_ws/install/mapping:/home/anushka/eric_ws/install/vid_interface:/home/anushka/ros2_ws/install/my_py_pkg:/home/anushka/voidwalking/ros2_ws/install/waypoints:/home/anushka/anu_ws/install/servo_controller:/home/anushka/eric_ws/install/camera_pkg_p:/opt/ros/humble /usr/bin/cmake --build /home/anushka/ros2_ws/build/my_cpp_pkg -- -j8 -l8
[3.818s] DEBUG:colcon.colcon_core.event_handler.log_command:Invoking command in '/home/anushka/ros2_ws/build/my_cpp_pkg': CMAKE_PREFIX_PATH=/home/anushka/ros2_ws/install/my_robot_interfaces:/home/anushka/ros2_ws/install/my_cpp_pkg:/home/anushka/voidwalking/ros2_ws/install/void_tests:/home/anushka/voidwalking/ros2_ws/install/turtlebot_test:/home/anushka/voidwalking/ros2_ws/install/spatio_temporal_voxel_layer:/home/anushka/voidwalking/ros2_ws/install/main:/home/anushka/voidwalking/ros2_ws/install/simulation:/home/anushka/voidwalking/ros2_ws/install/rviz_satellite:/home/anushka/voidwalking/ros2_ws/install/obstacle_avoidance:/home/anushka/voidwalking/ros2_ws/install/nav2_turtlebot3:/home/anushka/voidwalking/ros2_ws/install/mapping:/home/anushka/eric_ws/install/vid_interface:/home/anushka/ros2_ws/install/my_py_pkg:/home/anushka/voidwalking/ros2_ws/install/waypoints:/home/anushka/anu_ws/install/servo_controller:/home/anushka/eric_ws/install/camera_pkg_p:/opt/ros/humble /usr/bin/cmake --install /home/anushka/ros2_ws/build/my_cpp_pkg
[3.834s] Level 1:colcon.colcon_core.environment:create_environment_scripts_only(my_cpp_pkg)
[3.834s] DEBUG:colcon.colcon_core.event_handler.log_command:Invoked command in '/home/anushka/ros2_ws/build/my_cpp_pkg' returned '0': CMAKE_PREFIX_PATH=/home/anushka/ros2_ws/install/my_robot_interfaces:/home/anushka/ros2_ws/install/my_cpp_pkg:/home/anushka/voidwalking/ros2_ws/install/void_tests:/home/anushka/voidwalking/ros2_ws/install/turtlebot_test:/home/anushka/voidwalking/ros2_ws/install/spatio_temporal_voxel_layer:/home/anushka/voidwalking/ros2_ws/install/main:/home/anushka/voidwalking/ros2_ws/install/simulation:/home/anushka/voidwalking/ros2_ws/install/rviz_satellite:/home/anushka/voidwalking/ros2_ws/install/obstacle_avoidance:/home/anushka/voidwalking/ros2_ws/install/nav2_turtlebot3:/home/anushka/voidwalking/ros2_ws/install/mapping:/home/anushka/eric_ws/install/vid_interface:/home/anushka/ros2_ws/install/my_py_pkg:/home/anushka/voidwalking/ros2_ws/install/waypoints:/home/anushka/anu_ws/install/servo_controller:/home/anushka/eric_ws/install/camera_pkg_p:/opt/ros/humble /usr/bin/cmake --install /home/anushka/ros2_ws/build/my_cpp_pkg
[3.853s] Level 1:colcon.colcon_core.environment:checking '/home/anushka/ros2_ws/install/my_cpp_pkg' for CMake module files
[3.854s] Level 1:colcon.colcon_core.environment:checking '/home/anushka/ros2_ws/install/my_cpp_pkg' for CMake config files
[3.854s] Level 1:colcon.colcon_core.shell:create_environment_hook('my_cpp_pkg', 'cmake_prefix_path')
[3.891s] INFO:colcon.colcon_core.shell:Creating environment hook '/home/anushka/ros2_ws/install/my_cpp_pkg/share/my_cpp_pkg/hook/cmake_prefix_path.ps1'
[3.891s] INFO:colcon.colcon_core.shell:Creating environment descriptor '/home/anushka/ros2_ws/install/my_cpp_pkg/share/my_cpp_pkg/hook/cmake_prefix_path.dsv'
[3.891s] INFO:colcon.colcon_core.shell:Creating environment hook '/home/anushka/ros2_ws/install/my_cpp_pkg/share/my_cpp_pkg/hook/cmake_prefix_path.sh'
[3.892s] Level 1:colcon.colcon_core.environment:checking '/home/anushka/ros2_ws/install/my_cpp_pkg/lib'
[3.892s] Level 1:colcon.colcon_core.environment:checking '/home/anushka/ros2_ws/install/my_cpp_pkg/bin'
[3.892s] Level 1:colcon.colcon_core.environment:checking '/home/anushka/ros2_ws/install/my_cpp_pkg/lib/pkgconfig/my_cpp_pkg.pc'
[3.892s] Level 1:colcon.colcon_core.environment:checking '/home/anushka/ros2_ws/install/my_cpp_pkg/lib/python3.10/site-packages'
[3.893s] Level 1:colcon.colcon_core.environment:checking '/home/anushka/ros2_ws/install/my_cpp_pkg/bin'
[3.911s] INFO:colcon.colcon_core.shell:Creating package script '/home/anushka/ros2_ws/install/my_cpp_pkg/share/my_cpp_pkg/package.ps1'
[3.911s] INFO:colcon.colcon_core.shell:Creating package descriptor '/home/anushka/ros2_ws/install/my_cpp_pkg/share/my_cpp_pkg/package.dsv'
[3.912s] INFO:colcon.colcon_core.shell:Creating package script '/home/anushka/ros2_ws/install/my_cpp_pkg/share/my_cpp_pkg/package.sh'
[3.912s] INFO:colcon.colcon_core.shell:Creating package script '/home/anushka/ros2_ws/install/my_cpp_pkg/share/my_cpp_pkg/package.bash'
[3.912s] INFO:colcon.colcon_core.shell:Creating package script '/home/anushka/ros2_ws/install/my_cpp_pkg/share/my_cpp_pkg/package.zsh'
[3.913s] Level 1:colcon.colcon_core.environment:create_file_with_runtime_dependencies(/home/anushka/ros2_ws/install/my_cpp_pkg/share/colcon-core/packages/my_cpp_pkg)
[4.015s] Level 1:colcon.colcon_core.environment:create_environment_scripts_only(my_cpp_pkg)
[4.033s] Level 1:colcon.colcon_core.environment:checking '/home/anushka/ros2_ws/install/my_cpp_pkg' for CMake module files
[4.034s] Level 1:colcon.colcon_core.environment:checking '/home/anushka/ros2_ws/install/my_cpp_pkg' for CMake config files
[4.034s] Level 1:colcon.colcon_core.shell:create_environment_hook('my_cpp_pkg', 'cmake_prefix_path')
[4.053s] INFO:colcon.colcon_core.shell:Creating environment hook '/home/anushka/ros2_ws/install/my_cpp_pkg/share/my_cpp_pkg/hook/cmake_prefix_path.ps1'
[4.053s] INFO:colcon.colcon_core.shell:Creating environment descriptor '/home/anushka/ros2_ws/install/my_cpp_pkg/share/my_cpp_pkg/hook/cmake_prefix_path.dsv'
[4.054s] INFO:colcon.colcon_core.shell:Creating environment hook '/home/anushka/ros2_ws/install/my_cpp_pkg/share/my_cpp_pkg/hook/cmake_prefix_path.sh'
[4.054s] Level 1:colcon.colcon_core.environment:checking '/home/anushka/ros2_ws/install/my_cpp_pkg/lib'
[4.054s] Level 1:colcon.colcon_core.environment:checking '/home/anushka/ros2_ws/install/my_cpp_pkg/bin'
[4.054s] Level 1:colcon.colcon_core.environment:checking '/home/anushka/ros2_ws/install/my_cpp_pkg/lib/pkgconfig/my_cpp_pkg.pc'
[4.055s] Level 1:colcon.colcon_core.environment:checking '/home/anushka/ros2_ws/install/my_cpp_pkg/lib/python3.10/site-packages'
[4.055s] Level 1:colcon.colcon_core.environment:checking '/home/anushka/ros2_ws/install/my_cpp_pkg/bin'
[4.074s] INFO:colcon.colcon_core.shell:Creating package script '/home/anushka/ros2_ws/install/my_cpp_pkg/share/my_cpp_pkg/package.ps1'
[4.075s] INFO:colcon.colcon_core.shell:Creating package descriptor '/home/anushka/ros2_ws/install/my_cpp_pkg/share/my_cpp_pkg/package.dsv'
[4.075s] INFO:colcon.colcon_core.shell:Creating package script '/home/anushka/ros2_ws/install/my_cpp_pkg/share/my_cpp_pkg/package.sh'
[4.076s] INFO:colcon.colcon_core.shell:Creating package script '/home/anushka/ros2_ws/install/my_cpp_pkg/share/my_cpp_pkg/package.bash'
[4.076s] INFO:colcon.colcon_core.shell:Creating package script '/home/anushka/ros2_ws/install/my_cpp_pkg/share/my_cpp_pkg/package.zsh'
[4.077s] Level 1:colcon.colcon_core.environment:create_file_with_runtime_dependencies(/home/anushka/ros2_ws/install/my_cpp_pkg/share/colcon-core/packages/my_cpp_pkg)
[4.204s] DEBUG:colcon.colcon_core.event_handler.log_command:Invoking command in '/home/anushka/ros2_ws/src/my_py_pkg': CMAKE_PREFIX_PATH=/home/anushka/ros2_ws/install/my_robot_interfaces:/home/anushka/ros2_ws/install/my_cpp_pkg:/home/anushka/voidwalking/ros2_ws/install/void_tests:/home/anushka/voidwalking/ros2_ws/install/turtlebot_test:/home/anushka/voidwalking/ros2_ws/install/spatio_temporal_voxel_layer:/home/anushka/voidwalking/ros2_ws/install/main:/home/anushka/voidwalking/ros2_ws/install/simulation:/home/anushka/voidwalking/ros2_ws/install/rviz_satellite:/home/anushka/voidwalking/ros2_ws/install/obstacle_avoidance:/home/anushka/voidwalking/ros2_ws/install/nav2_turtlebot3:/home/anushka/voidwalking/ros2_ws/install/mapping:/home/anushka/eric_ws/install/vid_interface PYTHONPATH=/home/anushka/ros2_ws/build/my_py_pkg/prefix_override:/home/anushka/ros2_ws/install/my_py_pkg/lib/python3.10/site-packages:${PYTHONPATH} /usr/bin/python3 setup.py egg_info --egg-base ../../build/my_py_pkg build --build-base /home/anushka/ros2_ws/build/my_py_pkg/build install --record /home/anushka/ros2_ws/build/my_py_pkg/install.log --single-version-externally-managed
[4.602s] DEBUG:colcon.colcon_core.event_handler.log_command:Invoked command in '/home/anushka/ros2_ws/src/my_py_pkg' returned '0': CMAKE_PREFIX_PATH=/home/anushka/ros2_ws/install/my_robot_interfaces:/home/anushka/ros2_ws/install/my_cpp_pkg:/home/anushka/voidwalking/ros2_ws/install/void_tests:/home/anushka/voidwalking/ros2_ws/install/turtlebot_test:/home/anushka/voidwalking/ros2_ws/install/spatio_temporal_voxel_layer:/home/anushka/voidwalking/ros2_ws/install/main:/home/anushka/voidwalking/ros2_ws/install/simulation:/home/anushka/voidwalking/ros2_ws/install/rviz_satellite:/home/anushka/voidwalking/ros2_ws/install/obstacle_avoidance:/home/anushka/voidwalking/ros2_ws/install/nav2_turtlebot3:/home/anushka/voidwalking/ros2_ws/install/mapping:/home/anushka/eric_ws/install/vid_interface PYTHONPATH=/home/anushka/ros2_ws/build/my_py_pkg/prefix_override:/home/anushka/ros2_ws/install/my_py_pkg/lib/python3.10/site-packages:${PYTHONPATH} /usr/bin/python3 setup.py egg_info --egg-base ../../build/my_py_pkg build --build-base /home/anushka/ros2_ws/build/my_py_pkg/build install --record /home/anushka/ros2_ws/build/my_py_pkg/install.log --single-version-externally-managed
[4.620s] Level 1:colcon.colcon_core.environment:checking '/home/anushka/ros2_ws/install/my_py_pkg' for CMake module files
[4.621s] Level 1:colcon.colcon_core.environment:checking '/home/anushka/ros2_ws/install/my_py_pkg' for CMake config files
[4.621s] Level 1:colcon.colcon_core.environment:checking '/home/anushka/ros2_ws/install/my_py_pkg/lib'
[4.621s] Level 1:colcon.colcon_core.environment:checking '/home/anushka/ros2_ws/install/my_py_pkg/bin'
[4.621s] Level 1:colcon.colcon_core.environment:checking '/home/anushka/ros2_ws/install/my_py_pkg/lib/pkgconfig/my_py_pkg.pc'
[4.622s] Level 1:colcon.colcon_core.environment:checking '/home/anushka/ros2_ws/install/my_py_pkg/lib/python3.10/site-packages'
[4.622s] Level 1:colcon.colcon_core.shell:create_environment_hook('my_py_pkg', 'pythonpath')
[4.639s] INFO:colcon.colcon_core.shell:Creating environment hook '/home/anushka/ros2_ws/install/my_py_pkg/share/my_py_pkg/hook/pythonpath.ps1'
[4.639s] INFO:colcon.colcon_core.shell:Creating environment descriptor '/home/anushka/ros2_ws/install/my_py_pkg/share/my_py_pkg/hook/pythonpath.dsv'
[4.640s] INFO:colcon.colcon_core.shell:Creating environment hook '/home/anushka/ros2_ws/install/my_py_pkg/share/my_py_pkg/hook/pythonpath.sh'
[4.640s] Level 1:colcon.colcon_core.environment:checking '/home/anushka/ros2_ws/install/my_py_pkg/bin'
[4.640s] Level 1:colcon.colcon_core.environment:create_environment_scripts_only(my_py_pkg)
[4.659s] INFO:colcon.colcon_core.shell:Creating package script '/home/anushka/ros2_ws/install/my_py_pkg/share/my_py_pkg/package.ps1'
[4.659s] INFO:colcon.colcon_core.shell:Creating package descriptor '/home/anushka/ros2_ws/install/my_py_pkg/share/my_py_pkg/package.dsv'
[4.660s] INFO:colcon.colcon_core.shell:Creating package script '/home/anushka/ros2_ws/install/my_py_pkg/share/my_py_pkg/package.sh'
[4.660s] INFO:colcon.colcon_core.shell:Creating package script '/home/anushka/ros2_ws/install/my_py_pkg/share/my_py_pkg/package.bash'
[4.661s] INFO:colcon.colcon_core.shell:Creating package script '/home/anushka/ros2_ws/install/my_py_pkg/share/my_py_pkg/package.zsh'
[4.661s] Level 1:colcon.colcon_core.environment:create_file_with_runtime_dependencies(/home/anushka/ros2_ws/install/my_py_pkg/share/colcon-core/packages/my_py_pkg)
[4.661s] DEBUG:colcon.colcon_parallel_executor.executor.parallel:closing loop
[4.662s] DEBUG:colcon.colcon_parallel_executor.executor.parallel:loop closed
[4.662s] DEBUG:colcon.colcon_parallel_executor.executor.parallel:run_until_complete finished with '0'
[4.662s] DEBUG:colcon.colcon_core.event_reactor:joining thread
[4.686s] INFO:colcon.colcon_core.plugin_system:Skipping extension 'colcon_notification.desktop_notification.terminal_notifier': Not used on non-Darwin systems
[4.686s] INFO:colcon.colcon_core.plugin_system:Skipping extension 'colcon_notification.desktop_notification.win32': Not used on non-Windows systems
[4.686s] INFO:colcon.colcon_notification.desktop_notification:Sending desktop notification using 'notify2'
[4.699s] DEBUG:colcon.colcon_core.event_reactor:joined thread
[4.717s] INFO:colcon.colcon_core.shell:Creating prefix script '/home/anushka/ros2_ws/install/local_setup.ps1'
[4.719s] INFO:colcon.colcon_core.shell:Creating prefix util module '/home/anushka/ros2_ws/install/_local_setup_util_ps1.py'
[4.721s] INFO:colcon.colcon_core.shell:Creating prefix chain script '/home/anushka/ros2_ws/install/setup.ps1'
[4.744s] INFO:colcon.colcon_core.shell:Creating prefix script '/home/anushka/ros2_ws/install/local_setup.sh'
[4.745s] INFO:colcon.colcon_core.shell:Creating prefix util module '/home/anushka/ros2_ws/install/_local_setup_util_sh.py'
[4.745s] INFO:colcon.colcon_core.shell:Creating prefix chain script '/home/anushka/ros2_ws/install/setup.sh'
[4.768s] INFO:colcon.colcon_core.shell:Creating prefix script '/home/anushka/ros2_ws/install/local_setup.bash'
[4.768s] INFO:colcon.colcon_core.shell:Creating prefix chain script '/home/anushka/ros2_ws/install/setup.bash'
[4.790s] INFO:colcon.colcon_core.shell:Creating prefix script '/home/anushka/ros2_ws/install/local_setup.zsh'
[4.790s] INFO:colcon.colcon_core.shell:Creating prefix chain script '/home/anushka/ros2_ws/install/setup.zsh'
