/home/anushka/ros2_ws/install/my_py_pkg/lib/python3.10/site-packages/my_py_pkg/add_two_ints_oop.py
/home/anushka/ros2_ws/install/my_py_pkg/lib/python3.10/site-packages/my_py_pkg/__init__.py
/home/anushka/ros2_ws/install/my_py_pkg/lib/python3.10/site-packages/my_py_pkg/led_status_server.py
/home/anushka/ros2_ws/install/my_py_pkg/lib/python3.10/site-packages/my_py_pkg/my_firrst_node.py
/home/anushka/ros2_ws/install/my_py_pkg/lib/python3.10/site-packages/my_py_pkg/robot_news_station_u.py
/home/anushka/ros2_ws/install/my_py_pkg/lib/python3.10/site-packages/my_py_pkg/add_two_ints_client.py
/home/anushka/ros2_ws/install/my_py_pkg/lib/python3.10/site-packages/my_py_pkg/battery_client.py
/home/anushka/ros2_ws/install/my_py_pkg/lib/python3.10/site-packages/my_py_pkg/hardware_msg_test.py
/home/anushka/ros2_ws/install/my_py_pkg/lib/python3.10/site-packages/my_py_pkg/mobile_u.py
/home/anushka/ros2_ws/install/my_py_pkg/lib/python3.10/site-packages/my_py_pkg/number_counter_code.py
/home/anushka/ros2_ws/install/my_py_pkg/lib/python3.10/site-packages/my_py_pkg/my_add_service.py
/home/anushka/ros2_ws/install/my_py_pkg/lib/python3.10/site-packages/my_py_pkg/number_publisher_code.py
/home/anushka/ros2_ws/install/my_py_pkg/lib/python3.10/site-packages/my_py_pkg/__pycache__/add_two_ints_oop.cpython-310.pyc
/home/anushka/ros2_ws/install/my_py_pkg/lib/python3.10/site-packages/my_py_pkg/__pycache__/__init__.cpython-310.pyc
/home/anushka/ros2_ws/install/my_py_pkg/lib/python3.10/site-packages/my_py_pkg/__pycache__/led_status_server.cpython-310.pyc
/home/anushka/ros2_ws/install/my_py_pkg/lib/python3.10/site-packages/my_py_pkg/__pycache__/my_firrst_node.cpython-310.pyc
/home/anushka/ros2_ws/install/my_py_pkg/lib/python3.10/site-packages/my_py_pkg/__pycache__/robot_news_station_u.cpython-310.pyc
/home/anushka/ros2_ws/install/my_py_pkg/lib/python3.10/site-packages/my_py_pkg/__pycache__/add_two_ints_client.cpython-310.pyc
/home/anushka/ros2_ws/install/my_py_pkg/lib/python3.10/site-packages/my_py_pkg/__pycache__/battery_client.cpython-310.pyc
/home/anushka/ros2_ws/install/my_py_pkg/lib/python3.10/site-packages/my_py_pkg/__pycache__/hardware_msg_test.cpython-310.pyc
/home/anushka/ros2_ws/install/my_py_pkg/lib/python3.10/site-packages/my_py_pkg/__pycache__/mobile_u.cpython-310.pyc
/home/anushka/ros2_ws/install/my_py_pkg/lib/python3.10/site-packages/my_py_pkg/__pycache__/number_counter_code.cpython-310.pyc
/home/anushka/ros2_ws/install/my_py_pkg/lib/python3.10/site-packages/my_py_pkg/__pycache__/my_add_service.cpython-310.pyc
/home/anushka/ros2_ws/install/my_py_pkg/lib/python3.10/site-packages/my_py_pkg/__pycache__/number_publisher_code.cpython-310.pyc
/home/anushka/ros2_ws/install/my_py_pkg/share/ament_index/resource_index/packages/my_py_pkg
/home/anushka/ros2_ws/install/my_py_pkg/share/my_py_pkg/package.xml
/home/anushka/ros2_ws/install/my_py_pkg/lib/python3.10/site-packages/my_py_pkg-0.0.0-py3.10.egg-info/SOURCES.txt
/home/anushka/ros2_ws/install/my_py_pkg/lib/python3.10/site-packages/my_py_pkg-0.0.0-py3.10.egg-info/requires.txt
/home/anushka/ros2_ws/install/my_py_pkg/lib/python3.10/site-packages/my_py_pkg-0.0.0-py3.10.egg-info/top_level.txt
/home/anushka/ros2_ws/install/my_py_pkg/lib/python3.10/site-packages/my_py_pkg-0.0.0-py3.10.egg-info/dependency_links.txt
/home/anushka/ros2_ws/install/my_py_pkg/lib/python3.10/site-packages/my_py_pkg-0.0.0-py3.10.egg-info/entry_points.txt
/home/anushka/ros2_ws/install/my_py_pkg/lib/python3.10/site-packages/my_py_pkg-0.0.0-py3.10.egg-info/zip-safe
/home/anushka/ros2_ws/install/my_py_pkg/lib/python3.10/site-packages/my_py_pkg-0.0.0-py3.10.egg-info/PKG-INFO
/home/anushka/ros2_ws/install/my_py_pkg/lib/my_py_pkg/add_two_ints_client
/home/anushka/ros2_ws/install/my_py_pkg/lib/my_py_pkg/add_two_ints_oop_client
/home/anushka/ros2_ws/install/my_py_pkg/lib/my_py_pkg/battery_client_exe
/home/anushka/ros2_ws/install/my_py_pkg/lib/my_py_pkg/hardware_exe
/home/anushka/ros2_ws/install/my_py_pkg/lib/my_py_pkg/led_status_server
/home/anushka/ros2_ws/install/my_py_pkg/lib/my_py_pkg/mobilephone
/home/anushka/ros2_ws/install/my_py_pkg/lib/my_py_pkg/my_add_service
/home/anushka/ros2_ws/install/my_py_pkg/lib/my_py_pkg/number_counter
/home/anushka/ros2_ws/install/my_py_pkg/lib/my_py_pkg/number_publisher
/home/anushka/ros2_ws/install/my_py_pkg/lib/my_py_pkg/py_node_p
/home/anushka/ros2_ws/install/my_py_pkg/lib/my_py_pkg/robot_news_station
