[35m[1mConsolidate compiler generated dependencies of target cpp_node_c2[0m
[35m[1mConsolidate compiler generated dependencies of target number_counter[0m
[35m[1mConsolidate compiler generated dependencies of target timer_node_1[0m
[35m[1mConsolidate compiler generated dependencies of target smartphone_exe[0m
[35m[1mConsolidate compiler generated dependencies of target robot_news_station_exe[0m
[35m[1mConsolidate compiler generated dependencies of target add_two_ints_server_exe[0m
[35m[1mConsolidate compiler generated dependencies of target number_publisher[0m
[35m[1mConsolidate compiler generated dependencies of target cpp_node_c[0m
[  9%] Built target number_counter
[ 18%] Built target cpp_node_c2
[ 27%] Built target timer_node_1
[ 36%] Built target smartphone_exe
[ 45%] Built target add_two_ints_server_exe
[ 54%] Built target number_publisher
[ 63%] Built target robot_news_station_exe
[ 72%] Built target cpp_node_c
[35m[1mConsolidate compiler generated dependencies of target add_two_ints_client_no_oop_exe[0m
[35m[1mConsolidate compiler generated dependencies of target add_two_ints_client_exe[0m
[35m[1mConsolidate compiler generated dependencies of target hardware_exe[0m
[ 81%] Built target add_two_ints_client_no_oop_exe
[ 90%] [32mBuilding CXX object CMakeFiles/hardware_exe.dir/src/hardware_msg_test.cpp.o[0m
[ 95%] Built target add_two_ints_client_exe
[100%] [32m[1mLinking CXX executable hardware_exe[0m
[100%] Built target hardware_exe
-- Install configuration: ""
-- Up-to-date: /home/anushka/ros2_ws/install/my_cpp_pkg/lib/my_cpp_pkg/cpp_node_c
-- Up-to-date: /home/anushka/ros2_ws/install/my_cpp_pkg/lib/my_cpp_pkg/cpp_node_c2
-- Up-to-date: /home/anushka/ros2_ws/install/my_cpp_pkg/lib/my_cpp_pkg/timer_node_1
-- Up-to-date: /home/anushka/ros2_ws/install/my_cpp_pkg/lib/my_cpp_pkg/robot_news_station_exe
-- Up-to-date: /home/anushka/ros2_ws/install/my_cpp_pkg/lib/my_cpp_pkg/smartphone_exe
-- Up-to-date: /home/anushka/ros2_ws/install/my_cpp_pkg/lib/my_cpp_pkg/number_publisher
-- Up-to-date: /home/anushka/ros2_ws/install/my_cpp_pkg/lib/my_cpp_pkg/number_counter
-- Up-to-date: /home/anushka/ros2_ws/install/my_cpp_pkg/lib/my_cpp_pkg/add_two_ints_server_exe
-- Up-to-date: /home/anushka/ros2_ws/install/my_cpp_pkg/lib/my_cpp_pkg/add_two_ints_client_no_oop_exe
-- Up-to-date: /home/anushka/ros2_ws/install/my_cpp_pkg/lib/my_cpp_pkg/add_two_ints_client_exe
-- Installing: /home/anushka/ros2_ws/install/my_cpp_pkg/lib/my_cpp_pkg/hardware_exe
-- Set runtime path of "/home/anushka/ros2_ws/install/my_cpp_pkg/lib/my_cpp_pkg/hardware_exe" to ""
-- Up-to-date: /home/anushka/ros2_ws/install/my_cpp_pkg/share/ament_index/resource_index/package_run_dependencies/my_cpp_pkg
-- Up-to-date: /home/anushka/ros2_ws/install/my_cpp_pkg/share/ament_index/resource_index/parent_prefix_path/my_cpp_pkg
-- Up-to-date: /home/anushka/ros2_ws/install/my_cpp_pkg/share/my_cpp_pkg/environment/ament_prefix_path.sh
-- Up-to-date: /home/anushka/ros2_ws/install/my_cpp_pkg/share/my_cpp_pkg/environment/ament_prefix_path.dsv
-- Up-to-date: /home/anushka/ros2_ws/install/my_cpp_pkg/share/my_cpp_pkg/environment/path.sh
-- Up-to-date: /home/anushka/ros2_ws/install/my_cpp_pkg/share/my_cpp_pkg/environment/path.dsv
-- Up-to-date: /home/anushka/ros2_ws/install/my_cpp_pkg/share/my_cpp_pkg/local_setup.bash
-- Up-to-date: /home/anushka/ros2_ws/install/my_cpp_pkg/share/my_cpp_pkg/local_setup.sh
-- Up-to-date: /home/anushka/ros2_ws/install/my_cpp_pkg/share/my_cpp_pkg/local_setup.zsh
-- Up-to-date: /home/anushka/ros2_ws/install/my_cpp_pkg/share/my_cpp_pkg/local_setup.dsv
-- Installing: /home/anushka/ros2_ws/install/my_cpp_pkg/share/my_cpp_pkg/package.dsv
-- Up-to-date: /home/anushka/ros2_ws/install/my_cpp_pkg/share/ament_index/resource_index/packages/my_cpp_pkg
-- Up-to-date: /home/anushka/ros2_ws/install/my_cpp_pkg/share/my_cpp_pkg/cmake/my_cpp_pkgConfig.cmake
-- Up-to-date: /home/anushka/ros2_ws/install/my_cpp_pkg/share/my_cpp_pkg/cmake/my_cpp_pkgConfig-version.cmake
-- Up-to-date: /home/anushka/ros2_ws/install/my_cpp_pkg/share/my_cpp_pkg/package.xml
