[0.291s] Invoking command in '/home/anushka/ros2_ws/build/my_cpp_pkg': CMAKE_PREFIX_PATH=/home/anushka/ros2_ws/install/my_robot_interfaces:/home/anushka/ros2_ws/install/my_cpp_pkg:/home/anushka/voidwalking/ros2_ws/install/void_tests:/home/anushka/voidwalking/ros2_ws/install/turtlebot_test:/home/anushka/voidwalking/ros2_ws/install/spatio_temporal_voxel_layer:/home/anushka/voidwalking/ros2_ws/install/main:/home/anushka/voidwalking/ros2_ws/install/simulation:/home/anushka/voidwalking/ros2_ws/install/rviz_satellite:/home/anushka/voidwalking/ros2_ws/install/obstacle_avoidance:/home/anushka/voidwalking/ros2_ws/install/nav2_turtlebot3:/home/anushka/voidwalking/ros2_ws/install/mapping:/home/anushka/eric_ws/install/vid_interface:/home/anushka/ros2_ws/install/my_py_pkg:/home/anushka/voidwalking/ros2_ws/install/waypoints:/home/anushka/anu_ws/install/servo_controller:/home/anushka/eric_ws/install/camera_pkg_p:/opt/ros/humble /usr/bin/cmake --build /home/anushka/ros2_ws/build/my_cpp_pkg -- -j8 -l8
[0.352s] [35m[1mConsolidate compiler generated dependencies of target robot_news_station_exe[0m
[0.370s] [  9%] [32mBuilding CXX object CMakeFiles/robot_news_station_exe.dir/src/robot_news_station_code.cpp.o[0m
[0.371s] [ 18%] Built target cpp_node_c
[0.371s] [ 31%] Built target cpp_node_c2
[0.372s] [ 31%] Built target smartphone_exe
[0.376s] [ 40%] Built target number_publisher
[0.383s] [ 50%] Built target add_two_ints_server_exe
[0.392s] [ 59%] Built target timer_node_1
[0.393s] [ 68%] Built target number_counter
[0.407s] [ 77%] Built target add_two_ints_client_no_oop_exe
[0.410s] [ 86%] Built target add_two_ints_client_exe
[0.422s] [ 95%] Built target hardware_exe
[4.544s] [100%] [32m[1mLinking CXX executable robot_news_station_exe[0m
[4.837s] [100%] Built target robot_news_station_exe
[4.851s] Invoked command in '/home/anushka/ros2_ws/build/my_cpp_pkg' returned '0': CMAKE_PREFIX_PATH=/home/anushka/ros2_ws/install/my_robot_interfaces:/home/anushka/ros2_ws/install/my_cpp_pkg:/home/anushka/voidwalking/ros2_ws/install/void_tests:/home/anushka/voidwalking/ros2_ws/install/turtlebot_test:/home/anushka/voidwalking/ros2_ws/install/spatio_temporal_voxel_layer:/home/anushka/voidwalking/ros2_ws/install/main:/home/anushka/voidwalking/ros2_ws/install/simulation:/home/anushka/voidwalking/ros2_ws/install/rviz_satellite:/home/anushka/voidwalking/ros2_ws/install/obstacle_avoidance:/home/anushka/voidwalking/ros2_ws/install/nav2_turtlebot3:/home/anushka/voidwalking/ros2_ws/install/mapping:/home/anushka/eric_ws/install/vid_interface:/home/anushka/ros2_ws/install/my_py_pkg:/home/anushka/voidwalking/ros2_ws/install/waypoints:/home/anushka/anu_ws/install/servo_controller:/home/anushka/eric_ws/install/camera_pkg_p:/opt/ros/humble /usr/bin/cmake --build /home/anushka/ros2_ws/build/my_cpp_pkg -- -j8 -l8
[4.931s] Invoking command in '/home/anushka/ros2_ws/build/my_cpp_pkg': CMAKE_PREFIX_PATH=/home/anushka/ros2_ws/install/my_robot_interfaces:/home/anushka/ros2_ws/install/my_cpp_pkg:/home/anushka/voidwalking/ros2_ws/install/void_tests:/home/anushka/voidwalking/ros2_ws/install/turtlebot_test:/home/anushka/voidwalking/ros2_ws/install/spatio_temporal_voxel_layer:/home/anushka/voidwalking/ros2_ws/install/main:/home/anushka/voidwalking/ros2_ws/install/simulation:/home/anushka/voidwalking/ros2_ws/install/rviz_satellite:/home/anushka/voidwalking/ros2_ws/install/obstacle_avoidance:/home/anushka/voidwalking/ros2_ws/install/nav2_turtlebot3:/home/anushka/voidwalking/ros2_ws/install/mapping:/home/anushka/eric_ws/install/vid_interface:/home/anushka/ros2_ws/install/my_py_pkg:/home/anushka/voidwalking/ros2_ws/install/waypoints:/home/anushka/anu_ws/install/servo_controller:/home/anushka/eric_ws/install/camera_pkg_p:/opt/ros/humble /usr/bin/cmake --install /home/anushka/ros2_ws/build/my_cpp_pkg
[4.941s] -- Install configuration: ""
[4.941s] -- Up-to-date: /home/anushka/ros2_ws/install/my_cpp_pkg/lib/my_cpp_pkg/cpp_node_c
[4.942s] -- Up-to-date: /home/anushka/ros2_ws/install/my_cpp_pkg/lib/my_cpp_pkg/cpp_node_c2
[4.942s] -- Up-to-date: /home/anushka/ros2_ws/install/my_cpp_pkg/lib/my_cpp_pkg/timer_node_1
[4.942s] -- Installing: /home/anushka/ros2_ws/install/my_cpp_pkg/lib/my_cpp_pkg/robot_news_station_exe
[4.945s] -- Set runtime path of "/home/anushka/ros2_ws/install/my_cpp_pkg/lib/my_cpp_pkg/robot_news_station_exe" to ""
[4.945s] -- Up-to-date: /home/anushka/ros2_ws/install/my_cpp_pkg/lib/my_cpp_pkg/smartphone_exe
[4.946s] -- Up-to-date: /home/anushka/ros2_ws/install/my_cpp_pkg/lib/my_cpp_pkg/number_publisher
[4.946s] -- Up-to-date: /home/anushka/ros2_ws/install/my_cpp_pkg/lib/my_cpp_pkg/number_counter
[4.947s] -- Up-to-date: /home/anushka/ros2_ws/install/my_cpp_pkg/lib/my_cpp_pkg/add_two_ints_server_exe
[4.947s] -- Up-to-date: /home/anushka/ros2_ws/install/my_cpp_pkg/lib/my_cpp_pkg/add_two_ints_client_no_oop_exe
[4.947s] -- Up-to-date: /home/anushka/ros2_ws/install/my_cpp_pkg/lib/my_cpp_pkg/add_two_ints_client_exe
[4.948s] -- Up-to-date: /home/anushka/ros2_ws/install/my_cpp_pkg/lib/my_cpp_pkg/hardware_exe
[4.948s] -- Up-to-date: /home/anushka/ros2_ws/install/my_cpp_pkg/share/ament_index/resource_index/package_run_dependencies/my_cpp_pkg
[4.948s] -- Up-to-date: /home/anushka/ros2_ws/install/my_cpp_pkg/share/ament_index/resource_index/parent_prefix_path/my_cpp_pkg
[4.948s] -- Up-to-date: /home/anushka/ros2_ws/install/my_cpp_pkg/share/my_cpp_pkg/environment/ament_prefix_path.sh
[4.949s] -- Up-to-date: /home/anushka/ros2_ws/install/my_cpp_pkg/share/my_cpp_pkg/environment/ament_prefix_path.dsv
[4.949s] -- Up-to-date: /home/anushka/ros2_ws/install/my_cpp_pkg/share/my_cpp_pkg/environment/path.sh
[4.949s] -- Up-to-date: /home/anushka/ros2_ws/install/my_cpp_pkg/share/my_cpp_pkg/environment/path.dsv
[4.949s] -- Up-to-date: /home/anushka/ros2_ws/install/my_cpp_pkg/share/my_cpp_pkg/local_setup.bash
[4.949s] -- Up-to-date: /home/anushka/ros2_ws/install/my_cpp_pkg/share/my_cpp_pkg/local_setup.sh
[4.949s] -- Up-to-date: /home/anushka/ros2_ws/install/my_cpp_pkg/share/my_cpp_pkg/local_setup.zsh
[4.949s] -- Up-to-date: /home/anushka/ros2_ws/install/my_cpp_pkg/share/my_cpp_pkg/local_setup.dsv
[4.949s] -- Installing: /home/anushka/ros2_ws/install/my_cpp_pkg/share/my_cpp_pkg/package.dsv
[4.949s] -- Up-to-date: /home/anushka/ros2_ws/install/my_cpp_pkg/share/ament_index/resource_index/packages/my_cpp_pkg
[4.950s] -- Up-to-date: /home/anushka/ros2_ws/install/my_cpp_pkg/share/my_cpp_pkg/cmake/my_cpp_pkgConfig.cmake
[4.950s] -- Up-to-date: /home/anushka/ros2_ws/install/my_cpp_pkg/share/my_cpp_pkg/cmake/my_cpp_pkgConfig-version.cmake
[4.950s] -- Up-to-date: /home/anushka/ros2_ws/install/my_cpp_pkg/share/my_cpp_pkg/package.xml
[4.951s] Invoked command in '/home/anushka/ros2_ws/build/my_cpp_pkg' returned '0': CMAKE_PREFIX_PATH=/home/anushka/ros2_ws/install/my_robot_interfaces:/home/anushka/ros2_ws/install/my_cpp_pkg:/home/anushka/voidwalking/ros2_ws/install/void_tests:/home/anushka/voidwalking/ros2_ws/install/turtlebot_test:/home/anushka/voidwalking/ros2_ws/install/spatio_temporal_voxel_layer:/home/anushka/voidwalking/ros2_ws/install/main:/home/anushka/voidwalking/ros2_ws/install/simulation:/home/anushka/voidwalking/ros2_ws/install/rviz_satellite:/home/anushka/voidwalking/ros2_ws/install/obstacle_avoidance:/home/anushka/voidwalking/ros2_ws/install/nav2_turtlebot3:/home/anushka/voidwalking/ros2_ws/install/mapping:/home/anushka/eric_ws/install/vid_interface:/home/anushka/ros2_ws/install/my_py_pkg:/home/anushka/voidwalking/ros2_ws/install/waypoints:/home/anushka/anu_ws/install/servo_controller:/home/anushka/eric_ws/install/camera_pkg_p:/opt/ros/humble /usr/bin/cmake --install /home/anushka/ros2_ws/build/my_cpp_pkg
