[0.112s] Invoking command in '/home/anushka/ros2_ws/build/my_robot_interfaces': CMAKE_PREFIX_PATH=${CMAKE_PREFIX_PATH}:/home/anushka/eric_ws/install/camera_pkg_p:/home/anushka/voidwalking/ros2_ws/install/waypoints:/home/anushka/anu_ws/install/servo_controller:/opt/ros/humble /usr/bin/cmake /home/anushka/ros2_ws/src/my_robot_interfaces -DCMAKE_INSTALL_PREFIX=/home/anushka/ros2_ws/install/my_robot_interfaces
[0.193s] -- The C compiler identification is GNU 11.4.0
[0.269s] -- The CXX compiler identification is GNU 11.4.0
[0.279s] -- Detecting C compiler ABI info
[0.363s] -- Detecting C compiler ABI info - done
[0.372s] -- Check for working C compiler: /usr/bin/cc - skipped
[0.373s] -- Detecting C compile features
[0.374s] -- Detecting C compile features - done
[0.377s] -- Detecting CXX compiler ABI info
[0.476s] -- Detecting CXX compiler ABI info - done
[0.487s] -- Check for working CXX compiler: /usr/bin/c++ - skipped
[0.488s] -- Detecting CXX compile features
[0.488s] -- Detecting CXX compile features - done
[0.494s] -- Found ament_cmake: 1.3.6 (/opt/ros/humble/share/ament_cmake/cmake)
[0.756s] -- Found Python3: /usr/bin/python3.10 (found version "3.10.12") found components: Interpreter 
[0.901s] -- Found rosidl_default_generators: 1.2.0 (/opt/ros/humble/share/rosidl_default_generators/cmake)
[0.908s] -- Using all available rosidl_typesupport_c: rosidl_typesupport_fastrtps_c;rosidl_typesupport_introspection_c
[0.922s] -- Found rosidl_adapter: 3.1.5 (/opt/ros/humble/share/rosidl_adapter/cmake)
[0.992s] -- Using all available rosidl_typesupport_cpp: rosidl_typesupport_fastrtps_cpp;rosidl_typesupport_introspection_cpp
[1.046s] [31mCMake Error at /opt/ros/humble/share/rosidl_cmake/cmake/rosidl_generate_interfaces.cmake:93 (message):
[1.046s]   rosidl_generate_interfaces() the passed file 'msg/LedStateSArray.msg'
[1.047s]   doesn't exist relative to the CMAKE_CURRENT_SOURCE_DIR
[1.047s]   '/home/anushka/ros2_ws/src/my_robot_interfaces'
[1.047s] Call Stack (most recent call first):
[1.047s]   CMakeLists.txt:13 (rosidl_generate_interfaces)
[1.047s] 
[1.047s] [0m
[1.047s] -- Configuring incomplete, errors occurred!
[1.047s] See also "/home/anushka/ros2_ws/build/my_robot_interfaces/CMakeFiles/CMakeOutput.log".
[1.060s] Invoked command in '/home/anushka/ros2_ws/build/my_robot_interfaces' returned '1': CMAKE_PREFIX_PATH=${CMAKE_PREFIX_PATH}:/home/anushka/eric_ws/install/camera_pkg_p:/home/anushka/voidwalking/ros2_ws/install/waypoints:/home/anushka/anu_ws/install/servo_controller:/opt/ros/humble /usr/bin/cmake /home/anushka/ros2_ws/src/my_robot_interfaces -DCMAKE_INSTALL_PREFIX=/home/anushka/ros2_ws/install/my_robot_interfaces
