[1.346s] DEBUG:colcon:Command line arguments: ['/usr/bin/colcon', 'build']
[1.346s] DEBUG:colcon:Parsed command line arguments: Namespace(log_base=None, log_level=None, verb_name='build', build_base='build', install_base='install', merge_install=False, symlink_install=False, test_result_base=None, continue_on_error=False, executor='parallel', parallel_workers=8, event_handlers=None, ignore_user_meta=False, metas=['./colcon.meta'], base_paths=['.'], packages_ignore=None, packages_ignore_regex=None, paths=None, packages_up_to=None, packages_up_to_regex=None, packages_above=None, packages_above_and_dependencies=None, packages_above_depth=None, packages_select_by_dep=None, packages_skip_by_dep=None, packages_skip_up_to=None, packages_select_build_failed=False, packages_skip_build_finished=False, packages_select_test_failures=False, packages_skip_test_passed=False, packages_select=None, packages_skip=None, packages_select_regex=None, packages_skip_regex=None, packages_start=None, packages_end=None, allow_overriding=[], cmake_args=None, cmake_target=None, cmake_target_skip_unavailable=False, cmake_clean_cache=False, cmake_clean_first=False, cmake_force_configure=False, ament_cmake_args=None, catkin_cmake_args=None, catkin_skip_building_tests=False, verb_parser=<colcon_defaults.argument_parser.defaults.DefaultArgumentsDecorator object at 0x7fd25d7b9cf0>, verb_extension=<colcon_core.verb.build.BuildVerb object at 0x7fd25d7bbbb0>, main=<bound method BuildVerb.main of <colcon_core.verb.build.BuildVerb object at 0x7fd25d7bbbb0>>)
[1.413s] Level 1:colcon.colcon_core.package_discovery:discover_packages(colcon_meta) check parameters
[1.413s] Level 1:colcon.colcon_core.package_discovery:discover_packages(recursive) check parameters
[1.413s] Level 1:colcon.colcon_core.package_discovery:discover_packages(ignore) check parameters
[1.413s] Level 1:colcon.colcon_core.package_discovery:discover_packages(path) check parameters
[1.413s] Level 1:colcon.colcon_core.package_discovery:discover_packages(colcon_meta) discover
[1.413s] Level 1:colcon.colcon_core.package_discovery:discover_packages(recursive) discover
[1.413s] INFO:colcon.colcon_core.package_discovery:Crawling recursively for packages in '/home/anushka/ros2_ws'
[1.413s] Level 1:colcon.colcon_core.package_identification:_identify(.) by extensions ['ignore', 'ignore_ament_install']
[1.413s] Level 1:colcon.colcon_core.package_identification:_identify(.) by extension 'ignore'
[1.413s] Level 1:colcon.colcon_core.package_identification:_identify(.) by extension 'ignore_ament_install'
[1.414s] Level 1:colcon.colcon_core.package_identification:_identify(.) by extensions ['colcon_pkg']
[1.414s] Level 1:colcon.colcon_core.package_identification:_identify(.) by extension 'colcon_pkg'
[1.414s] Level 1:colcon.colcon_core.package_identification:_identify(.) by extensions ['colcon_meta']
[1.414s] Level 1:colcon.colcon_core.package_identification:_identify(.) by extension 'colcon_meta'
[1.414s] Level 1:colcon.colcon_core.package_identification:_identify(.) by extensions ['ros']
[1.414s] Level 1:colcon.colcon_core.package_identification:_identify(.) by extension 'ros'
[1.425s] Level 1:colcon.colcon_core.package_identification:_identify(.) by extensions ['cmake', 'python']
[1.425s] Level 1:colcon.colcon_core.package_identification:_identify(.) by extension 'cmake'
[1.425s] Level 1:colcon.colcon_core.package_identification:_identify(.) by extension 'python'
[1.425s] Level 1:colcon.colcon_core.package_identification:_identify(.) by extensions ['python_setup_py']
[1.425s] Level 1:colcon.colcon_core.package_identification:_identify(.) by extension 'python_setup_py'
[1.426s] Level 1:colcon.colcon_core.package_identification:_identify(build) by extensions ['ignore', 'ignore_ament_install']
[1.426s] Level 1:colcon.colcon_core.package_identification:_identify(build) by extension 'ignore'
[1.426s] Level 1:colcon.colcon_core.package_identification:_identify(build) ignored
[1.426s] Level 1:colcon.colcon_core.package_identification:_identify(install) by extensions ['ignore', 'ignore_ament_install']
[1.426s] Level 1:colcon.colcon_core.package_identification:_identify(install) by extension 'ignore'
[1.426s] Level 1:colcon.colcon_core.package_identification:_identify(install) ignored
[1.426s] Level 1:colcon.colcon_core.package_identification:_identify(log) by extensions ['ignore', 'ignore_ament_install']
[1.426s] Level 1:colcon.colcon_core.package_identification:_identify(log) by extension 'ignore'
[1.426s] Level 1:colcon.colcon_core.package_identification:_identify(log) ignored
[1.426s] Level 1:colcon.colcon_core.package_identification:_identify(src) by extensions ['ignore', 'ignore_ament_install']
[1.426s] Level 1:colcon.colcon_core.package_identification:_identify(src) by extension 'ignore'
[1.426s] Level 1:colcon.colcon_core.package_identification:_identify(src) by extension 'ignore_ament_install'
[1.427s] Level 1:colcon.colcon_core.package_identification:_identify(src) by extensions ['colcon_pkg']
[1.427s] Level 1:colcon.colcon_core.package_identification:_identify(src) by extension 'colcon_pkg'
[1.427s] Level 1:colcon.colcon_core.package_identification:_identify(src) by extensions ['colcon_meta']
[1.427s] Level 1:colcon.colcon_core.package_identification:_identify(src) by extension 'colcon_meta'
[1.427s] Level 1:colcon.colcon_core.package_identification:_identify(src) by extensions ['ros']
[1.427s] Level 1:colcon.colcon_core.package_identification:_identify(src) by extension 'ros'
[1.427s] Level 1:colcon.colcon_core.package_identification:_identify(src) by extensions ['cmake', 'python']
[1.427s] Level 1:colcon.colcon_core.package_identification:_identify(src) by extension 'cmake'
[1.427s] Level 1:colcon.colcon_core.package_identification:_identify(src) by extension 'python'
[1.427s] Level 1:colcon.colcon_core.package_identification:_identify(src) by extensions ['python_setup_py']
[1.427s] Level 1:colcon.colcon_core.package_identification:_identify(src) by extension 'python_setup_py'
[1.427s] Level 1:colcon.colcon_core.package_identification:_identify(src/my_cpp_pkg) by extensions ['ignore', 'ignore_ament_install']
[1.427s] Level 1:colcon.colcon_core.package_identification:_identify(src/my_cpp_pkg) by extension 'ignore'
[1.427s] Level 1:colcon.colcon_core.package_identification:_identify(src/my_cpp_pkg) by extension 'ignore_ament_install'
[1.427s] Level 1:colcon.colcon_core.package_identification:_identify(src/my_cpp_pkg) by extensions ['colcon_pkg']
[1.427s] Level 1:colcon.colcon_core.package_identification:_identify(src/my_cpp_pkg) by extension 'colcon_pkg'
[1.427s] Level 1:colcon.colcon_core.package_identification:_identify(src/my_cpp_pkg) by extensions ['colcon_meta']
[1.427s] Level 1:colcon.colcon_core.package_identification:_identify(src/my_cpp_pkg) by extension 'colcon_meta'
[1.427s] Level 1:colcon.colcon_core.package_identification:_identify(src/my_cpp_pkg) by extensions ['ros']
[1.427s] Level 1:colcon.colcon_core.package_identification:_identify(src/my_cpp_pkg) by extension 'ros'
[1.430s] DEBUG:colcon.colcon_core.package_identification:Package 'src/my_cpp_pkg' with type 'ros.ament_cmake' and name 'my_cpp_pkg'
[1.430s] Level 1:colcon.colcon_core.package_identification:_identify(src/my_py_pkg) by extensions ['ignore', 'ignore_ament_install']
[1.430s] Level 1:colcon.colcon_core.package_identification:_identify(src/my_py_pkg) by extension 'ignore'
[1.430s] Level 1:colcon.colcon_core.package_identification:_identify(src/my_py_pkg) by extension 'ignore_ament_install'
[1.430s] Level 1:colcon.colcon_core.package_identification:_identify(src/my_py_pkg) by extensions ['colcon_pkg']
[1.430s] Level 1:colcon.colcon_core.package_identification:_identify(src/my_py_pkg) by extension 'colcon_pkg'
[1.430s] Level 1:colcon.colcon_core.package_identification:_identify(src/my_py_pkg) by extensions ['colcon_meta']
[1.430s] Level 1:colcon.colcon_core.package_identification:_identify(src/my_py_pkg) by extension 'colcon_meta'
[1.431s] Level 1:colcon.colcon_core.package_identification:_identify(src/my_py_pkg) by extensions ['ros']
[1.431s] Level 1:colcon.colcon_core.package_identification:_identify(src/my_py_pkg) by extension 'ros'
[1.431s] DEBUG:colcon.colcon_core.package_identification:Package 'src/my_py_pkg' with type 'ros.ament_python' and name 'my_py_pkg'
[1.432s] Level 1:colcon.colcon_core.package_identification:_identify(src/my_robot_bringup) by extensions ['ignore', 'ignore_ament_install']
[1.432s] Level 1:colcon.colcon_core.package_identification:_identify(src/my_robot_bringup) by extension 'ignore'
[1.432s] Level 1:colcon.colcon_core.package_identification:_identify(src/my_robot_bringup) by extension 'ignore_ament_install'
[1.432s] Level 1:colcon.colcon_core.package_identification:_identify(src/my_robot_bringup) by extensions ['colcon_pkg']
[1.432s] Level 1:colcon.colcon_core.package_identification:_identify(src/my_robot_bringup) by extension 'colcon_pkg'
[1.432s] Level 1:colcon.colcon_core.package_identification:_identify(src/my_robot_bringup) by extensions ['colcon_meta']
[1.432s] Level 1:colcon.colcon_core.package_identification:_identify(src/my_robot_bringup) by extension 'colcon_meta'
[1.432s] Level 1:colcon.colcon_core.package_identification:_identify(src/my_robot_bringup) by extensions ['ros']
[1.432s] Level 1:colcon.colcon_core.package_identification:_identify(src/my_robot_bringup) by extension 'ros'
[1.433s] DEBUG:colcon.colcon_core.package_identification:Package 'src/my_robot_bringup' with type 'ros.ament_cmake' and name 'my_robot_bringup'
[1.433s] Level 1:colcon.colcon_core.package_identification:_identify(src/my_robot_interfaces) by extensions ['ignore', 'ignore_ament_install']
[1.433s] Level 1:colcon.colcon_core.package_identification:_identify(src/my_robot_interfaces) by extension 'ignore'
[1.433s] Level 1:colcon.colcon_core.package_identification:_identify(src/my_robot_interfaces) by extension 'ignore_ament_install'
[1.433s] Level 1:colcon.colcon_core.package_identification:_identify(src/my_robot_interfaces) by extensions ['colcon_pkg']
[1.433s] Level 1:colcon.colcon_core.package_identification:_identify(src/my_robot_interfaces) by extension 'colcon_pkg'
[1.433s] Level 1:colcon.colcon_core.package_identification:_identify(src/my_robot_interfaces) by extensions ['colcon_meta']
[1.433s] Level 1:colcon.colcon_core.package_identification:_identify(src/my_robot_interfaces) by extension 'colcon_meta'
[1.433s] Level 1:colcon.colcon_core.package_identification:_identify(src/my_robot_interfaces) by extensions ['ros']
[1.433s] Level 1:colcon.colcon_core.package_identification:_identify(src/my_robot_interfaces) by extension 'ros'
[1.434s] DEBUG:colcon.colcon_core.package_identification:Package 'src/my_robot_interfaces' with type 'ros.ament_cmake' and name 'my_robot_interfaces'
[1.434s] Level 1:colcon.colcon_core.package_identification:_identify(src/turtlesim_catch_them_all) by extensions ['ignore', 'ignore_ament_install']
[1.434s] Level 1:colcon.colcon_core.package_identification:_identify(src/turtlesim_catch_them_all) by extension 'ignore'
[1.434s] Level 1:colcon.colcon_core.package_identification:_identify(src/turtlesim_catch_them_all) by extension 'ignore_ament_install'
[1.434s] Level 1:colcon.colcon_core.package_identification:_identify(src/turtlesim_catch_them_all) by extensions ['colcon_pkg']
[1.434s] Level 1:colcon.colcon_core.package_identification:_identify(src/turtlesim_catch_them_all) by extension 'colcon_pkg'
[1.434s] Level 1:colcon.colcon_core.package_identification:_identify(src/turtlesim_catch_them_all) by extensions ['colcon_meta']
[1.434s] Level 1:colcon.colcon_core.package_identification:_identify(src/turtlesim_catch_them_all) by extension 'colcon_meta'
[1.435s] Level 1:colcon.colcon_core.package_identification:_identify(src/turtlesim_catch_them_all) by extensions ['ros']
[1.435s] Level 1:colcon.colcon_core.package_identification:_identify(src/turtlesim_catch_them_all) by extension 'ros'
[1.435s] DEBUG:colcon.colcon_core.package_identification:Package 'src/turtlesim_catch_them_all' with type 'ros.ament_python' and name 'turtlesim_catch_them_all'
[1.435s] Level 1:colcon.colcon_core.package_discovery:discover_packages(recursive) using defaults
[1.435s] Level 1:colcon.colcon_core.package_discovery:discover_packages(ignore) discover
[1.435s] Level 1:colcon.colcon_core.package_discovery:discover_packages(ignore) using defaults
[1.435s] Level 1:colcon.colcon_core.package_discovery:discover_packages(path) discover
[1.436s] Level 1:colcon.colcon_core.package_discovery:discover_packages(path) using defaults
[1.544s] Level 1:colcon.colcon_core.package_discovery:discover_packages(prefix_path) check parameters
[1.544s] Level 1:colcon.colcon_core.package_discovery:discover_packages(prefix_path) discover
[1.582s] DEBUG:colcon.colcon_installed_package_information.package_discovery:Found 10 installed packages in /home/anushka/voidwalking/ros2_ws/install
[1.614s] DEBUG:colcon.colcon_installed_package_information.package_discovery:Found 1 installed packages in /home/anushka/anu_ws/install
[1.631s] DEBUG:colcon.colcon_installed_package_information.package_discovery:Found 2 installed packages in /home/anushka/eric_ws/install
[1.649s] DEBUG:colcon.colcon_installed_package_information.package_discovery:Found 5 installed packages in /home/anushka/ros2_ws/install
[1.668s] DEBUG:colcon.colcon_installed_package_information.package_discovery:Found 407 installed packages in /opt/ros/humble
[1.671s] Level 1:colcon.colcon_core.package_discovery:discover_packages(prefix_path) using defaults
[1.806s] Level 5:colcon.colcon_core.verb:set package 'my_robot_interfaces' build argument 'cmake_args' from command line to 'None'
[1.806s] Level 5:colcon.colcon_core.verb:set package 'my_robot_interfaces' build argument 'cmake_target' from command line to 'None'
[1.806s] Level 5:colcon.colcon_core.verb:set package 'my_robot_interfaces' build argument 'cmake_target_skip_unavailable' from command line to 'False'
[1.806s] Level 5:colcon.colcon_core.verb:set package 'my_robot_interfaces' build argument 'cmake_clean_cache' from command line to 'False'
[1.806s] Level 5:colcon.colcon_core.verb:set package 'my_robot_interfaces' build argument 'cmake_clean_first' from command line to 'False'
[1.806s] Level 5:colcon.colcon_core.verb:set package 'my_robot_interfaces' build argument 'cmake_force_configure' from command line to 'False'
[1.806s] Level 5:colcon.colcon_core.verb:set package 'my_robot_interfaces' build argument 'ament_cmake_args' from command line to 'None'
[1.806s] Level 5:colcon.colcon_core.verb:set package 'my_robot_interfaces' build argument 'catkin_cmake_args' from command line to 'None'
[1.806s] Level 5:colcon.colcon_core.verb:set package 'my_robot_interfaces' build argument 'catkin_skip_building_tests' from command line to 'False'
[1.806s] DEBUG:colcon.colcon_core.verb:Building package 'my_robot_interfaces' with the following arguments: {'ament_cmake_args': None, 'build_base': '/home/anushka/ros2_ws/build/my_robot_interfaces', 'catkin_cmake_args': None, 'catkin_skip_building_tests': False, 'cmake_args': None, 'cmake_clean_cache': False, 'cmake_clean_first': False, 'cmake_force_configure': False, 'cmake_target': None, 'cmake_target_skip_unavailable': False, 'install_base': '/home/anushka/ros2_ws/install/my_robot_interfaces', 'merge_install': False, 'path': '/home/anushka/ros2_ws/src/my_robot_interfaces', 'symlink_install': False, 'test_result_base': None}
[1.824s] Level 5:colcon.colcon_core.verb:set package 'my_cpp_pkg' build argument 'cmake_args' from command line to 'None'
[1.825s] Level 5:colcon.colcon_core.verb:set package 'my_cpp_pkg' build argument 'cmake_target' from command line to 'None'
[1.825s] Level 5:colcon.colcon_core.verb:set package 'my_cpp_pkg' build argument 'cmake_target_skip_unavailable' from command line to 'False'
[1.825s] Level 5:colcon.colcon_core.verb:set package 'my_cpp_pkg' build argument 'cmake_clean_cache' from command line to 'False'
[1.825s] Level 5:colcon.colcon_core.verb:set package 'my_cpp_pkg' build argument 'cmake_clean_first' from command line to 'False'
[1.825s] Level 5:colcon.colcon_core.verb:set package 'my_cpp_pkg' build argument 'cmake_force_configure' from command line to 'False'
[1.825s] Level 5:colcon.colcon_core.verb:set package 'my_cpp_pkg' build argument 'ament_cmake_args' from command line to 'None'
[1.825s] Level 5:colcon.colcon_core.verb:set package 'my_cpp_pkg' build argument 'catkin_cmake_args' from command line to 'None'
[1.825s] Level 5:colcon.colcon_core.verb:set package 'my_cpp_pkg' build argument 'catkin_skip_building_tests' from command line to 'False'
[1.825s] DEBUG:colcon.colcon_core.verb:Building package 'my_cpp_pkg' with the following arguments: {'ament_cmake_args': None, 'build_base': '/home/anushka/ros2_ws/build/my_cpp_pkg', 'catkin_cmake_args': None, 'catkin_skip_building_tests': False, 'cmake_args': None, 'cmake_clean_cache': False, 'cmake_clean_first': False, 'cmake_force_configure': False, 'cmake_target': None, 'cmake_target_skip_unavailable': False, 'install_base': '/home/anushka/ros2_ws/install/my_cpp_pkg', 'merge_install': False, 'path': '/home/anushka/ros2_ws/src/my_cpp_pkg', 'symlink_install': False, 'test_result_base': None}
[1.843s] Level 5:colcon.colcon_core.verb:set package 'my_py_pkg' build argument 'cmake_args' from command line to 'None'
[1.843s] Level 5:colcon.colcon_core.verb:set package 'my_py_pkg' build argument 'cmake_target' from command line to 'None'
[1.843s] Level 5:colcon.colcon_core.verb:set package 'my_py_pkg' build argument 'cmake_target_skip_unavailable' from command line to 'False'
[1.843s] Level 5:colcon.colcon_core.verb:set package 'my_py_pkg' build argument 'cmake_clean_cache' from command line to 'False'
[1.843s] Level 5:colcon.colcon_core.verb:set package 'my_py_pkg' build argument 'cmake_clean_first' from command line to 'False'
[1.843s] Level 5:colcon.colcon_core.verb:set package 'my_py_pkg' build argument 'cmake_force_configure' from command line to 'False'
[1.843s] Level 5:colcon.colcon_core.verb:set package 'my_py_pkg' build argument 'ament_cmake_args' from command line to 'None'
[1.843s] Level 5:colcon.colcon_core.verb:set package 'my_py_pkg' build argument 'catkin_cmake_args' from command line to 'None'
[1.843s] Level 5:colcon.colcon_core.verb:set package 'my_py_pkg' build argument 'catkin_skip_building_tests' from command line to 'False'
[1.843s] DEBUG:colcon.colcon_core.verb:Building package 'my_py_pkg' with the following arguments: {'ament_cmake_args': None, 'build_base': '/home/anushka/ros2_ws/build/my_py_pkg', 'catkin_cmake_args': None, 'catkin_skip_building_tests': False, 'cmake_args': None, 'cmake_clean_cache': False, 'cmake_clean_first': False, 'cmake_force_configure': False, 'cmake_target': None, 'cmake_target_skip_unavailable': False, 'install_base': '/home/anushka/ros2_ws/install/my_py_pkg', 'merge_install': False, 'path': '/home/anushka/ros2_ws/src/my_py_pkg', 'symlink_install': False, 'test_result_base': None}
[1.861s] Level 5:colcon.colcon_core.verb:set package 'turtlesim_catch_them_all' build argument 'cmake_args' from command line to 'None'
[1.861s] Level 5:colcon.colcon_core.verb:set package 'turtlesim_catch_them_all' build argument 'cmake_target' from command line to 'None'
[1.861s] Level 5:colcon.colcon_core.verb:set package 'turtlesim_catch_them_all' build argument 'cmake_target_skip_unavailable' from command line to 'False'
[1.861s] Level 5:colcon.colcon_core.verb:set package 'turtlesim_catch_them_all' build argument 'cmake_clean_cache' from command line to 'False'
[1.861s] Level 5:colcon.colcon_core.verb:set package 'turtlesim_catch_them_all' build argument 'cmake_clean_first' from command line to 'False'
[1.861s] Level 5:colcon.colcon_core.verb:set package 'turtlesim_catch_them_all' build argument 'cmake_force_configure' from command line to 'False'
[1.861s] Level 5:colcon.colcon_core.verb:set package 'turtlesim_catch_them_all' build argument 'ament_cmake_args' from command line to 'None'
[1.861s] Level 5:colcon.colcon_core.verb:set package 'turtlesim_catch_them_all' build argument 'catkin_cmake_args' from command line to 'None'
[1.861s] Level 5:colcon.colcon_core.verb:set package 'turtlesim_catch_them_all' build argument 'catkin_skip_building_tests' from command line to 'False'
[1.861s] DEBUG:colcon.colcon_core.verb:Building package 'turtlesim_catch_them_all' with the following arguments: {'ament_cmake_args': None, 'build_base': '/home/anushka/ros2_ws/build/turtlesim_catch_them_all', 'catkin_cmake_args': None, 'catkin_skip_building_tests': False, 'cmake_args': None, 'cmake_clean_cache': False, 'cmake_clean_first': False, 'cmake_force_configure': False, 'cmake_target': None, 'cmake_target_skip_unavailable': False, 'install_base': '/home/anushka/ros2_ws/install/turtlesim_catch_them_all', 'merge_install': False, 'path': '/home/anushka/ros2_ws/src/turtlesim_catch_them_all', 'symlink_install': False, 'test_result_base': None}
[1.879s] Level 5:colcon.colcon_core.verb:set package 'my_robot_bringup' build argument 'cmake_args' from command line to 'None'
[1.879s] Level 5:colcon.colcon_core.verb:set package 'my_robot_bringup' build argument 'cmake_target' from command line to 'None'
[1.879s] Level 5:colcon.colcon_core.verb:set package 'my_robot_bringup' build argument 'cmake_target_skip_unavailable' from command line to 'False'
[1.879s] Level 5:colcon.colcon_core.verb:set package 'my_robot_bringup' build argument 'cmake_clean_cache' from command line to 'False'
[1.879s] Level 5:colcon.colcon_core.verb:set package 'my_robot_bringup' build argument 'cmake_clean_first' from command line to 'False'
[1.879s] Level 5:colcon.colcon_core.verb:set package 'my_robot_bringup' build argument 'cmake_force_configure' from command line to 'False'
[1.879s] Level 5:colcon.colcon_core.verb:set package 'my_robot_bringup' build argument 'ament_cmake_args' from command line to 'None'
[1.879s] Level 5:colcon.colcon_core.verb:set package 'my_robot_bringup' build argument 'catkin_cmake_args' from command line to 'None'
[1.879s] Level 5:colcon.colcon_core.verb:set package 'my_robot_bringup' build argument 'catkin_skip_building_tests' from command line to 'False'
[1.879s] DEBUG:colcon.colcon_core.verb:Building package 'my_robot_bringup' with the following arguments: {'ament_cmake_args': None, 'build_base': '/home/anushka/ros2_ws/build/my_robot_bringup', 'catkin_cmake_args': None, 'catkin_skip_building_tests': False, 'cmake_args': None, 'cmake_clean_cache': False, 'cmake_clean_first': False, 'cmake_force_configure': False, 'cmake_target': None, 'cmake_target_skip_unavailable': False, 'install_base': '/home/anushka/ros2_ws/install/my_robot_bringup', 'merge_install': False, 'path': '/home/anushka/ros2_ws/src/my_robot_bringup', 'symlink_install': False, 'test_result_base': None}
[1.896s] INFO:colcon.colcon_core.executor:Executing jobs using 'parallel' executor
[1.914s] DEBUG:colcon.colcon_parallel_executor.executor.parallel:run_until_complete
[1.915s] INFO:colcon.colcon_ros.task.ament_cmake.build:Building ROS package in '/home/anushka/ros2_ws/src/my_robot_interfaces' with build type 'ament_cmake'
[1.915s] INFO:colcon.colcon_cmake.task.cmake.build:Building CMake package in '/home/anushka/ros2_ws/src/my_robot_interfaces'
[1.936s] INFO:colcon.colcon_core.plugin_system:Skipping extension 'colcon_core.shell.bat': Not used on non-Windows systems
[1.936s] INFO:colcon.colcon_core.shell:Skip shell extension 'powershell' for command environment: Not usable outside of PowerShell
[1.936s] DEBUG:colcon.colcon_core.shell:Skip shell extension 'dsv' for command environment
[2.057s] DEBUG:colcon.colcon_core.event_handler.log_command:Invoking command in '/home/anushka/ros2_ws/build/my_robot_interfaces': CMAKE_PREFIX_PATH=${CMAKE_PREFIX_PATH}:/home/anushka/ros2_ws/install/turtlesim_catch_them_all:/home/anushka/ros2_ws/install/my_py_pkg:/home/anushka/voidwalking/ros2_ws/install/waypoints:/home/anushka/anu_ws/install/servo_controller:/home/anushka/eric_ws/install/camera_pkg_p:/opt/ros/humble /usr/bin/cmake --build /home/anushka/ros2_ws/build/my_robot_interfaces -- -j8 -l8
[2.542s] DEBUG:colcon.colcon_core.event_handler.log_command:Invoked command in '/home/anushka/ros2_ws/build/my_robot_interfaces' returned '0': CMAKE_PREFIX_PATH=${CMAKE_PREFIX_PATH}:/home/anushka/ros2_ws/install/turtlesim_catch_them_all:/home/anushka/ros2_ws/install/my_py_pkg:/home/anushka/voidwalking/ros2_ws/install/waypoints:/home/anushka/anu_ws/install/servo_controller:/home/anushka/eric_ws/install/camera_pkg_p:/opt/ros/humble /usr/bin/cmake --build /home/anushka/ros2_ws/build/my_robot_interfaces -- -j8 -l8
[2.818s] DEBUG:colcon.colcon_core.event_handler.log_command:Invoking command in '/home/anushka/ros2_ws/build/my_robot_interfaces': CMAKE_PREFIX_PATH=${CMAKE_PREFIX_PATH}:/home/anushka/ros2_ws/install/turtlesim_catch_them_all:/home/anushka/ros2_ws/install/my_py_pkg:/home/anushka/voidwalking/ros2_ws/install/waypoints:/home/anushka/anu_ws/install/servo_controller:/home/anushka/eric_ws/install/camera_pkg_p:/opt/ros/humble /usr/bin/cmake --install /home/anushka/ros2_ws/build/my_robot_interfaces
[2.900s] Level 1:colcon.colcon_core.environment:create_environment_scripts_only(my_robot_interfaces)
[2.901s] DEBUG:colcon.colcon_core.event_handler.log_command:Invoked command in '/home/anushka/ros2_ws/build/my_robot_interfaces' returned '0': CMAKE_PREFIX_PATH=${CMAKE_PREFIX_PATH}:/home/anushka/ros2_ws/install/turtlesim_catch_them_all:/home/anushka/ros2_ws/install/my_py_pkg:/home/anushka/voidwalking/ros2_ws/install/waypoints:/home/anushka/anu_ws/install/servo_controller:/home/anushka/eric_ws/install/camera_pkg_p:/opt/ros/humble /usr/bin/cmake --install /home/anushka/ros2_ws/build/my_robot_interfaces
[2.924s] Level 1:colcon.colcon_core.environment:checking '/home/anushka/ros2_ws/install/my_robot_interfaces' for CMake module files
[2.925s] Level 1:colcon.colcon_core.environment:checking '/home/anushka/ros2_ws/install/my_robot_interfaces' for CMake config files
[2.925s] Level 1:colcon.colcon_core.shell:create_environment_hook('my_robot_interfaces', 'cmake_prefix_path')
[2.942s] INFO:colcon.colcon_core.shell:Creating environment hook '/home/anushka/ros2_ws/install/my_robot_interfaces/share/my_robot_interfaces/hook/cmake_prefix_path.ps1'
[2.943s] INFO:colcon.colcon_core.shell:Creating environment descriptor '/home/anushka/ros2_ws/install/my_robot_interfaces/share/my_robot_interfaces/hook/cmake_prefix_path.dsv'
[2.944s] INFO:colcon.colcon_core.shell:Creating environment hook '/home/anushka/ros2_ws/install/my_robot_interfaces/share/my_robot_interfaces/hook/cmake_prefix_path.sh'
[2.945s] Level 1:colcon.colcon_core.environment:checking '/home/anushka/ros2_ws/install/my_robot_interfaces/lib'
[2.945s] Level 1:colcon.colcon_core.shell:create_environment_hook('my_robot_interfaces', 'ld_library_path_lib')
[2.964s] INFO:colcon.colcon_core.shell:Creating environment hook '/home/anushka/ros2_ws/install/my_robot_interfaces/share/my_robot_interfaces/hook/ld_library_path_lib.ps1'
[2.964s] INFO:colcon.colcon_core.shell:Creating environment descriptor '/home/anushka/ros2_ws/install/my_robot_interfaces/share/my_robot_interfaces/hook/ld_library_path_lib.dsv'
[2.964s] INFO:colcon.colcon_core.shell:Creating environment hook '/home/anushka/ros2_ws/install/my_robot_interfaces/share/my_robot_interfaces/hook/ld_library_path_lib.sh'
[2.965s] Level 1:colcon.colcon_core.environment:checking '/home/anushka/ros2_ws/install/my_robot_interfaces/bin'
[2.965s] Level 1:colcon.colcon_core.environment:checking '/home/anushka/ros2_ws/install/my_robot_interfaces/lib/pkgconfig/my_robot_interfaces.pc'
[2.965s] Level 1:colcon.colcon_core.environment:checking '/home/anushka/ros2_ws/install/my_robot_interfaces/lib/python3.10/site-packages'
[2.966s] Level 1:colcon.colcon_core.environment:checking '/home/anushka/ros2_ws/install/my_robot_interfaces/bin'
[2.984s] INFO:colcon.colcon_core.shell:Creating package script '/home/anushka/ros2_ws/install/my_robot_interfaces/share/my_robot_interfaces/package.ps1'
[2.985s] INFO:colcon.colcon_core.shell:Creating package descriptor '/home/anushka/ros2_ws/install/my_robot_interfaces/share/my_robot_interfaces/package.dsv'
[2.986s] INFO:colcon.colcon_core.shell:Creating package script '/home/anushka/ros2_ws/install/my_robot_interfaces/share/my_robot_interfaces/package.sh'
[2.987s] INFO:colcon.colcon_core.shell:Creating package script '/home/anushka/ros2_ws/install/my_robot_interfaces/share/my_robot_interfaces/package.bash'
[2.987s] INFO:colcon.colcon_core.shell:Creating package script '/home/anushka/ros2_ws/install/my_robot_interfaces/share/my_robot_interfaces/package.zsh'
[2.988s] Level 1:colcon.colcon_core.environment:create_file_with_runtime_dependencies(/home/anushka/ros2_ws/install/my_robot_interfaces/share/colcon-core/packages/my_robot_interfaces)
[3.280s] Level 1:colcon.colcon_core.environment:create_environment_scripts_only(my_robot_interfaces)
[3.298s] Level 1:colcon.colcon_core.environment:checking '/home/anushka/ros2_ws/install/my_robot_interfaces' for CMake module files
[3.299s] Level 1:colcon.colcon_core.environment:checking '/home/anushka/ros2_ws/install/my_robot_interfaces' for CMake config files
[3.300s] Level 1:colcon.colcon_core.shell:create_environment_hook('my_robot_interfaces', 'cmake_prefix_path')
[3.318s] INFO:colcon.colcon_core.shell:Creating environment hook '/home/anushka/ros2_ws/install/my_robot_interfaces/share/my_robot_interfaces/hook/cmake_prefix_path.ps1'
[3.318s] INFO:colcon.colcon_core.shell:Creating environment descriptor '/home/anushka/ros2_ws/install/my_robot_interfaces/share/my_robot_interfaces/hook/cmake_prefix_path.dsv'
[3.319s] INFO:colcon.colcon_core.shell:Creating environment hook '/home/anushka/ros2_ws/install/my_robot_interfaces/share/my_robot_interfaces/hook/cmake_prefix_path.sh'
[3.319s] Level 1:colcon.colcon_core.environment:checking '/home/anushka/ros2_ws/install/my_robot_interfaces/lib'
[3.319s] Level 1:colcon.colcon_core.shell:create_environment_hook('my_robot_interfaces', 'ld_library_path_lib')
[3.338s] INFO:colcon.colcon_core.shell:Creating environment hook '/home/anushka/ros2_ws/install/my_robot_interfaces/share/my_robot_interfaces/hook/ld_library_path_lib.ps1'
[3.338s] INFO:colcon.colcon_core.shell:Creating environment descriptor '/home/anushka/ros2_ws/install/my_robot_interfaces/share/my_robot_interfaces/hook/ld_library_path_lib.dsv'
[3.339s] INFO:colcon.colcon_core.shell:Creating environment hook '/home/anushka/ros2_ws/install/my_robot_interfaces/share/my_robot_interfaces/hook/ld_library_path_lib.sh'
[3.339s] Level 1:colcon.colcon_core.environment:checking '/home/anushka/ros2_ws/install/my_robot_interfaces/bin'
[3.339s] Level 1:colcon.colcon_core.environment:checking '/home/anushka/ros2_ws/install/my_robot_interfaces/lib/pkgconfig/my_robot_interfaces.pc'
[3.339s] Level 1:colcon.colcon_core.environment:checking '/home/anushka/ros2_ws/install/my_robot_interfaces/lib/python3.10/site-packages'
[3.340s] Level 1:colcon.colcon_core.environment:checking '/home/anushka/ros2_ws/install/my_robot_interfaces/bin'
[3.358s] INFO:colcon.colcon_core.shell:Creating package script '/home/anushka/ros2_ws/install/my_robot_interfaces/share/my_robot_interfaces/package.ps1'
[3.359s] INFO:colcon.colcon_core.shell:Creating package descriptor '/home/anushka/ros2_ws/install/my_robot_interfaces/share/my_robot_interfaces/package.dsv'
[3.360s] INFO:colcon.colcon_core.shell:Creating package script '/home/anushka/ros2_ws/install/my_robot_interfaces/share/my_robot_interfaces/package.sh'
[3.360s] INFO:colcon.colcon_core.shell:Creating package script '/home/anushka/ros2_ws/install/my_robot_interfaces/share/my_robot_interfaces/package.bash'
[3.361s] INFO:colcon.colcon_core.shell:Creating package script '/home/anushka/ros2_ws/install/my_robot_interfaces/share/my_robot_interfaces/package.zsh'
[3.361s] Level 1:colcon.colcon_core.environment:create_file_with_runtime_dependencies(/home/anushka/ros2_ws/install/my_robot_interfaces/share/colcon-core/packages/my_robot_interfaces)
[3.362s] INFO:colcon.colcon_ros.task.ament_cmake.build:Building ROS package in '/home/anushka/ros2_ws/src/my_cpp_pkg' with build type 'ament_cmake'
[3.362s] INFO:colcon.colcon_cmake.task.cmake.build:Building CMake package in '/home/anushka/ros2_ws/src/my_cpp_pkg'
[3.382s] INFO:colcon.colcon_core.shell:Skip shell extension 'powershell' for command environment: Not usable outside of PowerShell
[3.382s] DEBUG:colcon.colcon_core.shell:Skip shell extension 'dsv' for command environment
[3.510s] INFO:colcon.colcon_ros.task.ament_python.build:Building ROS package in '/home/anushka/ros2_ws/src/my_py_pkg' with build type 'ament_python'
[3.511s] Level 1:colcon.colcon_core.shell:create_environment_hook('my_py_pkg', 'ament_prefix_path')
[3.530s] INFO:colcon.colcon_core.shell:Creating environment hook '/home/anushka/ros2_ws/install/my_py_pkg/share/my_py_pkg/hook/ament_prefix_path.ps1'
[3.530s] INFO:colcon.colcon_core.shell:Creating environment descriptor '/home/anushka/ros2_ws/install/my_py_pkg/share/my_py_pkg/hook/ament_prefix_path.dsv'
[3.531s] INFO:colcon.colcon_core.shell:Creating environment hook '/home/anushka/ros2_ws/install/my_py_pkg/share/my_py_pkg/hook/ament_prefix_path.sh'
[3.550s] INFO:colcon.colcon_core.shell:Skip shell extension 'powershell' for command environment: Not usable outside of PowerShell
[3.550s] DEBUG:colcon.colcon_core.shell:Skip shell extension 'dsv' for command environment
[3.667s] INFO:colcon.colcon_ros.task.ament_python.build:Building ROS package in '/home/anushka/ros2_ws/src/turtlesim_catch_them_all' with build type 'ament_python'
[3.667s] Level 1:colcon.colcon_core.shell:create_environment_hook('turtlesim_catch_them_all', 'ament_prefix_path')
[3.686s] INFO:colcon.colcon_core.shell:Creating environment hook '/home/anushka/ros2_ws/install/turtlesim_catch_them_all/share/turtlesim_catch_them_all/hook/ament_prefix_path.ps1'
[3.687s] INFO:colcon.colcon_core.shell:Creating environment descriptor '/home/anushka/ros2_ws/install/turtlesim_catch_them_all/share/turtlesim_catch_them_all/hook/ament_prefix_path.dsv'
[3.687s] INFO:colcon.colcon_core.shell:Creating environment hook '/home/anushka/ros2_ws/install/turtlesim_catch_them_all/share/turtlesim_catch_them_all/hook/ament_prefix_path.sh'
[3.707s] INFO:colcon.colcon_core.shell:Skip shell extension 'powershell' for command environment: Not usable outside of PowerShell
[3.707s] DEBUG:colcon.colcon_core.shell:Skip shell extension 'dsv' for command environment
[3.845s] DEBUG:colcon.colcon_core.event_handler.log_command:Invoking command in '/home/anushka/ros2_ws/build/my_cpp_pkg': CMAKE_PREFIX_PATH=/home/anushka/ros2_ws/install/my_robot_interfaces:/home/anushka/ros2_ws/install/my_robot_bringup:/home/anushka/ros2_ws/install/my_cpp_pkg:/home/anushka/voidwalking/ros2_ws/install/void_tests:/home/anushka/voidwalking/ros2_ws/install/turtlebot_test:/home/anushka/voidwalking/ros2_ws/install/spatio_temporal_voxel_layer:/home/anushka/voidwalking/ros2_ws/install/main:/home/anushka/voidwalking/ros2_ws/install/simulation:/home/anushka/voidwalking/ros2_ws/install/rviz_satellite:/home/anushka/voidwalking/ros2_ws/install/obstacle_avoidance:/home/anushka/voidwalking/ros2_ws/install/nav2_turtlebot3:/home/anushka/voidwalking/ros2_ws/install/mapping:/home/anushka/eric_ws/install/vid_interface:/home/anushka/ros2_ws/install/turtlesim_catch_them_all:/home/anushka/ros2_ws/install/my_py_pkg:/home/anushka/voidwalking/ros2_ws/install/waypoints:/home/anushka/anu_ws/install/servo_controller:/home/anushka/eric_ws/install/camera_pkg_p:/opt/ros/humble /usr/bin/cmake --build /home/anushka/ros2_ws/build/my_cpp_pkg -- -j8 -l8
[4.205s] INFO:colcon.colcon_core.task.python.build:Building Python package in '/home/anushka/ros2_ws/src/my_py_pkg'
[4.224s] INFO:colcon.colcon_core.shell:Skip shell extension 'powershell' for command environment: Not usable outside of PowerShell
[4.224s] DEBUG:colcon.colcon_core.shell:Skip shell extension 'dsv' for command environment
[4.719s] INFO:colcon.colcon_core.task.python.build:Building Python package in '/home/anushka/ros2_ws/src/turtlesim_catch_them_all'
[4.740s] INFO:colcon.colcon_core.shell:Skip shell extension 'powershell' for command environment: Not usable outside of PowerShell
[4.740s] DEBUG:colcon.colcon_core.shell:Skip shell extension 'dsv' for command environment
[4.865s] DEBUG:colcon.colcon_core.event_handler.log_command:Invoked command in '/home/anushka/ros2_ws/build/my_cpp_pkg' returned '0': CMAKE_PREFIX_PATH=/home/anushka/ros2_ws/install/my_robot_interfaces:/home/anushka/ros2_ws/install/my_robot_bringup:/home/anushka/ros2_ws/install/my_cpp_pkg:/home/anushka/voidwalking/ros2_ws/install/void_tests:/home/anushka/voidwalking/ros2_ws/install/turtlebot_test:/home/anushka/voidwalking/ros2_ws/install/spatio_temporal_voxel_layer:/home/anushka/voidwalking/ros2_ws/install/main:/home/anushka/voidwalking/ros2_ws/install/simulation:/home/anushka/voidwalking/ros2_ws/install/rviz_satellite:/home/anushka/voidwalking/ros2_ws/install/obstacle_avoidance:/home/anushka/voidwalking/ros2_ws/install/nav2_turtlebot3:/home/anushka/voidwalking/ros2_ws/install/mapping:/home/anushka/eric_ws/install/vid_interface:/home/anushka/ros2_ws/install/turtlesim_catch_them_all:/home/anushka/ros2_ws/install/my_py_pkg:/home/anushka/voidwalking/ros2_ws/install/waypoints:/home/anushka/anu_ws/install/servo_controller:/home/anushka/eric_ws/install/camera_pkg_p:/opt/ros/humble /usr/bin/cmake --build /home/anushka/ros2_ws/build/my_cpp_pkg -- -j8 -l8
[4.944s] DEBUG:colcon.colcon_core.event_handler.log_command:Invoking command in '/home/anushka/ros2_ws/build/my_cpp_pkg': CMAKE_PREFIX_PATH=/home/anushka/ros2_ws/install/my_robot_interfaces:/home/anushka/ros2_ws/install/my_robot_bringup:/home/anushka/ros2_ws/install/my_cpp_pkg:/home/anushka/voidwalking/ros2_ws/install/void_tests:/home/anushka/voidwalking/ros2_ws/install/turtlebot_test:/home/anushka/voidwalking/ros2_ws/install/spatio_temporal_voxel_layer:/home/anushka/voidwalking/ros2_ws/install/main:/home/anushka/voidwalking/ros2_ws/install/simulation:/home/anushka/voidwalking/ros2_ws/install/rviz_satellite:/home/anushka/voidwalking/ros2_ws/install/obstacle_avoidance:/home/anushka/voidwalking/ros2_ws/install/nav2_turtlebot3:/home/anushka/voidwalking/ros2_ws/install/mapping:/home/anushka/eric_ws/install/vid_interface:/home/anushka/ros2_ws/install/turtlesim_catch_them_all:/home/anushka/ros2_ws/install/my_py_pkg:/home/anushka/voidwalking/ros2_ws/install/waypoints:/home/anushka/anu_ws/install/servo_controller:/home/anushka/eric_ws/install/camera_pkg_p:/opt/ros/humble /usr/bin/cmake --install /home/anushka/ros2_ws/build/my_cpp_pkg
[4.962s] Level 1:colcon.colcon_core.environment:create_environment_scripts_only(my_cpp_pkg)
[4.963s] DEBUG:colcon.colcon_core.event_handler.log_command:Invoked command in '/home/anushka/ros2_ws/build/my_cpp_pkg' returned '0': CMAKE_PREFIX_PATH=/home/anushka/ros2_ws/install/my_robot_interfaces:/home/anushka/ros2_ws/install/my_robot_bringup:/home/anushka/ros2_ws/install/my_cpp_pkg:/home/anushka/voidwalking/ros2_ws/install/void_tests:/home/anushka/voidwalking/ros2_ws/install/turtlebot_test:/home/anushka/voidwalking/ros2_ws/install/spatio_temporal_voxel_layer:/home/anushka/voidwalking/ros2_ws/install/main:/home/anushka/voidwalking/ros2_ws/install/simulation:/home/anushka/voidwalking/ros2_ws/install/rviz_satellite:/home/anushka/voidwalking/ros2_ws/install/obstacle_avoidance:/home/anushka/voidwalking/ros2_ws/install/nav2_turtlebot3:/home/anushka/voidwalking/ros2_ws/install/mapping:/home/anushka/eric_ws/install/vid_interface:/home/anushka/ros2_ws/install/turtlesim_catch_them_all:/home/anushka/ros2_ws/install/my_py_pkg:/home/anushka/voidwalking/ros2_ws/install/waypoints:/home/anushka/anu_ws/install/servo_controller:/home/anushka/eric_ws/install/camera_pkg_p:/opt/ros/humble /usr/bin/cmake --install /home/anushka/ros2_ws/build/my_cpp_pkg
[4.984s] Level 1:colcon.colcon_core.environment:checking '/home/anushka/ros2_ws/install/my_cpp_pkg' for CMake module files
[4.985s] Level 1:colcon.colcon_core.environment:checking '/home/anushka/ros2_ws/install/my_cpp_pkg' for CMake config files
[4.985s] Level 1:colcon.colcon_core.shell:create_environment_hook('my_cpp_pkg', 'cmake_prefix_path')
[5.005s] INFO:colcon.colcon_core.shell:Creating environment hook '/home/anushka/ros2_ws/install/my_cpp_pkg/share/my_cpp_pkg/hook/cmake_prefix_path.ps1'
[5.006s] INFO:colcon.colcon_core.shell:Creating environment descriptor '/home/anushka/ros2_ws/install/my_cpp_pkg/share/my_cpp_pkg/hook/cmake_prefix_path.dsv'
[5.006s] INFO:colcon.colcon_core.shell:Creating environment hook '/home/anushka/ros2_ws/install/my_cpp_pkg/share/my_cpp_pkg/hook/cmake_prefix_path.sh'
[5.007s] Level 1:colcon.colcon_core.environment:checking '/home/anushka/ros2_ws/install/my_cpp_pkg/lib'
[5.007s] Level 1:colcon.colcon_core.environment:checking '/home/anushka/ros2_ws/install/my_cpp_pkg/bin'
[5.007s] Level 1:colcon.colcon_core.environment:checking '/home/anushka/ros2_ws/install/my_cpp_pkg/lib/pkgconfig/my_cpp_pkg.pc'
[5.007s] Level 1:colcon.colcon_core.environment:checking '/home/anushka/ros2_ws/install/my_cpp_pkg/lib/python3.10/site-packages'
[5.008s] Level 1:colcon.colcon_core.environment:checking '/home/anushka/ros2_ws/install/my_cpp_pkg/bin'
[5.027s] INFO:colcon.colcon_core.shell:Creating package script '/home/anushka/ros2_ws/install/my_cpp_pkg/share/my_cpp_pkg/package.ps1'
[5.027s] INFO:colcon.colcon_core.shell:Creating package descriptor '/home/anushka/ros2_ws/install/my_cpp_pkg/share/my_cpp_pkg/package.dsv'
[5.028s] INFO:colcon.colcon_core.shell:Creating package script '/home/anushka/ros2_ws/install/my_cpp_pkg/share/my_cpp_pkg/package.sh'
[5.028s] INFO:colcon.colcon_core.shell:Creating package script '/home/anushka/ros2_ws/install/my_cpp_pkg/share/my_cpp_pkg/package.bash'
[5.029s] INFO:colcon.colcon_core.shell:Creating package script '/home/anushka/ros2_ws/install/my_cpp_pkg/share/my_cpp_pkg/package.zsh'
[5.029s] Level 1:colcon.colcon_core.environment:create_file_with_runtime_dependencies(/home/anushka/ros2_ws/install/my_cpp_pkg/share/colcon-core/packages/my_cpp_pkg)
[5.135s] Level 1:colcon.colcon_core.environment:create_environment_scripts_only(my_cpp_pkg)
[5.154s] Level 1:colcon.colcon_core.environment:checking '/home/anushka/ros2_ws/install/my_cpp_pkg' for CMake module files
[5.155s] Level 1:colcon.colcon_core.environment:checking '/home/anushka/ros2_ws/install/my_cpp_pkg' for CMake config files
[5.155s] Level 1:colcon.colcon_core.shell:create_environment_hook('my_cpp_pkg', 'cmake_prefix_path')
[5.174s] INFO:colcon.colcon_core.shell:Creating environment hook '/home/anushka/ros2_ws/install/my_cpp_pkg/share/my_cpp_pkg/hook/cmake_prefix_path.ps1'
[5.175s] INFO:colcon.colcon_core.shell:Creating environment descriptor '/home/anushka/ros2_ws/install/my_cpp_pkg/share/my_cpp_pkg/hook/cmake_prefix_path.dsv'
[5.175s] INFO:colcon.colcon_core.shell:Creating environment hook '/home/anushka/ros2_ws/install/my_cpp_pkg/share/my_cpp_pkg/hook/cmake_prefix_path.sh'
[5.177s] Level 1:colcon.colcon_core.environment:checking '/home/anushka/ros2_ws/install/my_cpp_pkg/lib'
[5.177s] Level 1:colcon.colcon_core.environment:checking '/home/anushka/ros2_ws/install/my_cpp_pkg/bin'
[5.177s] Level 1:colcon.colcon_core.environment:checking '/home/anushka/ros2_ws/install/my_cpp_pkg/lib/pkgconfig/my_cpp_pkg.pc'
[5.178s] Level 1:colcon.colcon_core.environment:checking '/home/anushka/ros2_ws/install/my_cpp_pkg/lib/python3.10/site-packages'
[5.178s] Level 1:colcon.colcon_core.environment:checking '/home/anushka/ros2_ws/install/my_cpp_pkg/bin'
[5.197s] INFO:colcon.colcon_core.shell:Creating package script '/home/anushka/ros2_ws/install/my_cpp_pkg/share/my_cpp_pkg/package.ps1'
[5.198s] INFO:colcon.colcon_core.shell:Creating package descriptor '/home/anushka/ros2_ws/install/my_cpp_pkg/share/my_cpp_pkg/package.dsv'
[5.199s] INFO:colcon.colcon_core.shell:Creating package script '/home/anushka/ros2_ws/install/my_cpp_pkg/share/my_cpp_pkg/package.sh'
[5.199s] INFO:colcon.colcon_core.shell:Creating package script '/home/anushka/ros2_ws/install/my_cpp_pkg/share/my_cpp_pkg/package.bash'
[5.200s] INFO:colcon.colcon_core.shell:Creating package script '/home/anushka/ros2_ws/install/my_cpp_pkg/share/my_cpp_pkg/package.zsh'
[5.200s] Level 1:colcon.colcon_core.environment:create_file_with_runtime_dependencies(/home/anushka/ros2_ws/install/my_cpp_pkg/share/colcon-core/packages/my_cpp_pkg)
[5.531s] DEBUG:colcon.colcon_core.event_handler.log_command:Invoking command in '/home/anushka/ros2_ws/src/my_py_pkg': CMAKE_PREFIX_PATH=/home/anushka/ros2_ws/install/my_robot_interfaces:/home/anushka/ros2_ws/install/my_robot_bringup:/home/anushka/ros2_ws/install/my_cpp_pkg:/home/anushka/voidwalking/ros2_ws/install/void_tests:/home/anushka/voidwalking/ros2_ws/install/turtlebot_test:/home/anushka/voidwalking/ros2_ws/install/spatio_temporal_voxel_layer:/home/anushka/voidwalking/ros2_ws/install/main:/home/anushka/voidwalking/ros2_ws/install/simulation:/home/anushka/voidwalking/ros2_ws/install/rviz_satellite:/home/anushka/voidwalking/ros2_ws/install/obstacle_avoidance:/home/anushka/voidwalking/ros2_ws/install/nav2_turtlebot3:/home/anushka/voidwalking/ros2_ws/install/mapping:/home/anushka/eric_ws/install/vid_interface PYTHONPATH=/home/anushka/ros2_ws/build/my_py_pkg/prefix_override:/home/anushka/ros2_ws/install/my_py_pkg/lib/python3.10/site-packages:${PYTHONPATH} /usr/bin/python3 setup.py egg_info --egg-base ../../build/my_py_pkg build --build-base /home/anushka/ros2_ws/build/my_py_pkg/build install --record /home/anushka/ros2_ws/build/my_py_pkg/install.log --single-version-externally-managed
[5.537s] DEBUG:colcon.colcon_core.event_handler.log_command:Invoking command in '/home/anushka/ros2_ws/src/turtlesim_catch_them_all': CMAKE_PREFIX_PATH=/home/anushka/ros2_ws/install/my_robot_interfaces:/home/anushka/ros2_ws/install/my_robot_bringup:/home/anushka/ros2_ws/install/my_cpp_pkg:/home/anushka/voidwalking/ros2_ws/install/void_tests:/home/anushka/voidwalking/ros2_ws/install/turtlebot_test:/home/anushka/voidwalking/ros2_ws/install/spatio_temporal_voxel_layer:/home/anushka/voidwalking/ros2_ws/install/main:/home/anushka/voidwalking/ros2_ws/install/simulation:/home/anushka/voidwalking/ros2_ws/install/rviz_satellite:/home/anushka/voidwalking/ros2_ws/install/obstacle_avoidance:/home/anushka/voidwalking/ros2_ws/install/nav2_turtlebot3:/home/anushka/voidwalking/ros2_ws/install/mapping:/home/anushka/eric_ws/install/vid_interface PYTHONPATH=/home/anushka/ros2_ws/build/turtlesim_catch_them_all/prefix_override:/home/anushka/ros2_ws/install/turtlesim_catch_them_all/lib/python3.10/site-packages:${PYTHONPATH} /usr/bin/python3 setup.py egg_info --egg-base ../../build/turtlesim_catch_them_all build --build-base /home/anushka/ros2_ws/build/turtlesim_catch_them_all/build install --record /home/anushka/ros2_ws/build/turtlesim_catch_them_all/install.log --single-version-externally-managed
[5.948s] DEBUG:colcon.colcon_core.event_handler.log_command:Invoked command in '/home/anushka/ros2_ws/src/turtlesim_catch_them_all' returned '0': CMAKE_PREFIX_PATH=/home/anushka/ros2_ws/install/my_robot_interfaces:/home/anushka/ros2_ws/install/my_robot_bringup:/home/anushka/ros2_ws/install/my_cpp_pkg:/home/anushka/voidwalking/ros2_ws/install/void_tests:/home/anushka/voidwalking/ros2_ws/install/turtlebot_test:/home/anushka/voidwalking/ros2_ws/install/spatio_temporal_voxel_layer:/home/anushka/voidwalking/ros2_ws/install/main:/home/anushka/voidwalking/ros2_ws/install/simulation:/home/anushka/voidwalking/ros2_ws/install/rviz_satellite:/home/anushka/voidwalking/ros2_ws/install/obstacle_avoidance:/home/anushka/voidwalking/ros2_ws/install/nav2_turtlebot3:/home/anushka/voidwalking/ros2_ws/install/mapping:/home/anushka/eric_ws/install/vid_interface PYTHONPATH=/home/anushka/ros2_ws/build/turtlesim_catch_them_all/prefix_override:/home/anushka/ros2_ws/install/turtlesim_catch_them_all/lib/python3.10/site-packages:${PYTHONPATH} /usr/bin/python3 setup.py egg_info --egg-base ../../build/turtlesim_catch_them_all build --build-base /home/anushka/ros2_ws/build/turtlesim_catch_them_all/build install --record /home/anushka/ros2_ws/build/turtlesim_catch_them_all/install.log --single-version-externally-managed
[5.965s] Level 1:colcon.colcon_core.environment:checking '/home/anushka/ros2_ws/install/turtlesim_catch_them_all' for CMake module files
[5.966s] Level 1:colcon.colcon_core.environment:checking '/home/anushka/ros2_ws/install/turtlesim_catch_them_all' for CMake config files
[5.967s] Level 1:colcon.colcon_core.environment:checking '/home/anushka/ros2_ws/install/turtlesim_catch_them_all/lib'
[5.967s] Level 1:colcon.colcon_core.environment:checking '/home/anushka/ros2_ws/install/turtlesim_catch_them_all/bin'
[5.967s] Level 1:colcon.colcon_core.environment:checking '/home/anushka/ros2_ws/install/turtlesim_catch_them_all/lib/pkgconfig/turtlesim_catch_them_all.pc'
[5.967s] Level 1:colcon.colcon_core.environment:checking '/home/anushka/ros2_ws/install/turtlesim_catch_them_all/lib/python3.10/site-packages'
[5.967s] Level 1:colcon.colcon_core.shell:create_environment_hook('turtlesim_catch_them_all', 'pythonpath')
[5.985s] INFO:colcon.colcon_core.shell:Creating environment hook '/home/anushka/ros2_ws/install/turtlesim_catch_them_all/share/turtlesim_catch_them_all/hook/pythonpath.ps1'
[5.986s] INFO:colcon.colcon_core.shell:Creating environment descriptor '/home/anushka/ros2_ws/install/turtlesim_catch_them_all/share/turtlesim_catch_them_all/hook/pythonpath.dsv'
[5.986s] INFO:colcon.colcon_core.shell:Creating environment hook '/home/anushka/ros2_ws/install/turtlesim_catch_them_all/share/turtlesim_catch_them_all/hook/pythonpath.sh'
[5.987s] Level 1:colcon.colcon_core.environment:checking '/home/anushka/ros2_ws/install/turtlesim_catch_them_all/bin'
[5.987s] Level 1:colcon.colcon_core.environment:create_environment_scripts_only(turtlesim_catch_them_all)
[6.004s] INFO:colcon.colcon_core.shell:Creating package script '/home/anushka/ros2_ws/install/turtlesim_catch_them_all/share/turtlesim_catch_them_all/package.ps1'
[6.005s] INFO:colcon.colcon_core.shell:Creating package descriptor '/home/anushka/ros2_ws/install/turtlesim_catch_them_all/share/turtlesim_catch_them_all/package.dsv'
[6.005s] INFO:colcon.colcon_core.shell:Creating package script '/home/anushka/ros2_ws/install/turtlesim_catch_them_all/share/turtlesim_catch_them_all/package.sh'
[6.006s] INFO:colcon.colcon_core.shell:Creating package script '/home/anushka/ros2_ws/install/turtlesim_catch_them_all/share/turtlesim_catch_them_all/package.bash'
[6.006s] INFO:colcon.colcon_core.shell:Creating package script '/home/anushka/ros2_ws/install/turtlesim_catch_them_all/share/turtlesim_catch_them_all/package.zsh'
[6.006s] Level 1:colcon.colcon_core.environment:create_file_with_runtime_dependencies(/home/anushka/ros2_ws/install/turtlesim_catch_them_all/share/colcon-core/packages/turtlesim_catch_them_all)
[6.008s] DEBUG:colcon.colcon_core.event_handler.log_command:Invoked command in '/home/anushka/ros2_ws/src/my_py_pkg' returned '0': CMAKE_PREFIX_PATH=/home/anushka/ros2_ws/install/my_robot_interfaces:/home/anushka/ros2_ws/install/my_robot_bringup:/home/anushka/ros2_ws/install/my_cpp_pkg:/home/anushka/voidwalking/ros2_ws/install/void_tests:/home/anushka/voidwalking/ros2_ws/install/turtlebot_test:/home/anushka/voidwalking/ros2_ws/install/spatio_temporal_voxel_layer:/home/anushka/voidwalking/ros2_ws/install/main:/home/anushka/voidwalking/ros2_ws/install/simulation:/home/anushka/voidwalking/ros2_ws/install/rviz_satellite:/home/anushka/voidwalking/ros2_ws/install/obstacle_avoidance:/home/anushka/voidwalking/ros2_ws/install/nav2_turtlebot3:/home/anushka/voidwalking/ros2_ws/install/mapping:/home/anushka/eric_ws/install/vid_interface PYTHONPATH=/home/anushka/ros2_ws/build/my_py_pkg/prefix_override:/home/anushka/ros2_ws/install/my_py_pkg/lib/python3.10/site-packages:${PYTHONPATH} /usr/bin/python3 setup.py egg_info --egg-base ../../build/my_py_pkg build --build-base /home/anushka/ros2_ws/build/my_py_pkg/build install --record /home/anushka/ros2_ws/build/my_py_pkg/install.log --single-version-externally-managed
[6.025s] Level 1:colcon.colcon_core.environment:checking '/home/anushka/ros2_ws/install/my_py_pkg' for CMake module files
[6.025s] Level 1:colcon.colcon_core.environment:checking '/home/anushka/ros2_ws/install/my_py_pkg' for CMake config files
[6.026s] Level 1:colcon.colcon_core.environment:checking '/home/anushka/ros2_ws/install/my_py_pkg/lib'
[6.026s] Level 1:colcon.colcon_core.environment:checking '/home/anushka/ros2_ws/install/my_py_pkg/bin'
[6.026s] Level 1:colcon.colcon_core.environment:checking '/home/anushka/ros2_ws/install/my_py_pkg/lib/pkgconfig/my_py_pkg.pc'
[6.026s] Level 1:colcon.colcon_core.environment:checking '/home/anushka/ros2_ws/install/my_py_pkg/lib/python3.10/site-packages'
[6.026s] Level 1:colcon.colcon_core.shell:create_environment_hook('my_py_pkg', 'pythonpath')
[6.044s] INFO:colcon.colcon_core.shell:Creating environment hook '/home/anushka/ros2_ws/install/my_py_pkg/share/my_py_pkg/hook/pythonpath.ps1'
[6.044s] INFO:colcon.colcon_core.shell:Creating environment descriptor '/home/anushka/ros2_ws/install/my_py_pkg/share/my_py_pkg/hook/pythonpath.dsv'
[6.045s] INFO:colcon.colcon_core.shell:Creating environment hook '/home/anushka/ros2_ws/install/my_py_pkg/share/my_py_pkg/hook/pythonpath.sh'
[6.045s] Level 1:colcon.colcon_core.environment:checking '/home/anushka/ros2_ws/install/my_py_pkg/bin'
[6.045s] Level 1:colcon.colcon_core.environment:create_environment_scripts_only(my_py_pkg)
[6.063s] INFO:colcon.colcon_core.shell:Creating package script '/home/anushka/ros2_ws/install/my_py_pkg/share/my_py_pkg/package.ps1'
[6.063s] INFO:colcon.colcon_core.shell:Creating package descriptor '/home/anushka/ros2_ws/install/my_py_pkg/share/my_py_pkg/package.dsv'
[6.064s] INFO:colcon.colcon_core.shell:Creating package script '/home/anushka/ros2_ws/install/my_py_pkg/share/my_py_pkg/package.sh'
[6.064s] INFO:colcon.colcon_core.shell:Creating package script '/home/anushka/ros2_ws/install/my_py_pkg/share/my_py_pkg/package.bash'
[6.065s] INFO:colcon.colcon_core.shell:Creating package script '/home/anushka/ros2_ws/install/my_py_pkg/share/my_py_pkg/package.zsh'
[6.065s] Level 1:colcon.colcon_core.environment:create_file_with_runtime_dependencies(/home/anushka/ros2_ws/install/my_py_pkg/share/colcon-core/packages/my_py_pkg)
[6.065s] INFO:colcon.colcon_ros.task.ament_cmake.build:Building ROS package in '/home/anushka/ros2_ws/src/my_robot_bringup' with build type 'ament_cmake'
[6.065s] INFO:colcon.colcon_cmake.task.cmake.build:Building CMake package in '/home/anushka/ros2_ws/src/my_robot_bringup'
[6.083s] INFO:colcon.colcon_core.shell:Skip shell extension 'powershell' for command environment: Not usable outside of PowerShell
[6.083s] DEBUG:colcon.colcon_core.shell:Skip shell extension 'dsv' for command environment
[6.203s] DEBUG:colcon.colcon_core.event_handler.log_command:Invoking command in '/home/anushka/ros2_ws/build/my_robot_bringup': AMENT_PREFIX_PATH=/home/anushka/ros2_ws/install/turtlesim_catch_them_all:/home/anushka/ros2_ws/install/my_py_pkg:/home/anushka/ros2_ws/install/my_robot_bringup:/home/anushka/ros2_ws/install/my_cpp_pkg:/home/anushka/ros2_ws/install/my_robot_interfaces:/home/anushka/voidwalking/ros2_ws/install/waypoints:/home/anushka/voidwalking/ros2_ws/install/void_tests:/home/anushka/voidwalking/ros2_ws/install/turtlebot_test:/home/anushka/voidwalking/ros2_ws/install/spatio_temporal_voxel_layer:/home/anushka/voidwalking/ros2_ws/install/main:/home/anushka/voidwalking/ros2_ws/install/simulation:/home/anushka/voidwalking/ros2_ws/install/rviz_satellite:/home/anushka/voidwalking/ros2_ws/install/obstacle_avoidance:/home/anushka/voidwalking/ros2_ws/install/nav2_turtlebot3:/home/anushka/voidwalking/ros2_ws/install/mapping:/home/anushka/anu_ws/install/servo_controller:/home/anushka/eric_ws/install/camera_pkg_p:/home/anushka/eric_ws/install/vid_interface:/opt/ros/humble CMAKE_PREFIX_PATH=/home/anushka/ros2_ws/install/my_cpp_pkg:/home/anushka/ros2_ws/install/my_robot_interfaces:/home/anushka/ros2_ws/install/my_robot_bringup:/home/anushka/voidwalking/ros2_ws/install/void_tests:/home/anushka/voidwalking/ros2_ws/install/turtlebot_test:/home/anushka/voidwalking/ros2_ws/install/spatio_temporal_voxel_layer:/home/anushka/voidwalking/ros2_ws/install/main:/home/anushka/voidwalking/ros2_ws/install/simulation:/home/anushka/voidwalking/ros2_ws/install/rviz_satellite:/home/anushka/voidwalking/ros2_ws/install/obstacle_avoidance:/home/anushka/voidwalking/ros2_ws/install/nav2_turtlebot3:/home/anushka/voidwalking/ros2_ws/install/mapping:/home/anushka/eric_ws/install/vid_interface:/home/anushka/ros2_ws/install/turtlesim_catch_them_all:/home/anushka/ros2_ws/install/my_py_pkg:/home/anushka/voidwalking/ros2_ws/install/waypoints:/home/anushka/anu_ws/install/servo_controller:/home/anushka/eric_ws/install/camera_pkg_p:/opt/ros/humble /usr/bin/cmake --build /home/anushka/ros2_ws/build/my_robot_bringup -- -j8 -l8
[6.253s] DEBUG:colcon.colcon_core.event_handler.log_command:Invoked command in '/home/anushka/ros2_ws/build/my_robot_bringup' returned '0': AMENT_PREFIX_PATH=/home/anushka/ros2_ws/install/turtlesim_catch_them_all:/home/anushka/ros2_ws/install/my_py_pkg:/home/anushka/ros2_ws/install/my_robot_bringup:/home/anushka/ros2_ws/install/my_cpp_pkg:/home/anushka/ros2_ws/install/my_robot_interfaces:/home/anushka/voidwalking/ros2_ws/install/waypoints:/home/anushka/voidwalking/ros2_ws/install/void_tests:/home/anushka/voidwalking/ros2_ws/install/turtlebot_test:/home/anushka/voidwalking/ros2_ws/install/spatio_temporal_voxel_layer:/home/anushka/voidwalking/ros2_ws/install/main:/home/anushka/voidwalking/ros2_ws/install/simulation:/home/anushka/voidwalking/ros2_ws/install/rviz_satellite:/home/anushka/voidwalking/ros2_ws/install/obstacle_avoidance:/home/anushka/voidwalking/ros2_ws/install/nav2_turtlebot3:/home/anushka/voidwalking/ros2_ws/install/mapping:/home/anushka/anu_ws/install/servo_controller:/home/anushka/eric_ws/install/camera_pkg_p:/home/anushka/eric_ws/install/vid_interface:/opt/ros/humble CMAKE_PREFIX_PATH=/home/anushka/ros2_ws/install/my_cpp_pkg:/home/anushka/ros2_ws/install/my_robot_interfaces:/home/anushka/ros2_ws/install/my_robot_bringup:/home/anushka/voidwalking/ros2_ws/install/void_tests:/home/anushka/voidwalking/ros2_ws/install/turtlebot_test:/home/anushka/voidwalking/ros2_ws/install/spatio_temporal_voxel_layer:/home/anushka/voidwalking/ros2_ws/install/main:/home/anushka/voidwalking/ros2_ws/install/simulation:/home/anushka/voidwalking/ros2_ws/install/rviz_satellite:/home/anushka/voidwalking/ros2_ws/install/obstacle_avoidance:/home/anushka/voidwalking/ros2_ws/install/nav2_turtlebot3:/home/anushka/voidwalking/ros2_ws/install/mapping:/home/anushka/eric_ws/install/vid_interface:/home/anushka/ros2_ws/install/turtlesim_catch_them_all:/home/anushka/ros2_ws/install/my_py_pkg:/home/anushka/voidwalking/ros2_ws/install/waypoints:/home/anushka/anu_ws/install/servo_controller:/home/anushka/eric_ws/install/camera_pkg_p:/opt/ros/humble /usr/bin/cmake --build /home/anushka/ros2_ws/build/my_robot_bringup -- -j8 -l8
[6.282s] DEBUG:colcon.colcon_core.event_handler.log_command:Invoking command in '/home/anushka/ros2_ws/build/my_robot_bringup': AMENT_PREFIX_PATH=/home/anushka/ros2_ws/install/turtlesim_catch_them_all:/home/anushka/ros2_ws/install/my_py_pkg:/home/anushka/ros2_ws/install/my_robot_bringup:/home/anushka/ros2_ws/install/my_cpp_pkg:/home/anushka/ros2_ws/install/my_robot_interfaces:/home/anushka/voidwalking/ros2_ws/install/waypoints:/home/anushka/voidwalking/ros2_ws/install/void_tests:/home/anushka/voidwalking/ros2_ws/install/turtlebot_test:/home/anushka/voidwalking/ros2_ws/install/spatio_temporal_voxel_layer:/home/anushka/voidwalking/ros2_ws/install/main:/home/anushka/voidwalking/ros2_ws/install/simulation:/home/anushka/voidwalking/ros2_ws/install/rviz_satellite:/home/anushka/voidwalking/ros2_ws/install/obstacle_avoidance:/home/anushka/voidwalking/ros2_ws/install/nav2_turtlebot3:/home/anushka/voidwalking/ros2_ws/install/mapping:/home/anushka/anu_ws/install/servo_controller:/home/anushka/eric_ws/install/camera_pkg_p:/home/anushka/eric_ws/install/vid_interface:/opt/ros/humble CMAKE_PREFIX_PATH=/home/anushka/ros2_ws/install/my_cpp_pkg:/home/anushka/ros2_ws/install/my_robot_interfaces:/home/anushka/ros2_ws/install/my_robot_bringup:/home/anushka/voidwalking/ros2_ws/install/void_tests:/home/anushka/voidwalking/ros2_ws/install/turtlebot_test:/home/anushka/voidwalking/ros2_ws/install/spatio_temporal_voxel_layer:/home/anushka/voidwalking/ros2_ws/install/main:/home/anushka/voidwalking/ros2_ws/install/simulation:/home/anushka/voidwalking/ros2_ws/install/rviz_satellite:/home/anushka/voidwalking/ros2_ws/install/obstacle_avoidance:/home/anushka/voidwalking/ros2_ws/install/nav2_turtlebot3:/home/anushka/voidwalking/ros2_ws/install/mapping:/home/anushka/eric_ws/install/vid_interface:/home/anushka/ros2_ws/install/turtlesim_catch_them_all:/home/anushka/ros2_ws/install/my_py_pkg:/home/anushka/voidwalking/ros2_ws/install/waypoints:/home/anushka/anu_ws/install/servo_controller:/home/anushka/eric_ws/install/camera_pkg_p:/opt/ros/humble /usr/bin/cmake --install /home/anushka/ros2_ws/build/my_robot_bringup
[6.294s] Level 1:colcon.colcon_core.environment:create_environment_scripts_only(my_robot_bringup)
[6.295s] DEBUG:colcon.colcon_core.event_handler.log_command:Invoked command in '/home/anushka/ros2_ws/build/my_robot_bringup' returned '0': AMENT_PREFIX_PATH=/home/anushka/ros2_ws/install/turtlesim_catch_them_all:/home/anushka/ros2_ws/install/my_py_pkg:/home/anushka/ros2_ws/install/my_robot_bringup:/home/anushka/ros2_ws/install/my_cpp_pkg:/home/anushka/ros2_ws/install/my_robot_interfaces:/home/anushka/voidwalking/ros2_ws/install/waypoints:/home/anushka/voidwalking/ros2_ws/install/void_tests:/home/anushka/voidwalking/ros2_ws/install/turtlebot_test:/home/anushka/voidwalking/ros2_ws/install/spatio_temporal_voxel_layer:/home/anushka/voidwalking/ros2_ws/install/main:/home/anushka/voidwalking/ros2_ws/install/simulation:/home/anushka/voidwalking/ros2_ws/install/rviz_satellite:/home/anushka/voidwalking/ros2_ws/install/obstacle_avoidance:/home/anushka/voidwalking/ros2_ws/install/nav2_turtlebot3:/home/anushka/voidwalking/ros2_ws/install/mapping:/home/anushka/anu_ws/install/servo_controller:/home/anushka/eric_ws/install/camera_pkg_p:/home/anushka/eric_ws/install/vid_interface:/opt/ros/humble CMAKE_PREFIX_PATH=/home/anushka/ros2_ws/install/my_cpp_pkg:/home/anushka/ros2_ws/install/my_robot_interfaces:/home/anushka/ros2_ws/install/my_robot_bringup:/home/anushka/voidwalking/ros2_ws/install/void_tests:/home/anushka/voidwalking/ros2_ws/install/turtlebot_test:/home/anushka/voidwalking/ros2_ws/install/spatio_temporal_voxel_layer:/home/anushka/voidwalking/ros2_ws/install/main:/home/anushka/voidwalking/ros2_ws/install/simulation:/home/anushka/voidwalking/ros2_ws/install/rviz_satellite:/home/anushka/voidwalking/ros2_ws/install/obstacle_avoidance:/home/anushka/voidwalking/ros2_ws/install/nav2_turtlebot3:/home/anushka/voidwalking/ros2_ws/install/mapping:/home/anushka/eric_ws/install/vid_interface:/home/anushka/ros2_ws/install/turtlesim_catch_them_all:/home/anushka/ros2_ws/install/my_py_pkg:/home/anushka/voidwalking/ros2_ws/install/waypoints:/home/anushka/anu_ws/install/servo_controller:/home/anushka/eric_ws/install/camera_pkg_p:/opt/ros/humble /usr/bin/cmake --install /home/anushka/ros2_ws/build/my_robot_bringup
[6.312s] Level 1:colcon.colcon_core.environment:checking '/home/anushka/ros2_ws/install/my_robot_bringup' for CMake module files
[6.313s] Level 1:colcon.colcon_core.environment:checking '/home/anushka/ros2_ws/install/my_robot_bringup' for CMake config files
[6.313s] Level 1:colcon.colcon_core.shell:create_environment_hook('my_robot_bringup', 'cmake_prefix_path')
[6.330s] INFO:colcon.colcon_core.shell:Creating environment hook '/home/anushka/ros2_ws/install/my_robot_bringup/share/my_robot_bringup/hook/cmake_prefix_path.ps1'
[6.331s] INFO:colcon.colcon_core.shell:Creating environment descriptor '/home/anushka/ros2_ws/install/my_robot_bringup/share/my_robot_bringup/hook/cmake_prefix_path.dsv'
[6.331s] INFO:colcon.colcon_core.shell:Creating environment hook '/home/anushka/ros2_ws/install/my_robot_bringup/share/my_robot_bringup/hook/cmake_prefix_path.sh'
[6.331s] Level 1:colcon.colcon_core.environment:checking '/home/anushka/ros2_ws/install/my_robot_bringup/bin'
[6.332s] Level 1:colcon.colcon_core.environment:checking '/home/anushka/ros2_ws/install/my_robot_bringup/lib/pkgconfig/my_robot_bringup.pc'
[6.332s] Level 1:colcon.colcon_core.environment:checking '/home/anushka/ros2_ws/install/my_robot_bringup/lib/python3.10/site-packages'
[6.332s] Level 1:colcon.colcon_core.environment:checking '/home/anushka/ros2_ws/install/my_robot_bringup/bin'
[6.351s] INFO:colcon.colcon_core.shell:Creating package script '/home/anushka/ros2_ws/install/my_robot_bringup/share/my_robot_bringup/package.ps1'
[6.351s] INFO:colcon.colcon_core.shell:Creating package descriptor '/home/anushka/ros2_ws/install/my_robot_bringup/share/my_robot_bringup/package.dsv'
[6.352s] INFO:colcon.colcon_core.shell:Creating package script '/home/anushka/ros2_ws/install/my_robot_bringup/share/my_robot_bringup/package.sh'
[6.352s] INFO:colcon.colcon_core.shell:Creating package script '/home/anushka/ros2_ws/install/my_robot_bringup/share/my_robot_bringup/package.bash'
[6.352s] INFO:colcon.colcon_core.shell:Creating package script '/home/anushka/ros2_ws/install/my_robot_bringup/share/my_robot_bringup/package.zsh'
[6.353s] Level 1:colcon.colcon_core.environment:create_file_with_runtime_dependencies(/home/anushka/ros2_ws/install/my_robot_bringup/share/colcon-core/packages/my_robot_bringup)
[6.399s] Level 1:colcon.colcon_core.environment:create_environment_scripts_only(my_robot_bringup)
[6.417s] Level 1:colcon.colcon_core.environment:checking '/home/anushka/ros2_ws/install/my_robot_bringup' for CMake module files
[6.417s] Level 1:colcon.colcon_core.environment:checking '/home/anushka/ros2_ws/install/my_robot_bringup' for CMake config files
[6.417s] Level 1:colcon.colcon_core.shell:create_environment_hook('my_robot_bringup', 'cmake_prefix_path')
[6.436s] INFO:colcon.colcon_core.shell:Creating environment hook '/home/anushka/ros2_ws/install/my_robot_bringup/share/my_robot_bringup/hook/cmake_prefix_path.ps1'
[6.436s] INFO:colcon.colcon_core.shell:Creating environment descriptor '/home/anushka/ros2_ws/install/my_robot_bringup/share/my_robot_bringup/hook/cmake_prefix_path.dsv'
[6.437s] INFO:colcon.colcon_core.shell:Creating environment hook '/home/anushka/ros2_ws/install/my_robot_bringup/share/my_robot_bringup/hook/cmake_prefix_path.sh'
[6.437s] Level 1:colcon.colcon_core.environment:checking '/home/anushka/ros2_ws/install/my_robot_bringup/bin'
[6.437s] Level 1:colcon.colcon_core.environment:checking '/home/anushka/ros2_ws/install/my_robot_bringup/lib/pkgconfig/my_robot_bringup.pc'
[6.438s] Level 1:colcon.colcon_core.environment:checking '/home/anushka/ros2_ws/install/my_robot_bringup/lib/python3.10/site-packages'
[6.438s] Level 1:colcon.colcon_core.environment:checking '/home/anushka/ros2_ws/install/my_robot_bringup/bin'
[6.457s] INFO:colcon.colcon_core.shell:Creating package script '/home/anushka/ros2_ws/install/my_robot_bringup/share/my_robot_bringup/package.ps1'
[6.457s] INFO:colcon.colcon_core.shell:Creating package descriptor '/home/anushka/ros2_ws/install/my_robot_bringup/share/my_robot_bringup/package.dsv'
[6.458s] INFO:colcon.colcon_core.shell:Creating package script '/home/anushka/ros2_ws/install/my_robot_bringup/share/my_robot_bringup/package.sh'
[6.458s] INFO:colcon.colcon_core.shell:Creating package script '/home/anushka/ros2_ws/install/my_robot_bringup/share/my_robot_bringup/package.bash'
[6.459s] INFO:colcon.colcon_core.shell:Creating package script '/home/anushka/ros2_ws/install/my_robot_bringup/share/my_robot_bringup/package.zsh'
[6.459s] Level 1:colcon.colcon_core.environment:create_file_with_runtime_dependencies(/home/anushka/ros2_ws/install/my_robot_bringup/share/colcon-core/packages/my_robot_bringup)
[6.459s] DEBUG:colcon.colcon_parallel_executor.executor.parallel:closing loop
[6.460s] DEBUG:colcon.colcon_parallel_executor.executor.parallel:loop closed
[6.460s] DEBUG:colcon.colcon_parallel_executor.executor.parallel:run_until_complete finished with '0'
[6.460s] DEBUG:colcon.colcon_core.event_reactor:joining thread
[6.485s] INFO:colcon.colcon_core.plugin_system:Skipping extension 'colcon_notification.desktop_notification.terminal_notifier': Not used on non-Darwin systems
[6.485s] INFO:colcon.colcon_core.plugin_system:Skipping extension 'colcon_notification.desktop_notification.win32': Not used on non-Windows systems
[6.485s] INFO:colcon.colcon_notification.desktop_notification:Sending desktop notification using 'notify2'
[6.502s] DEBUG:colcon.colcon_core.event_reactor:joined thread
[6.522s] INFO:colcon.colcon_core.shell:Creating prefix script '/home/anushka/ros2_ws/install/local_setup.ps1'
[6.524s] INFO:colcon.colcon_core.shell:Creating prefix util module '/home/anushka/ros2_ws/install/_local_setup_util_ps1.py'
[6.526s] INFO:colcon.colcon_core.shell:Creating prefix chain script '/home/anushka/ros2_ws/install/setup.ps1'
[6.548s] INFO:colcon.colcon_core.shell:Creating prefix script '/home/anushka/ros2_ws/install/local_setup.sh'
[6.549s] INFO:colcon.colcon_core.shell:Creating prefix util module '/home/anushka/ros2_ws/install/_local_setup_util_sh.py'
[6.549s] INFO:colcon.colcon_core.shell:Creating prefix chain script '/home/anushka/ros2_ws/install/setup.sh'
[6.571s] INFO:colcon.colcon_core.shell:Creating prefix script '/home/anushka/ros2_ws/install/local_setup.bash'
[6.572s] INFO:colcon.colcon_core.shell:Creating prefix chain script '/home/anushka/ros2_ws/install/setup.bash'
[6.593s] INFO:colcon.colcon_core.shell:Creating prefix script '/home/anushka/ros2_ws/install/local_setup.zsh'
[6.594s] INFO:colcon.colcon_core.shell:Creating prefix chain script '/home/anushka/ros2_ws/install/setup.zsh'
