[1.227s] Invoking command in '/home/anushka/ros2_ws/src/my_py_pkg': CMAKE_PREFIX_PATH=/home/anushka/ros2_ws/install/my_robot_interfaces:/home/anushka/ros2_ws/install/my_cpp_pkg:/home/anushka/voidwalking/ros2_ws/install/void_tests:/home/anushka/voidwalking/ros2_ws/install/turtlebot_test:/home/anushka/voidwalking/ros2_ws/install/spatio_temporal_voxel_layer:/home/anushka/voidwalking/ros2_ws/install/main:/home/anushka/voidwalking/ros2_ws/install/simulation:/home/anushka/voidwalking/ros2_ws/install/rviz_satellite:/home/anushka/voidwalking/ros2_ws/install/obstacle_avoidance:/home/anushka/voidwalking/ros2_ws/install/nav2_turtlebot3:/home/anushka/voidwalking/ros2_ws/install/mapping:/home/anushka/eric_ws/install/vid_interface PYTHONPATH=/home/anushka/ros2_ws/build/my_py_pkg/prefix_override:/home/anushka/ros2_ws/install/my_py_pkg/lib/python3.10/site-packages:${PYTHONPATH} /usr/bin/python3 setup.py egg_info --egg-base ../../build/my_py_pkg build --build-base /home/anushka/ros2_ws/build/my_py_pkg/build install --record /home/anushka/ros2_ws/build/my_py_pkg/install.log --single-version-externally-managed
[1.577s] running egg_info
[1.578s] writing ../../build/my_py_pkg/my_py_pkg.egg-info/PKG-INFO
[1.578s] writing dependency_links to ../../build/my_py_pkg/my_py_pkg.egg-info/dependency_links.txt
[1.578s] writing entry points to ../../build/my_py_pkg/my_py_pkg.egg-info/entry_points.txt
[1.578s] writing requirements to ../../build/my_py_pkg/my_py_pkg.egg-info/requires.txt
[1.579s] writing top-level names to ../../build/my_py_pkg/my_py_pkg.egg-info/top_level.txt
[1.581s] reading manifest file '../../build/my_py_pkg/my_py_pkg.egg-info/SOURCES.txt'
[1.582s] writing manifest file '../../build/my_py_pkg/my_py_pkg.egg-info/SOURCES.txt'
[1.582s] running build
[1.582s] running build_py
[1.583s] copying my_py_pkg/number_publisher_code.py -> /home/anushka/ros2_ws/build/my_py_pkg/build/lib/my_py_pkg
[1.583s] running install
[1.583s] running install_lib
[1.585s] copying /home/anushka/ros2_ws/build/my_py_pkg/build/lib/my_py_pkg/number_publisher_code.py -> /home/anushka/ros2_ws/install/my_py_pkg/lib/python3.10/site-packages/my_py_pkg
[1.586s] byte-compiling /home/anushka/ros2_ws/install/my_py_pkg/lib/python3.10/site-packages/my_py_pkg/number_publisher_code.py to number_publisher_code.cpython-310.pyc
[1.586s] running install_data
[1.587s] running install_egg_info
[1.589s] removing '/home/anushka/ros2_ws/install/my_py_pkg/lib/python3.10/site-packages/my_py_pkg-0.0.0-py3.10.egg-info' (and everything under it)
[1.589s] Copying ../../build/my_py_pkg/my_py_pkg.egg-info to /home/anushka/ros2_ws/install/my_py_pkg/lib/python3.10/site-packages/my_py_pkg-0.0.0-py3.10.egg-info
[1.590s] running install_scripts
[1.614s] Installing add_two_ints_client script to /home/anushka/ros2_ws/install/my_py_pkg/lib/my_py_pkg
[1.615s] Installing add_two_ints_oop_client script to /home/anushka/ros2_ws/install/my_py_pkg/lib/my_py_pkg
[1.615s] Installing battery_client_exe script to /home/anushka/ros2_ws/install/my_py_pkg/lib/my_py_pkg
[1.615s] Installing hardware_exe script to /home/anushka/ros2_ws/install/my_py_pkg/lib/my_py_pkg
[1.616s] Installing led_status_server script to /home/anushka/ros2_ws/install/my_py_pkg/lib/my_py_pkg
[1.616s] Installing mobilephone script to /home/anushka/ros2_ws/install/my_py_pkg/lib/my_py_pkg
[1.616s] Installing my_add_service script to /home/anushka/ros2_ws/install/my_py_pkg/lib/my_py_pkg
[1.616s] Installing number_counter script to /home/anushka/ros2_ws/install/my_py_pkg/lib/my_py_pkg
[1.616s] Installing number_publisher script to /home/anushka/ros2_ws/install/my_py_pkg/lib/my_py_pkg
[1.616s] Installing py_node_p script to /home/anushka/ros2_ws/install/my_py_pkg/lib/my_py_pkg
[1.616s] Installing robot_news_station script to /home/anushka/ros2_ws/install/my_py_pkg/lib/my_py_pkg
[1.616s] writing list of installed files to '/home/anushka/ros2_ws/build/my_py_pkg/install.log'
[1.655s] Invoked command in '/home/anushka/ros2_ws/src/my_py_pkg' returned '0': CMAKE_PREFIX_PATH=/home/anushka/ros2_ws/install/my_robot_interfaces:/home/anushka/ros2_ws/install/my_cpp_pkg:/home/anushka/voidwalking/ros2_ws/install/void_tests:/home/anushka/voidwalking/ros2_ws/install/turtlebot_test:/home/anushka/voidwalking/ros2_ws/install/spatio_temporal_voxel_layer:/home/anushka/voidwalking/ros2_ws/install/main:/home/anushka/voidwalking/ros2_ws/install/simulation:/home/anushka/voidwalking/ros2_ws/install/rviz_satellite:/home/anushka/voidwalking/ros2_ws/install/obstacle_avoidance:/home/anushka/voidwalking/ros2_ws/install/nav2_turtlebot3:/home/anushka/voidwalking/ros2_ws/install/mapping:/home/anushka/eric_ws/install/vid_interface PYTHONPATH=/home/anushka/ros2_ws/build/my_py_pkg/prefix_override:/home/anushka/ros2_ws/install/my_py_pkg/lib/python3.10/site-packages:${PYTHONPATH} /usr/bin/python3 setup.py egg_info --egg-base ../../build/my_py_pkg build --build-base /home/anushka/ros2_ws/build/my_py_pkg/build install --record /home/anushka/ros2_ws/build/my_py_pkg/install.log --single-version-externally-managed
