[0.290s] Invoking command in '/home/anushka/ros2_ws/build/my_cpp_pkg': CMAKE_PREFIX_PATH=/home/anushka/ros2_ws/install/my_robot_interfaces:/home/anushka/ros2_ws/install/my_cpp_pkg:/home/anushka/voidwalking/ros2_ws/install/void_tests:/home/anushka/voidwalking/ros2_ws/install/turtlebot_test:/home/anushka/voidwalking/ros2_ws/install/spatio_temporal_voxel_layer:/home/anushka/voidwalking/ros2_ws/install/main:/home/anushka/voidwalking/ros2_ws/install/simulation:/home/anushka/voidwalking/ros2_ws/install/rviz_satellite:/home/anushka/voidwalking/ros2_ws/install/obstacle_avoidance:/home/anushka/voidwalking/ros2_ws/install/nav2_turtlebot3:/home/anushka/voidwalking/ros2_ws/install/mapping:/home/anushka/eric_ws/install/vid_interface:/home/anushka/ros2_ws/install/my_py_pkg:/home/anushka/voidwalking/ros2_ws/install/waypoints:/home/anushka/anu_ws/install/servo_controller:/home/anushka/eric_ws/install/camera_pkg_p:/opt/ros/humble /usr/bin/cmake --build /home/anushka/ros2_ws/build/my_cpp_pkg -- -j8 -l8
[0.375s] [  9%] Built target robot_news_station_exe
[0.377s] [ 18%] Built target timer_node_1
[0.378s] [ 27%] Built target smartphone_exe
[0.383s] [ 36%] Built target cpp_node_c2
[0.384s] [ 45%] Built target number_counter
[0.393s] [ 54%] Built target add_two_ints_server_exe
[0.398s] [ 63%] Built target number_publisher
[0.400s] [ 72%] Built target cpp_node_c
[0.417s] [ 81%] Built target add_two_ints_client_no_oop_exe
[0.431s] [ 90%] Built target add_two_ints_client_exe
[0.432s] [100%] Built target hardware_exe
[0.787s] Invoked command in '/home/anushka/ros2_ws/build/my_cpp_pkg' returned '0': CMAKE_PREFIX_PATH=/home/anushka/ros2_ws/install/my_robot_interfaces:/home/anushka/ros2_ws/install/my_cpp_pkg:/home/anushka/voidwalking/ros2_ws/install/void_tests:/home/anushka/voidwalking/ros2_ws/install/turtlebot_test:/home/anushka/voidwalking/ros2_ws/install/spatio_temporal_voxel_layer:/home/anushka/voidwalking/ros2_ws/install/main:/home/anushka/voidwalking/ros2_ws/install/simulation:/home/anushka/voidwalking/ros2_ws/install/rviz_satellite:/home/anushka/voidwalking/ros2_ws/install/obstacle_avoidance:/home/anushka/voidwalking/ros2_ws/install/nav2_turtlebot3:/home/anushka/voidwalking/ros2_ws/install/mapping:/home/anushka/eric_ws/install/vid_interface:/home/anushka/ros2_ws/install/my_py_pkg:/home/anushka/voidwalking/ros2_ws/install/waypoints:/home/anushka/anu_ws/install/servo_controller:/home/anushka/eric_ws/install/camera_pkg_p:/opt/ros/humble /usr/bin/cmake --build /home/anushka/ros2_ws/build/my_cpp_pkg -- -j8 -l8
[0.867s] Invoking command in '/home/anushka/ros2_ws/build/my_cpp_pkg': CMAKE_PREFIX_PATH=/home/anushka/ros2_ws/install/my_robot_interfaces:/home/anushka/ros2_ws/install/my_cpp_pkg:/home/anushka/voidwalking/ros2_ws/install/void_tests:/home/anushka/voidwalking/ros2_ws/install/turtlebot_test:/home/anushka/voidwalking/ros2_ws/install/spatio_temporal_voxel_layer:/home/anushka/voidwalking/ros2_ws/install/main:/home/anushka/voidwalking/ros2_ws/install/simulation:/home/anushka/voidwalking/ros2_ws/install/rviz_satellite:/home/anushka/voidwalking/ros2_ws/install/obstacle_avoidance:/home/anushka/voidwalking/ros2_ws/install/nav2_turtlebot3:/home/anushka/voidwalking/ros2_ws/install/mapping:/home/anushka/eric_ws/install/vid_interface:/home/anushka/ros2_ws/install/my_py_pkg:/home/anushka/voidwalking/ros2_ws/install/waypoints:/home/anushka/anu_ws/install/servo_controller:/home/anushka/eric_ws/install/camera_pkg_p:/opt/ros/humble /usr/bin/cmake --install /home/anushka/ros2_ws/build/my_cpp_pkg
[0.877s] -- Install configuration: ""
[0.877s] -- Up-to-date: /home/anushka/ros2_ws/install/my_cpp_pkg/lib/my_cpp_pkg/cpp_node_c
[0.878s] -- Up-to-date: /home/anushka/ros2_ws/install/my_cpp_pkg/lib/my_cpp_pkg/cpp_node_c2
[0.878s] -- Up-to-date: /home/anushka/ros2_ws/install/my_cpp_pkg/lib/my_cpp_pkg/timer_node_1
[0.879s] -- Up-to-date: /home/anushka/ros2_ws/install/my_cpp_pkg/lib/my_cpp_pkg/robot_news_station_exe
[0.879s] -- Up-to-date: /home/anushka/ros2_ws/install/my_cpp_pkg/lib/my_cpp_pkg/smartphone_exe
[0.879s] -- Up-to-date: /home/anushka/ros2_ws/install/my_cpp_pkg/lib/my_cpp_pkg/number_publisher
[0.880s] -- Up-to-date: /home/anushka/ros2_ws/install/my_cpp_pkg/lib/my_cpp_pkg/number_counter
[0.880s] -- Up-to-date: /home/anushka/ros2_ws/install/my_cpp_pkg/lib/my_cpp_pkg/add_two_ints_server_exe
[0.881s] -- Up-to-date: /home/anushka/ros2_ws/install/my_cpp_pkg/lib/my_cpp_pkg/add_two_ints_client_no_oop_exe
[0.881s] -- Up-to-date: /home/anushka/ros2_ws/install/my_cpp_pkg/lib/my_cpp_pkg/add_two_ints_client_exe
[0.881s] -- Up-to-date: /home/anushka/ros2_ws/install/my_cpp_pkg/lib/my_cpp_pkg/hardware_exe
[0.882s] -- Up-to-date: /home/anushka/ros2_ws/install/my_cpp_pkg/share/ament_index/resource_index/package_run_dependencies/my_cpp_pkg
[0.882s] -- Up-to-date: /home/anushka/ros2_ws/install/my_cpp_pkg/share/ament_index/resource_index/parent_prefix_path/my_cpp_pkg
[0.882s] -- Up-to-date: /home/anushka/ros2_ws/install/my_cpp_pkg/share/my_cpp_pkg/environment/ament_prefix_path.sh
[0.882s] -- Up-to-date: /home/anushka/ros2_ws/install/my_cpp_pkg/share/my_cpp_pkg/environment/ament_prefix_path.dsv
[0.882s] -- Up-to-date: /home/anushka/ros2_ws/install/my_cpp_pkg/share/my_cpp_pkg/environment/path.sh
[0.882s] -- Up-to-date: /home/anushka/ros2_ws/install/my_cpp_pkg/share/my_cpp_pkg/environment/path.dsv
[0.882s] -- Up-to-date: /home/anushka/ros2_ws/install/my_cpp_pkg/share/my_cpp_pkg/local_setup.bash
[0.882s] -- Up-to-date: /home/anushka/ros2_ws/install/my_cpp_pkg/share/my_cpp_pkg/local_setup.sh
[0.882s] -- Up-to-date: /home/anushka/ros2_ws/install/my_cpp_pkg/share/my_cpp_pkg/local_setup.zsh
[0.882s] -- Up-to-date: /home/anushka/ros2_ws/install/my_cpp_pkg/share/my_cpp_pkg/local_setup.dsv
[0.882s] -- Installing: /home/anushka/ros2_ws/install/my_cpp_pkg/share/my_cpp_pkg/package.dsv
[0.882s] -- Up-to-date: /home/anushka/ros2_ws/install/my_cpp_pkg/share/ament_index/resource_index/packages/my_cpp_pkg
[0.883s] -- Up-to-date: /home/anushka/ros2_ws/install/my_cpp_pkg/share/my_cpp_pkg/cmake/my_cpp_pkgConfig.cmake
[0.883s] -- Up-to-date: /home/anushka/ros2_ws/install/my_cpp_pkg/share/my_cpp_pkg/cmake/my_cpp_pkgConfig-version.cmake
[0.883s] -- Up-to-date: /home/anushka/ros2_ws/install/my_cpp_pkg/share/my_cpp_pkg/package.xml
[0.885s] Invoked command in '/home/anushka/ros2_ws/build/my_cpp_pkg' returned '0': CMAKE_PREFIX_PATH=/home/anushka/ros2_ws/install/my_robot_interfaces:/home/anushka/ros2_ws/install/my_cpp_pkg:/home/anushka/voidwalking/ros2_ws/install/void_tests:/home/anushka/voidwalking/ros2_ws/install/turtlebot_test:/home/anushka/voidwalking/ros2_ws/install/spatio_temporal_voxel_layer:/home/anushka/voidwalking/ros2_ws/install/main:/home/anushka/voidwalking/ros2_ws/install/simulation:/home/anushka/voidwalking/ros2_ws/install/rviz_satellite:/home/anushka/voidwalking/ros2_ws/install/obstacle_avoidance:/home/anushka/voidwalking/ros2_ws/install/nav2_turtlebot3:/home/anushka/voidwalking/ros2_ws/install/mapping:/home/anushka/eric_ws/install/vid_interface:/home/anushka/ros2_ws/install/my_py_pkg:/home/anushka/voidwalking/ros2_ws/install/waypoints:/home/anushka/anu_ws/install/servo_controller:/home/anushka/eric_ws/install/camera_pkg_p:/opt/ros/humble /usr/bin/cmake --install /home/anushka/ros2_ws/build/my_cpp_pkg
