[1.178s] Invoking command in '/home/anushka/ros2_ws/build/my_py_pkg': CMAKE_PREFIX_PATH=/home/anushka/ros2_ws/install/my_robot_interfaces:/home/anushka/ros2_ws/install/my_cpp_pkg:/home/anushka/voidwalking/ros2_ws/install/void_tests:/home/anushka/voidwalking/ros2_ws/install/turtlebot_test:/home/anushka/voidwalking/ros2_ws/install/spatio_temporal_voxel_layer:/home/anushka/voidwalking/ros2_ws/install/main:/home/anushka/voidwalking/ros2_ws/install/simulation:/home/anushka/voidwalking/ros2_ws/install/rviz_satellite:/home/anushka/voidwalking/ros2_ws/install/obstacle_avoidance:/home/anushka/voidwalking/ros2_ws/install/nav2_turtlebot3:/home/anushka/voidwalking/ros2_ws/install/mapping:/home/anushka/eric_ws/install/vid_interface PYTHONPATH=/home/anushka/ros2_ws/build/my_py_pkg/prefix_override:/home/anushka/ros2_ws/install/my_py_pkg/lib/python3.10/site-packages:${PYTHONPATH} /usr/bin/python3 setup.py develop --uninstall --editable --build-directory /home/anushka/ros2_ws/build/my_py_pkg/build
[1.583s] running develop
[1.847s] Removing /home/anushka/ros2_ws/install/my_py_pkg/lib/python3.10/site-packages/my-py-pkg.egg-link (link to .)
[1.913s] Invoked command in '/home/anushka/ros2_ws/build/my_py_pkg' returned '0': CMAKE_PREFIX_PATH=/home/anushka/ros2_ws/install/my_robot_interfaces:/home/anushka/ros2_ws/install/my_cpp_pkg:/home/anushka/voidwalking/ros2_ws/install/void_tests:/home/anushka/voidwalking/ros2_ws/install/turtlebot_test:/home/anushka/voidwalking/ros2_ws/install/spatio_temporal_voxel_layer:/home/anushka/voidwalking/ros2_ws/install/main:/home/anushka/voidwalking/ros2_ws/install/simulation:/home/anushka/voidwalking/ros2_ws/install/rviz_satellite:/home/anushka/voidwalking/ros2_ws/install/obstacle_avoidance:/home/anushka/voidwalking/ros2_ws/install/nav2_turtlebot3:/home/anushka/voidwalking/ros2_ws/install/mapping:/home/anushka/eric_ws/install/vid_interface PYTHONPATH=/home/anushka/ros2_ws/build/my_py_pkg/prefix_override:/home/anushka/ros2_ws/install/my_py_pkg/lib/python3.10/site-packages:${PYTHONPATH} /usr/bin/python3 setup.py develop --uninstall --editable --build-directory /home/anushka/ros2_ws/build/my_py_pkg/build
[1.916s] Invoking command in '/home/anushka/ros2_ws/src/my_py_pkg': CMAKE_PREFIX_PATH=/home/anushka/ros2_ws/install/my_robot_interfaces:/home/anushka/ros2_ws/install/my_cpp_pkg:/home/anushka/voidwalking/ros2_ws/install/void_tests:/home/anushka/voidwalking/ros2_ws/install/turtlebot_test:/home/anushka/voidwalking/ros2_ws/install/spatio_temporal_voxel_layer:/home/anushka/voidwalking/ros2_ws/install/main:/home/anushka/voidwalking/ros2_ws/install/simulation:/home/anushka/voidwalking/ros2_ws/install/rviz_satellite:/home/anushka/voidwalking/ros2_ws/install/obstacle_avoidance:/home/anushka/voidwalking/ros2_ws/install/nav2_turtlebot3:/home/anushka/voidwalking/ros2_ws/install/mapping:/home/anushka/eric_ws/install/vid_interface PYTHONPATH=/home/anushka/ros2_ws/build/my_py_pkg/prefix_override:/home/anushka/ros2_ws/install/my_py_pkg/lib/python3.10/site-packages:${PYTHONPATH} /usr/bin/python3 setup.py egg_info --egg-base ../../build/my_py_pkg build --build-base /home/anushka/ros2_ws/build/my_py_pkg/build install --record /home/anushka/ros2_ws/build/my_py_pkg/install.log --single-version-externally-managed
[2.270s] running egg_info
[2.271s] writing ../../build/my_py_pkg/my_py_pkg.egg-info/PKG-INFO
[2.271s] writing dependency_links to ../../build/my_py_pkg/my_py_pkg.egg-info/dependency_links.txt
[2.272s] writing entry points to ../../build/my_py_pkg/my_py_pkg.egg-info/entry_points.txt
[2.272s] writing requirements to ../../build/my_py_pkg/my_py_pkg.egg-info/requires.txt
[2.272s] writing top-level names to ../../build/my_py_pkg/my_py_pkg.egg-info/top_level.txt
[2.277s] reading manifest file '../../build/my_py_pkg/my_py_pkg.egg-info/SOURCES.txt'
[2.278s] writing manifest file '../../build/my_py_pkg/my_py_pkg.egg-info/SOURCES.txt'
[2.278s] running build
[2.278s] running build_py
[2.279s] copying my_py_pkg/number_publisher_code.py -> /home/anushka/ros2_ws/build/my_py_pkg/build/lib/my_py_pkg
[2.279s] running install
[2.279s] running install_lib
[2.280s] creating /home/anushka/ros2_ws/install/my_py_pkg/lib/python3.10/site-packages/my_py_pkg
[2.281s] copying /home/anushka/ros2_ws/build/my_py_pkg/build/lib/my_py_pkg/add_two_ints_oop.py -> /home/anushka/ros2_ws/install/my_py_pkg/lib/python3.10/site-packages/my_py_pkg
[2.281s] copying /home/anushka/ros2_ws/build/my_py_pkg/build/lib/my_py_pkg/__init__.py -> /home/anushka/ros2_ws/install/my_py_pkg/lib/python3.10/site-packages/my_py_pkg
[2.281s] copying /home/anushka/ros2_ws/build/my_py_pkg/build/lib/my_py_pkg/led_status_server.py -> /home/anushka/ros2_ws/install/my_py_pkg/lib/python3.10/site-packages/my_py_pkg
[2.281s] copying /home/anushka/ros2_ws/build/my_py_pkg/build/lib/my_py_pkg/my_firrst_node.py -> /home/anushka/ros2_ws/install/my_py_pkg/lib/python3.10/site-packages/my_py_pkg
[2.281s] copying /home/anushka/ros2_ws/build/my_py_pkg/build/lib/my_py_pkg/robot_news_station_u.py -> /home/anushka/ros2_ws/install/my_py_pkg/lib/python3.10/site-packages/my_py_pkg
[2.281s] copying /home/anushka/ros2_ws/build/my_py_pkg/build/lib/my_py_pkg/add_two_ints_client.py -> /home/anushka/ros2_ws/install/my_py_pkg/lib/python3.10/site-packages/my_py_pkg
[2.281s] copying /home/anushka/ros2_ws/build/my_py_pkg/build/lib/my_py_pkg/battery_client.py -> /home/anushka/ros2_ws/install/my_py_pkg/lib/python3.10/site-packages/my_py_pkg
[2.281s] copying /home/anushka/ros2_ws/build/my_py_pkg/build/lib/my_py_pkg/hardware_msg_test.py -> /home/anushka/ros2_ws/install/my_py_pkg/lib/python3.10/site-packages/my_py_pkg
[2.282s] copying /home/anushka/ros2_ws/build/my_py_pkg/build/lib/my_py_pkg/mobile_u.py -> /home/anushka/ros2_ws/install/my_py_pkg/lib/python3.10/site-packages/my_py_pkg
[2.282s] copying /home/anushka/ros2_ws/build/my_py_pkg/build/lib/my_py_pkg/number_counter_code.py -> /home/anushka/ros2_ws/install/my_py_pkg/lib/python3.10/site-packages/my_py_pkg
[2.282s] copying /home/anushka/ros2_ws/build/my_py_pkg/build/lib/my_py_pkg/my_add_service.py -> /home/anushka/ros2_ws/install/my_py_pkg/lib/python3.10/site-packages/my_py_pkg
[2.282s] copying /home/anushka/ros2_ws/build/my_py_pkg/build/lib/my_py_pkg/number_publisher_code.py -> /home/anushka/ros2_ws/install/my_py_pkg/lib/python3.10/site-packages/my_py_pkg
[2.283s] byte-compiling /home/anushka/ros2_ws/install/my_py_pkg/lib/python3.10/site-packages/my_py_pkg/add_two_ints_oop.py to add_two_ints_oop.cpython-310.pyc
[2.283s] byte-compiling /home/anushka/ros2_ws/install/my_py_pkg/lib/python3.10/site-packages/my_py_pkg/__init__.py to __init__.cpython-310.pyc
[2.283s] byte-compiling /home/anushka/ros2_ws/install/my_py_pkg/lib/python3.10/site-packages/my_py_pkg/led_status_server.py to led_status_server.cpython-310.pyc
[2.286s] byte-compiling /home/anushka/ros2_ws/install/my_py_pkg/lib/python3.10/site-packages/my_py_pkg/my_firrst_node.py to my_firrst_node.cpython-310.pyc
[2.286s] byte-compiling /home/anushka/ros2_ws/install/my_py_pkg/lib/python3.10/site-packages/my_py_pkg/robot_news_station_u.py to robot_news_station_u.cpython-310.pyc
[2.286s] byte-compiling /home/anushka/ros2_ws/install/my_py_pkg/lib/python3.10/site-packages/my_py_pkg/add_two_ints_client.py to add_two_ints_client.cpython-310.pyc
[2.287s] byte-compiling /home/anushka/ros2_ws/install/my_py_pkg/lib/python3.10/site-packages/my_py_pkg/battery_client.py to battery_client.cpython-310.pyc
[2.287s] byte-compiling /home/anushka/ros2_ws/install/my_py_pkg/lib/python3.10/site-packages/my_py_pkg/hardware_msg_test.py to hardware_msg_test.cpython-310.pyc
[2.288s] byte-compiling /home/anushka/ros2_ws/install/my_py_pkg/lib/python3.10/site-packages/my_py_pkg/mobile_u.py to mobile_u.cpython-310.pyc
[2.288s] byte-compiling /home/anushka/ros2_ws/install/my_py_pkg/lib/python3.10/site-packages/my_py_pkg/number_counter_code.py to number_counter_code.cpython-310.pyc
[2.288s] byte-compiling /home/anushka/ros2_ws/install/my_py_pkg/lib/python3.10/site-packages/my_py_pkg/my_add_service.py to my_add_service.cpython-310.pyc
[2.289s] byte-compiling /home/anushka/ros2_ws/install/my_py_pkg/lib/python3.10/site-packages/my_py_pkg/number_publisher_code.py to number_publisher_code.cpython-310.pyc
[2.289s] running install_data
[2.290s] running install_egg_info
[2.294s] Copying ../../build/my_py_pkg/my_py_pkg.egg-info to /home/anushka/ros2_ws/install/my_py_pkg/lib/python3.10/site-packages/my_py_pkg-0.0.0-py3.10.egg-info
[2.296s] running install_scripts
[2.332s] Installing add_two_ints_client script to /home/anushka/ros2_ws/install/my_py_pkg/lib/my_py_pkg
[2.332s] Installing add_two_ints_oop_client script to /home/anushka/ros2_ws/install/my_py_pkg/lib/my_py_pkg
[2.332s] Installing battery_client_exe script to /home/anushka/ros2_ws/install/my_py_pkg/lib/my_py_pkg
[2.332s] Installing hardware_exe script to /home/anushka/ros2_ws/install/my_py_pkg/lib/my_py_pkg
[2.332s] Installing led_status_server script to /home/anushka/ros2_ws/install/my_py_pkg/lib/my_py_pkg
[2.332s] Installing mobilephone script to /home/anushka/ros2_ws/install/my_py_pkg/lib/my_py_pkg
[2.332s] Installing my_add_service script to /home/anushka/ros2_ws/install/my_py_pkg/lib/my_py_pkg
[2.332s] Installing number_counter script to /home/anushka/ros2_ws/install/my_py_pkg/lib/my_py_pkg
[2.333s] Installing number_publisher script to /home/anushka/ros2_ws/install/my_py_pkg/lib/my_py_pkg
[2.333s] Installing py_node_p script to /home/anushka/ros2_ws/install/my_py_pkg/lib/my_py_pkg
[2.333s] Installing robot_news_station script to /home/anushka/ros2_ws/install/my_py_pkg/lib/my_py_pkg
[2.333s] writing list of installed files to '/home/anushka/ros2_ws/build/my_py_pkg/install.log'
[2.387s] Invoked command in '/home/anushka/ros2_ws/src/my_py_pkg' returned '0': CMAKE_PREFIX_PATH=/home/anushka/ros2_ws/install/my_robot_interfaces:/home/anushka/ros2_ws/install/my_cpp_pkg:/home/anushka/voidwalking/ros2_ws/install/void_tests:/home/anushka/voidwalking/ros2_ws/install/turtlebot_test:/home/anushka/voidwalking/ros2_ws/install/spatio_temporal_voxel_layer:/home/anushka/voidwalking/ros2_ws/install/main:/home/anushka/voidwalking/ros2_ws/install/simulation:/home/anushka/voidwalking/ros2_ws/install/rviz_satellite:/home/anushka/voidwalking/ros2_ws/install/obstacle_avoidance:/home/anushka/voidwalking/ros2_ws/install/nav2_turtlebot3:/home/anushka/voidwalking/ros2_ws/install/mapping:/home/anushka/eric_ws/install/vid_interface PYTHONPATH=/home/anushka/ros2_ws/build/my_py_pkg/prefix_override:/home/anushka/ros2_ws/install/my_py_pkg/lib/python3.10/site-packages:${PYTHONPATH} /usr/bin/python3 setup.py egg_info --egg-base ../../build/my_py_pkg build --build-base /home/anushka/ros2_ws/build/my_py_pkg/build install --record /home/anushka/ros2_ws/build/my_py_pkg/install.log --single-version-externally-managed
