[1.207s] DEBUG:colcon:Command line arguments: ['/usr/bin/colcon', 'build']
[1.207s] DEBUG:colcon:Parsed command line arguments: Namespace(log_base=None, log_level=None, verb_name='build', build_base='build', install_base='install', merge_install=False, symlink_install=False, test_result_base=None, continue_on_error=False, executor='parallel', parallel_workers=8, event_handlers=None, ignore_user_meta=False, metas=['./colcon.meta'], base_paths=['.'], packages_ignore=None, packages_ignore_regex=None, paths=None, packages_up_to=None, packages_up_to_regex=None, packages_above=None, packages_above_and_dependencies=None, packages_above_depth=None, packages_select_by_dep=None, packages_skip_by_dep=None, packages_skip_up_to=None, packages_select_build_failed=False, packages_skip_build_finished=False, packages_select_test_failures=False, packages_skip_test_passed=False, packages_select=None, packages_skip=None, packages_select_regex=None, packages_skip_regex=None, packages_start=None, packages_end=None, allow_overriding=[], cmake_args=None, cmake_target=None, cmake_target_skip_unavailable=False, cmake_clean_cache=False, cmake_clean_first=False, cmake_force_configure=False, ament_cmake_args=None, catkin_cmake_args=None, catkin_skip_building_tests=False, verb_parser=<colcon_defaults.argument_parser.defaults.DefaultArgumentsDecorator object at 0x7ffbf39bd9f0>, verb_extension=<colcon_core.verb.build.BuildVerb object at 0x7ffbf39bf820>, main=<bound method BuildVerb.main of <colcon_core.verb.build.BuildVerb object at 0x7ffbf39bf820>>)
[1.259s] Level 1:colcon.colcon_core.package_discovery:discover_packages(colcon_meta) check parameters
[1.259s] Level 1:colcon.colcon_core.package_discovery:discover_packages(recursive) check parameters
[1.259s] Level 1:colcon.colcon_core.package_discovery:discover_packages(ignore) check parameters
[1.259s] Level 1:colcon.colcon_core.package_discovery:discover_packages(path) check parameters
[1.259s] Level 1:colcon.colcon_core.package_discovery:discover_packages(colcon_meta) discover
[1.259s] Level 1:colcon.colcon_core.package_discovery:discover_packages(recursive) discover
[1.259s] INFO:colcon.colcon_core.package_discovery:Crawling recursively for packages in '/home/anushka/ros2_ws'
[1.260s] Level 1:colcon.colcon_core.package_identification:_identify(.) by extensions ['ignore', 'ignore_ament_install']
[1.260s] Level 1:colcon.colcon_core.package_identification:_identify(.) by extension 'ignore'
[1.260s] Level 1:colcon.colcon_core.package_identification:_identify(.) by extension 'ignore_ament_install'
[1.260s] Level 1:colcon.colcon_core.package_identification:_identify(.) by extensions ['colcon_pkg']
[1.260s] Level 1:colcon.colcon_core.package_identification:_identify(.) by extension 'colcon_pkg'
[1.260s] Level 1:colcon.colcon_core.package_identification:_identify(.) by extensions ['colcon_meta']
[1.260s] Level 1:colcon.colcon_core.package_identification:_identify(.) by extension 'colcon_meta'
[1.260s] Level 1:colcon.colcon_core.package_identification:_identify(.) by extensions ['ros']
[1.260s] Level 1:colcon.colcon_core.package_identification:_identify(.) by extension 'ros'
[1.271s] Level 1:colcon.colcon_core.package_identification:_identify(.) by extensions ['cmake', 'python']
[1.272s] Level 1:colcon.colcon_core.package_identification:_identify(.) by extension 'cmake'
[1.272s] Level 1:colcon.colcon_core.package_identification:_identify(.) by extension 'python'
[1.272s] Level 1:colcon.colcon_core.package_identification:_identify(.) by extensions ['python_setup_py']
[1.272s] Level 1:colcon.colcon_core.package_identification:_identify(.) by extension 'python_setup_py'
[1.272s] Level 1:colcon.colcon_core.package_identification:_identify(build) by extensions ['ignore', 'ignore_ament_install']
[1.272s] Level 1:colcon.colcon_core.package_identification:_identify(build) by extension 'ignore'
[1.272s] Level 1:colcon.colcon_core.package_identification:_identify(build) ignored
[1.272s] Level 1:colcon.colcon_core.package_identification:_identify(install) by extensions ['ignore', 'ignore_ament_install']
[1.272s] Level 1:colcon.colcon_core.package_identification:_identify(install) by extension 'ignore'
[1.272s] Level 1:colcon.colcon_core.package_identification:_identify(install) ignored
[1.272s] Level 1:colcon.colcon_core.package_identification:_identify(log) by extensions ['ignore', 'ignore_ament_install']
[1.272s] Level 1:colcon.colcon_core.package_identification:_identify(log) by extension 'ignore'
[1.272s] Level 1:colcon.colcon_core.package_identification:_identify(log) ignored
[1.273s] Level 1:colcon.colcon_core.package_identification:_identify(src) by extensions ['ignore', 'ignore_ament_install']
[1.273s] Level 1:colcon.colcon_core.package_identification:_identify(src) by extension 'ignore'
[1.273s] Level 1:colcon.colcon_core.package_identification:_identify(src) by extension 'ignore_ament_install'
[1.273s] Level 1:colcon.colcon_core.package_identification:_identify(src) by extensions ['colcon_pkg']
[1.273s] Level 1:colcon.colcon_core.package_identification:_identify(src) by extension 'colcon_pkg'
[1.273s] Level 1:colcon.colcon_core.package_identification:_identify(src) by extensions ['colcon_meta']
[1.273s] Level 1:colcon.colcon_core.package_identification:_identify(src) by extension 'colcon_meta'
[1.273s] Level 1:colcon.colcon_core.package_identification:_identify(src) by extensions ['ros']
[1.273s] Level 1:colcon.colcon_core.package_identification:_identify(src) by extension 'ros'
[1.273s] Level 1:colcon.colcon_core.package_identification:_identify(src) by extensions ['cmake', 'python']
[1.273s] Level 1:colcon.colcon_core.package_identification:_identify(src) by extension 'cmake'
[1.273s] Level 1:colcon.colcon_core.package_identification:_identify(src) by extension 'python'
[1.273s] Level 1:colcon.colcon_core.package_identification:_identify(src) by extensions ['python_setup_py']
[1.273s] Level 1:colcon.colcon_core.package_identification:_identify(src) by extension 'python_setup_py'
[1.273s] Level 1:colcon.colcon_core.package_identification:_identify(src/my_cpp_pkg) by extensions ['ignore', 'ignore_ament_install']
[1.273s] Level 1:colcon.colcon_core.package_identification:_identify(src/my_cpp_pkg) by extension 'ignore'
[1.273s] Level 1:colcon.colcon_core.package_identification:_identify(src/my_cpp_pkg) by extension 'ignore_ament_install'
[1.273s] Level 1:colcon.colcon_core.package_identification:_identify(src/my_cpp_pkg) by extensions ['colcon_pkg']
[1.273s] Level 1:colcon.colcon_core.package_identification:_identify(src/my_cpp_pkg) by extension 'colcon_pkg'
[1.274s] Level 1:colcon.colcon_core.package_identification:_identify(src/my_cpp_pkg) by extensions ['colcon_meta']
[1.274s] Level 1:colcon.colcon_core.package_identification:_identify(src/my_cpp_pkg) by extension 'colcon_meta'
[1.274s] Level 1:colcon.colcon_core.package_identification:_identify(src/my_cpp_pkg) by extensions ['ros']
[1.274s] Level 1:colcon.colcon_core.package_identification:_identify(src/my_cpp_pkg) by extension 'ros'
[1.276s] DEBUG:colcon.colcon_core.package_identification:Package 'src/my_cpp_pkg' with type 'ros.ament_cmake' and name 'my_cpp_pkg'
[1.276s] Level 1:colcon.colcon_core.package_identification:_identify(src/my_py_pkg) by extensions ['ignore', 'ignore_ament_install']
[1.276s] Level 1:colcon.colcon_core.package_identification:_identify(src/my_py_pkg) by extension 'ignore'
[1.277s] Level 1:colcon.colcon_core.package_identification:_identify(src/my_py_pkg) by extension 'ignore_ament_install'
[1.277s] Level 1:colcon.colcon_core.package_identification:_identify(src/my_py_pkg) by extensions ['colcon_pkg']
[1.277s] Level 1:colcon.colcon_core.package_identification:_identify(src/my_py_pkg) by extension 'colcon_pkg'
[1.277s] Level 1:colcon.colcon_core.package_identification:_identify(src/my_py_pkg) by extensions ['colcon_meta']
[1.277s] Level 1:colcon.colcon_core.package_identification:_identify(src/my_py_pkg) by extension 'colcon_meta'
[1.277s] Level 1:colcon.colcon_core.package_identification:_identify(src/my_py_pkg) by extensions ['ros']
[1.277s] Level 1:colcon.colcon_core.package_identification:_identify(src/my_py_pkg) by extension 'ros'
[1.278s] DEBUG:colcon.colcon_core.package_identification:Package 'src/my_py_pkg' with type 'ros.ament_python' and name 'my_py_pkg'
[1.278s] Level 1:colcon.colcon_core.package_identification:_identify(src/my_robot_interfaces) by extensions ['ignore', 'ignore_ament_install']
[1.278s] Level 1:colcon.colcon_core.package_identification:_identify(src/my_robot_interfaces) by extension 'ignore'
[1.278s] Level 1:colcon.colcon_core.package_identification:_identify(src/my_robot_interfaces) by extension 'ignore_ament_install'
[1.278s] Level 1:colcon.colcon_core.package_identification:_identify(src/my_robot_interfaces) by extensions ['colcon_pkg']
[1.278s] Level 1:colcon.colcon_core.package_identification:_identify(src/my_robot_interfaces) by extension 'colcon_pkg'
[1.278s] Level 1:colcon.colcon_core.package_identification:_identify(src/my_robot_interfaces) by extensions ['colcon_meta']
[1.278s] Level 1:colcon.colcon_core.package_identification:_identify(src/my_robot_interfaces) by extension 'colcon_meta'
[1.278s] Level 1:colcon.colcon_core.package_identification:_identify(src/my_robot_interfaces) by extensions ['ros']
[1.278s] Level 1:colcon.colcon_core.package_identification:_identify(src/my_robot_interfaces) by extension 'ros'
[1.279s] DEBUG:colcon.colcon_core.package_identification:Package 'src/my_robot_interfaces' with type 'ros.ament_cmake' and name 'my_robot_interfaces'
[1.279s] Level 1:colcon.colcon_core.package_discovery:discover_packages(recursive) using defaults
[1.279s] Level 1:colcon.colcon_core.package_discovery:discover_packages(ignore) discover
[1.279s] Level 1:colcon.colcon_core.package_discovery:discover_packages(ignore) using defaults
[1.279s] Level 1:colcon.colcon_core.package_discovery:discover_packages(path) discover
[1.279s] Level 1:colcon.colcon_core.package_discovery:discover_packages(path) using defaults
[1.387s] Level 1:colcon.colcon_core.package_discovery:discover_packages(prefix_path) check parameters
[1.387s] Level 1:colcon.colcon_core.package_discovery:discover_packages(prefix_path) discover
[1.424s] DEBUG:colcon.colcon_installed_package_information.package_discovery:Found 10 installed packages in /home/anushka/voidwalking/ros2_ws/install
[1.459s] DEBUG:colcon.colcon_installed_package_information.package_discovery:Found 1 installed packages in /home/anushka/anu_ws/install
[1.477s] DEBUG:colcon.colcon_installed_package_information.package_discovery:Found 2 installed packages in /home/anushka/eric_ws/install
[1.494s] DEBUG:colcon.colcon_installed_package_information.package_discovery:Found 3 installed packages in /home/anushka/ros2_ws/install
[1.514s] DEBUG:colcon.colcon_installed_package_information.package_discovery:Found 407 installed packages in /opt/ros/humble
[1.517s] Level 1:colcon.colcon_core.package_discovery:discover_packages(prefix_path) using defaults
[1.646s] Level 5:colcon.colcon_core.verb:set package 'my_robot_interfaces' build argument 'cmake_args' from command line to 'None'
[1.646s] Level 5:colcon.colcon_core.verb:set package 'my_robot_interfaces' build argument 'cmake_target' from command line to 'None'
[1.646s] Level 5:colcon.colcon_core.verb:set package 'my_robot_interfaces' build argument 'cmake_target_skip_unavailable' from command line to 'False'
[1.646s] Level 5:colcon.colcon_core.verb:set package 'my_robot_interfaces' build argument 'cmake_clean_cache' from command line to 'False'
[1.646s] Level 5:colcon.colcon_core.verb:set package 'my_robot_interfaces' build argument 'cmake_clean_first' from command line to 'False'
[1.646s] Level 5:colcon.colcon_core.verb:set package 'my_robot_interfaces' build argument 'cmake_force_configure' from command line to 'False'
[1.646s] Level 5:colcon.colcon_core.verb:set package 'my_robot_interfaces' build argument 'ament_cmake_args' from command line to 'None'
[1.646s] Level 5:colcon.colcon_core.verb:set package 'my_robot_interfaces' build argument 'catkin_cmake_args' from command line to 'None'
[1.646s] Level 5:colcon.colcon_core.verb:set package 'my_robot_interfaces' build argument 'catkin_skip_building_tests' from command line to 'False'
[1.646s] DEBUG:colcon.colcon_core.verb:Building package 'my_robot_interfaces' with the following arguments: {'ament_cmake_args': None, 'build_base': '/home/anushka/ros2_ws/build/my_robot_interfaces', 'catkin_cmake_args': None, 'catkin_skip_building_tests': False, 'cmake_args': None, 'cmake_clean_cache': False, 'cmake_clean_first': False, 'cmake_force_configure': False, 'cmake_target': None, 'cmake_target_skip_unavailable': False, 'install_base': '/home/anushka/ros2_ws/install/my_robot_interfaces', 'merge_install': False, 'path': '/home/anushka/ros2_ws/src/my_robot_interfaces', 'symlink_install': False, 'test_result_base': None}
[1.664s] Level 5:colcon.colcon_core.verb:set package 'my_cpp_pkg' build argument 'cmake_args' from command line to 'None'
[1.664s] Level 5:colcon.colcon_core.verb:set package 'my_cpp_pkg' build argument 'cmake_target' from command line to 'None'
[1.664s] Level 5:colcon.colcon_core.verb:set package 'my_cpp_pkg' build argument 'cmake_target_skip_unavailable' from command line to 'False'
[1.664s] Level 5:colcon.colcon_core.verb:set package 'my_cpp_pkg' build argument 'cmake_clean_cache' from command line to 'False'
[1.664s] Level 5:colcon.colcon_core.verb:set package 'my_cpp_pkg' build argument 'cmake_clean_first' from command line to 'False'
[1.664s] Level 5:colcon.colcon_core.verb:set package 'my_cpp_pkg' build argument 'cmake_force_configure' from command line to 'False'
[1.664s] Level 5:colcon.colcon_core.verb:set package 'my_cpp_pkg' build argument 'ament_cmake_args' from command line to 'None'
[1.664s] Level 5:colcon.colcon_core.verb:set package 'my_cpp_pkg' build argument 'catkin_cmake_args' from command line to 'None'
[1.664s] Level 5:colcon.colcon_core.verb:set package 'my_cpp_pkg' build argument 'catkin_skip_building_tests' from command line to 'False'
[1.664s] DEBUG:colcon.colcon_core.verb:Building package 'my_cpp_pkg' with the following arguments: {'ament_cmake_args': None, 'build_base': '/home/anushka/ros2_ws/build/my_cpp_pkg', 'catkin_cmake_args': None, 'catkin_skip_building_tests': False, 'cmake_args': None, 'cmake_clean_cache': False, 'cmake_clean_first': False, 'cmake_force_configure': False, 'cmake_target': None, 'cmake_target_skip_unavailable': False, 'install_base': '/home/anushka/ros2_ws/install/my_cpp_pkg', 'merge_install': False, 'path': '/home/anushka/ros2_ws/src/my_cpp_pkg', 'symlink_install': False, 'test_result_base': None}
[1.682s] Level 5:colcon.colcon_core.verb:set package 'my_py_pkg' build argument 'cmake_args' from command line to 'None'
[1.682s] Level 5:colcon.colcon_core.verb:set package 'my_py_pkg' build argument 'cmake_target' from command line to 'None'
[1.682s] Level 5:colcon.colcon_core.verb:set package 'my_py_pkg' build argument 'cmake_target_skip_unavailable' from command line to 'False'
[1.682s] Level 5:colcon.colcon_core.verb:set package 'my_py_pkg' build argument 'cmake_clean_cache' from command line to 'False'
[1.682s] Level 5:colcon.colcon_core.verb:set package 'my_py_pkg' build argument 'cmake_clean_first' from command line to 'False'
[1.682s] Level 5:colcon.colcon_core.verb:set package 'my_py_pkg' build argument 'cmake_force_configure' from command line to 'False'
[1.682s] Level 5:colcon.colcon_core.verb:set package 'my_py_pkg' build argument 'ament_cmake_args' from command line to 'None'
[1.682s] Level 5:colcon.colcon_core.verb:set package 'my_py_pkg' build argument 'catkin_cmake_args' from command line to 'None'
[1.682s] Level 5:colcon.colcon_core.verb:set package 'my_py_pkg' build argument 'catkin_skip_building_tests' from command line to 'False'
[1.682s] DEBUG:colcon.colcon_core.verb:Building package 'my_py_pkg' with the following arguments: {'ament_cmake_args': None, 'build_base': '/home/anushka/ros2_ws/build/my_py_pkg', 'catkin_cmake_args': None, 'catkin_skip_building_tests': False, 'cmake_args': None, 'cmake_clean_cache': False, 'cmake_clean_first': False, 'cmake_force_configure': False, 'cmake_target': None, 'cmake_target_skip_unavailable': False, 'install_base': '/home/anushka/ros2_ws/install/my_py_pkg', 'merge_install': False, 'path': '/home/anushka/ros2_ws/src/my_py_pkg', 'symlink_install': False, 'test_result_base': None}
[1.700s] INFO:colcon.colcon_core.executor:Executing jobs using 'parallel' executor
[1.718s] DEBUG:colcon.colcon_parallel_executor.executor.parallel:run_until_complete
[1.718s] INFO:colcon.colcon_ros.task.ament_cmake.build:Building ROS package in '/home/anushka/ros2_ws/src/my_robot_interfaces' with build type 'ament_cmake'
[1.718s] INFO:colcon.colcon_cmake.task.cmake.build:Building CMake package in '/home/anushka/ros2_ws/src/my_robot_interfaces'
[1.737s] INFO:colcon.colcon_core.plugin_system:Skipping extension 'colcon_core.shell.bat': Not used on non-Windows systems
[1.737s] INFO:colcon.colcon_core.shell:Skip shell extension 'powershell' for command environment: Not usable outside of PowerShell
[1.737s] DEBUG:colcon.colcon_core.shell:Skip shell extension 'dsv' for command environment
[1.857s] DEBUG:colcon.colcon_core.event_handler.log_command:Invoking command in '/home/anushka/ros2_ws/build/my_robot_interfaces': CMAKE_PREFIX_PATH=${CMAKE_PREFIX_PATH}:/home/anushka/ros2_ws/install/my_py_pkg:/home/anushka/voidwalking/ros2_ws/install/waypoints:/home/anushka/anu_ws/install/servo_controller:/home/anushka/eric_ws/install/camera_pkg_p:/opt/ros/humble /usr/bin/cmake --build /home/anushka/ros2_ws/build/my_robot_interfaces -- -j8 -l8
[2.327s] DEBUG:colcon.colcon_core.event_handler.log_command:Invoked command in '/home/anushka/ros2_ws/build/my_robot_interfaces' returned '0': CMAKE_PREFIX_PATH=${CMAKE_PREFIX_PATH}:/home/anushka/ros2_ws/install/my_py_pkg:/home/anushka/voidwalking/ros2_ws/install/waypoints:/home/anushka/anu_ws/install/servo_controller:/home/anushka/eric_ws/install/camera_pkg_p:/opt/ros/humble /usr/bin/cmake --build /home/anushka/ros2_ws/build/my_robot_interfaces -- -j8 -l8
[2.541s] DEBUG:colcon.colcon_core.event_handler.log_command:Invoking command in '/home/anushka/ros2_ws/build/my_robot_interfaces': CMAKE_PREFIX_PATH=${CMAKE_PREFIX_PATH}:/home/anushka/ros2_ws/install/my_py_pkg:/home/anushka/voidwalking/ros2_ws/install/waypoints:/home/anushka/anu_ws/install/servo_controller:/home/anushka/eric_ws/install/camera_pkg_p:/opt/ros/humble /usr/bin/cmake --install /home/anushka/ros2_ws/build/my_robot_interfaces
[2.613s] Level 1:colcon.colcon_core.environment:create_environment_scripts_only(my_robot_interfaces)
[2.614s] DEBUG:colcon.colcon_core.event_handler.log_command:Invoked command in '/home/anushka/ros2_ws/build/my_robot_interfaces' returned '0': CMAKE_PREFIX_PATH=${CMAKE_PREFIX_PATH}:/home/anushka/ros2_ws/install/my_py_pkg:/home/anushka/voidwalking/ros2_ws/install/waypoints:/home/anushka/anu_ws/install/servo_controller:/home/anushka/eric_ws/install/camera_pkg_p:/opt/ros/humble /usr/bin/cmake --install /home/anushka/ros2_ws/build/my_robot_interfaces
[2.628s] Level 1:colcon.colcon_core.environment:checking '/home/anushka/ros2_ws/install/my_robot_interfaces' for CMake module files
[2.629s] Level 1:colcon.colcon_core.environment:checking '/home/anushka/ros2_ws/install/my_robot_interfaces' for CMake config files
[2.629s] Level 1:colcon.colcon_core.shell:create_environment_hook('my_robot_interfaces', 'cmake_prefix_path')
[2.642s] INFO:colcon.colcon_core.shell:Creating environment hook '/home/anushka/ros2_ws/install/my_robot_interfaces/share/my_robot_interfaces/hook/cmake_prefix_path.ps1'
[2.643s] INFO:colcon.colcon_core.shell:Creating environment descriptor '/home/anushka/ros2_ws/install/my_robot_interfaces/share/my_robot_interfaces/hook/cmake_prefix_path.dsv'
[2.643s] INFO:colcon.colcon_core.shell:Creating environment hook '/home/anushka/ros2_ws/install/my_robot_interfaces/share/my_robot_interfaces/hook/cmake_prefix_path.sh'
[2.644s] Level 1:colcon.colcon_core.environment:checking '/home/anushka/ros2_ws/install/my_robot_interfaces/lib'
[2.644s] Level 1:colcon.colcon_core.shell:create_environment_hook('my_robot_interfaces', 'ld_library_path_lib')
[2.661s] INFO:colcon.colcon_core.shell:Creating environment hook '/home/anushka/ros2_ws/install/my_robot_interfaces/share/my_robot_interfaces/hook/ld_library_path_lib.ps1'
[2.662s] INFO:colcon.colcon_core.shell:Creating environment descriptor '/home/anushka/ros2_ws/install/my_robot_interfaces/share/my_robot_interfaces/hook/ld_library_path_lib.dsv'
[2.662s] INFO:colcon.colcon_core.shell:Creating environment hook '/home/anushka/ros2_ws/install/my_robot_interfaces/share/my_robot_interfaces/hook/ld_library_path_lib.sh'
[2.662s] Level 1:colcon.colcon_core.environment:checking '/home/anushka/ros2_ws/install/my_robot_interfaces/bin'
[2.662s] Level 1:colcon.colcon_core.environment:checking '/home/anushka/ros2_ws/install/my_robot_interfaces/lib/pkgconfig/my_robot_interfaces.pc'
[2.663s] Level 1:colcon.colcon_core.environment:checking '/home/anushka/ros2_ws/install/my_robot_interfaces/lib/python3.10/site-packages'
[2.663s] Level 1:colcon.colcon_core.environment:checking '/home/anushka/ros2_ws/install/my_robot_interfaces/bin'
[2.680s] INFO:colcon.colcon_core.shell:Creating package script '/home/anushka/ros2_ws/install/my_robot_interfaces/share/my_robot_interfaces/package.ps1'
[2.681s] INFO:colcon.colcon_core.shell:Creating package descriptor '/home/anushka/ros2_ws/install/my_robot_interfaces/share/my_robot_interfaces/package.dsv'
[2.681s] INFO:colcon.colcon_core.shell:Creating package script '/home/anushka/ros2_ws/install/my_robot_interfaces/share/my_robot_interfaces/package.sh'
[2.682s] INFO:colcon.colcon_core.shell:Creating package script '/home/anushka/ros2_ws/install/my_robot_interfaces/share/my_robot_interfaces/package.bash'
[2.683s] INFO:colcon.colcon_core.shell:Creating package script '/home/anushka/ros2_ws/install/my_robot_interfaces/share/my_robot_interfaces/package.zsh'
[2.684s] Level 1:colcon.colcon_core.environment:create_file_with_runtime_dependencies(/home/anushka/ros2_ws/install/my_robot_interfaces/share/colcon-core/packages/my_robot_interfaces)
[2.910s] Level 1:colcon.colcon_core.environment:create_environment_scripts_only(my_robot_interfaces)
[2.928s] Level 1:colcon.colcon_core.environment:checking '/home/anushka/ros2_ws/install/my_robot_interfaces' for CMake module files
[2.929s] Level 1:colcon.colcon_core.environment:checking '/home/anushka/ros2_ws/install/my_robot_interfaces' for CMake config files
[2.930s] Level 1:colcon.colcon_core.shell:create_environment_hook('my_robot_interfaces', 'cmake_prefix_path')
[2.948s] INFO:colcon.colcon_core.shell:Creating environment hook '/home/anushka/ros2_ws/install/my_robot_interfaces/share/my_robot_interfaces/hook/cmake_prefix_path.ps1'
[2.948s] INFO:colcon.colcon_core.shell:Creating environment descriptor '/home/anushka/ros2_ws/install/my_robot_interfaces/share/my_robot_interfaces/hook/cmake_prefix_path.dsv'
[2.948s] INFO:colcon.colcon_core.shell:Creating environment hook '/home/anushka/ros2_ws/install/my_robot_interfaces/share/my_robot_interfaces/hook/cmake_prefix_path.sh'
[2.949s] Level 1:colcon.colcon_core.environment:checking '/home/anushka/ros2_ws/install/my_robot_interfaces/lib'
[2.949s] Level 1:colcon.colcon_core.shell:create_environment_hook('my_robot_interfaces', 'ld_library_path_lib')
[2.968s] INFO:colcon.colcon_core.shell:Creating environment hook '/home/anushka/ros2_ws/install/my_robot_interfaces/share/my_robot_interfaces/hook/ld_library_path_lib.ps1'
[2.968s] INFO:colcon.colcon_core.shell:Creating environment descriptor '/home/anushka/ros2_ws/install/my_robot_interfaces/share/my_robot_interfaces/hook/ld_library_path_lib.dsv'
[2.969s] INFO:colcon.colcon_core.shell:Creating environment hook '/home/anushka/ros2_ws/install/my_robot_interfaces/share/my_robot_interfaces/hook/ld_library_path_lib.sh'
[2.969s] Level 1:colcon.colcon_core.environment:checking '/home/anushka/ros2_ws/install/my_robot_interfaces/bin'
[2.969s] Level 1:colcon.colcon_core.environment:checking '/home/anushka/ros2_ws/install/my_robot_interfaces/lib/pkgconfig/my_robot_interfaces.pc'
[2.969s] Level 1:colcon.colcon_core.environment:checking '/home/anushka/ros2_ws/install/my_robot_interfaces/lib/python3.10/site-packages'
[2.970s] Level 1:colcon.colcon_core.environment:checking '/home/anushka/ros2_ws/install/my_robot_interfaces/bin'
[2.988s] INFO:colcon.colcon_core.shell:Creating package script '/home/anushka/ros2_ws/install/my_robot_interfaces/share/my_robot_interfaces/package.ps1'
[2.988s] INFO:colcon.colcon_core.shell:Creating package descriptor '/home/anushka/ros2_ws/install/my_robot_interfaces/share/my_robot_interfaces/package.dsv'
[2.989s] INFO:colcon.colcon_core.shell:Creating package script '/home/anushka/ros2_ws/install/my_robot_interfaces/share/my_robot_interfaces/package.sh'
[2.989s] INFO:colcon.colcon_core.shell:Creating package script '/home/anushka/ros2_ws/install/my_robot_interfaces/share/my_robot_interfaces/package.bash'
[2.990s] INFO:colcon.colcon_core.shell:Creating package script '/home/anushka/ros2_ws/install/my_robot_interfaces/share/my_robot_interfaces/package.zsh'
[2.990s] Level 1:colcon.colcon_core.environment:create_file_with_runtime_dependencies(/home/anushka/ros2_ws/install/my_robot_interfaces/share/colcon-core/packages/my_robot_interfaces)
[2.991s] INFO:colcon.colcon_ros.task.ament_cmake.build:Building ROS package in '/home/anushka/ros2_ws/src/my_cpp_pkg' with build type 'ament_cmake'
[2.991s] INFO:colcon.colcon_cmake.task.cmake.build:Building CMake package in '/home/anushka/ros2_ws/src/my_cpp_pkg'
[3.011s] INFO:colcon.colcon_core.shell:Skip shell extension 'powershell' for command environment: Not usable outside of PowerShell
[3.011s] DEBUG:colcon.colcon_core.shell:Skip shell extension 'dsv' for command environment
[3.128s] INFO:colcon.colcon_ros.task.ament_python.build:Building ROS package in '/home/anushka/ros2_ws/src/my_py_pkg' with build type 'ament_python'
[3.128s] Level 1:colcon.colcon_core.shell:create_environment_hook('my_py_pkg', 'ament_prefix_path')
[3.146s] INFO:colcon.colcon_core.shell:Creating environment hook '/home/anushka/ros2_ws/install/my_py_pkg/share/my_py_pkg/hook/ament_prefix_path.ps1'
[3.147s] INFO:colcon.colcon_core.shell:Creating environment descriptor '/home/anushka/ros2_ws/install/my_py_pkg/share/my_py_pkg/hook/ament_prefix_path.dsv'
[3.147s] INFO:colcon.colcon_core.shell:Creating environment hook '/home/anushka/ros2_ws/install/my_py_pkg/share/my_py_pkg/hook/ament_prefix_path.sh'
[3.166s] INFO:colcon.colcon_core.shell:Skip shell extension 'powershell' for command environment: Not usable outside of PowerShell
[3.166s] DEBUG:colcon.colcon_core.shell:Skip shell extension 'dsv' for command environment
[3.281s] DEBUG:colcon.colcon_core.event_handler.log_command:Invoking command in '/home/anushka/ros2_ws/build/my_cpp_pkg': CMAKE_PREFIX_PATH=/home/anushka/ros2_ws/install/my_robot_interfaces:/home/anushka/ros2_ws/install/my_cpp_pkg:/home/anushka/voidwalking/ros2_ws/install/void_tests:/home/anushka/voidwalking/ros2_ws/install/turtlebot_test:/home/anushka/voidwalking/ros2_ws/install/spatio_temporal_voxel_layer:/home/anushka/voidwalking/ros2_ws/install/main:/home/anushka/voidwalking/ros2_ws/install/simulation:/home/anushka/voidwalking/ros2_ws/install/rviz_satellite:/home/anushka/voidwalking/ros2_ws/install/obstacle_avoidance:/home/anushka/voidwalking/ros2_ws/install/nav2_turtlebot3:/home/anushka/voidwalking/ros2_ws/install/mapping:/home/anushka/eric_ws/install/vid_interface:/home/anushka/ros2_ws/install/my_py_pkg:/home/anushka/voidwalking/ros2_ws/install/waypoints:/home/anushka/anu_ws/install/servo_controller:/home/anushka/eric_ws/install/camera_pkg_p:/opt/ros/humble /usr/bin/cmake --build /home/anushka/ros2_ws/build/my_cpp_pkg -- -j8 -l8
[3.616s] INFO:colcon.colcon_core.task.python.build:Building Python package in '/home/anushka/ros2_ws/src/my_py_pkg'
[3.634s] INFO:colcon.colcon_core.shell:Skip shell extension 'powershell' for command environment: Not usable outside of PowerShell
[3.634s] DEBUG:colcon.colcon_core.shell:Skip shell extension 'dsv' for command environment
[3.747s] DEBUG:colcon.colcon_core.event_handler.log_command:Invoked command in '/home/anushka/ros2_ws/build/my_cpp_pkg' returned '0': CMAKE_PREFIX_PATH=/home/anushka/ros2_ws/install/my_robot_interfaces:/home/anushka/ros2_ws/install/my_cpp_pkg:/home/anushka/voidwalking/ros2_ws/install/void_tests:/home/anushka/voidwalking/ros2_ws/install/turtlebot_test:/home/anushka/voidwalking/ros2_ws/install/spatio_temporal_voxel_layer:/home/anushka/voidwalking/ros2_ws/install/main:/home/anushka/voidwalking/ros2_ws/install/simulation:/home/anushka/voidwalking/ros2_ws/install/rviz_satellite:/home/anushka/voidwalking/ros2_ws/install/obstacle_avoidance:/home/anushka/voidwalking/ros2_ws/install/nav2_turtlebot3:/home/anushka/voidwalking/ros2_ws/install/mapping:/home/anushka/eric_ws/install/vid_interface:/home/anushka/ros2_ws/install/my_py_pkg:/home/anushka/voidwalking/ros2_ws/install/waypoints:/home/anushka/anu_ws/install/servo_controller:/home/anushka/eric_ws/install/camera_pkg_p:/opt/ros/humble /usr/bin/cmake --build /home/anushka/ros2_ws/build/my_cpp_pkg -- -j8 -l8
[3.831s] DEBUG:colcon.colcon_core.event_handler.log_command:Invoking command in '/home/anushka/ros2_ws/build/my_cpp_pkg': CMAKE_PREFIX_PATH=/home/anushka/ros2_ws/install/my_robot_interfaces:/home/anushka/ros2_ws/install/my_cpp_pkg:/home/anushka/voidwalking/ros2_ws/install/void_tests:/home/anushka/voidwalking/ros2_ws/install/turtlebot_test:/home/anushka/voidwalking/ros2_ws/install/spatio_temporal_voxel_layer:/home/anushka/voidwalking/ros2_ws/install/main:/home/anushka/voidwalking/ros2_ws/install/simulation:/home/anushka/voidwalking/ros2_ws/install/rviz_satellite:/home/anushka/voidwalking/ros2_ws/install/obstacle_avoidance:/home/anushka/voidwalking/ros2_ws/install/nav2_turtlebot3:/home/anushka/voidwalking/ros2_ws/install/mapping:/home/anushka/eric_ws/install/vid_interface:/home/anushka/ros2_ws/install/my_py_pkg:/home/anushka/voidwalking/ros2_ws/install/waypoints:/home/anushka/anu_ws/install/servo_controller:/home/anushka/eric_ws/install/camera_pkg_p:/opt/ros/humble /usr/bin/cmake --install /home/anushka/ros2_ws/build/my_cpp_pkg
[3.847s] Level 1:colcon.colcon_core.environment:create_environment_scripts_only(my_cpp_pkg)
[3.847s] DEBUG:colcon.colcon_core.event_handler.log_command:Invoked command in '/home/anushka/ros2_ws/build/my_cpp_pkg' returned '0': CMAKE_PREFIX_PATH=/home/anushka/ros2_ws/install/my_robot_interfaces:/home/anushka/ros2_ws/install/my_cpp_pkg:/home/anushka/voidwalking/ros2_ws/install/void_tests:/home/anushka/voidwalking/ros2_ws/install/turtlebot_test:/home/anushka/voidwalking/ros2_ws/install/spatio_temporal_voxel_layer:/home/anushka/voidwalking/ros2_ws/install/main:/home/anushka/voidwalking/ros2_ws/install/simulation:/home/anushka/voidwalking/ros2_ws/install/rviz_satellite:/home/anushka/voidwalking/ros2_ws/install/obstacle_avoidance:/home/anushka/voidwalking/ros2_ws/install/nav2_turtlebot3:/home/anushka/voidwalking/ros2_ws/install/mapping:/home/anushka/eric_ws/install/vid_interface:/home/anushka/ros2_ws/install/my_py_pkg:/home/anushka/voidwalking/ros2_ws/install/waypoints:/home/anushka/anu_ws/install/servo_controller:/home/anushka/eric_ws/install/camera_pkg_p:/opt/ros/humble /usr/bin/cmake --install /home/anushka/ros2_ws/build/my_cpp_pkg
[3.862s] Level 1:colcon.colcon_core.environment:checking '/home/anushka/ros2_ws/install/my_cpp_pkg' for CMake module files
[3.863s] Level 1:colcon.colcon_core.environment:checking '/home/anushka/ros2_ws/install/my_cpp_pkg' for CMake config files
[3.863s] Level 1:colcon.colcon_core.shell:create_environment_hook('my_cpp_pkg', 'cmake_prefix_path')
[3.902s] INFO:colcon.colcon_core.shell:Creating environment hook '/home/anushka/ros2_ws/install/my_cpp_pkg/share/my_cpp_pkg/hook/cmake_prefix_path.ps1'
[3.903s] INFO:colcon.colcon_core.shell:Creating environment descriptor '/home/anushka/ros2_ws/install/my_cpp_pkg/share/my_cpp_pkg/hook/cmake_prefix_path.dsv'
[3.903s] INFO:colcon.colcon_core.shell:Creating environment hook '/home/anushka/ros2_ws/install/my_cpp_pkg/share/my_cpp_pkg/hook/cmake_prefix_path.sh'
[3.904s] Level 1:colcon.colcon_core.environment:checking '/home/anushka/ros2_ws/install/my_cpp_pkg/lib'
[3.904s] Level 1:colcon.colcon_core.environment:checking '/home/anushka/ros2_ws/install/my_cpp_pkg/bin'
[3.904s] Level 1:colcon.colcon_core.environment:checking '/home/anushka/ros2_ws/install/my_cpp_pkg/lib/pkgconfig/my_cpp_pkg.pc'
[3.904s] Level 1:colcon.colcon_core.environment:checking '/home/anushka/ros2_ws/install/my_cpp_pkg/lib/python3.10/site-packages'
[3.904s] Level 1:colcon.colcon_core.environment:checking '/home/anushka/ros2_ws/install/my_cpp_pkg/bin'
[3.923s] INFO:colcon.colcon_core.shell:Creating package script '/home/anushka/ros2_ws/install/my_cpp_pkg/share/my_cpp_pkg/package.ps1'
[3.923s] INFO:colcon.colcon_core.shell:Creating package descriptor '/home/anushka/ros2_ws/install/my_cpp_pkg/share/my_cpp_pkg/package.dsv'
[3.924s] INFO:colcon.colcon_core.shell:Creating package script '/home/anushka/ros2_ws/install/my_cpp_pkg/share/my_cpp_pkg/package.sh'
[3.924s] INFO:colcon.colcon_core.shell:Creating package script '/home/anushka/ros2_ws/install/my_cpp_pkg/share/my_cpp_pkg/package.bash'
[3.924s] INFO:colcon.colcon_core.shell:Creating package script '/home/anushka/ros2_ws/install/my_cpp_pkg/share/my_cpp_pkg/package.zsh'
[3.925s] Level 1:colcon.colcon_core.environment:create_file_with_runtime_dependencies(/home/anushka/ros2_ws/install/my_cpp_pkg/share/colcon-core/packages/my_cpp_pkg)
[4.025s] Level 1:colcon.colcon_core.environment:create_environment_scripts_only(my_cpp_pkg)
[4.043s] Level 1:colcon.colcon_core.environment:checking '/home/anushka/ros2_ws/install/my_cpp_pkg' for CMake module files
[4.044s] Level 1:colcon.colcon_core.environment:checking '/home/anushka/ros2_ws/install/my_cpp_pkg' for CMake config files
[4.044s] Level 1:colcon.colcon_core.shell:create_environment_hook('my_cpp_pkg', 'cmake_prefix_path')
[4.062s] INFO:colcon.colcon_core.shell:Creating environment hook '/home/anushka/ros2_ws/install/my_cpp_pkg/share/my_cpp_pkg/hook/cmake_prefix_path.ps1'
[4.062s] INFO:colcon.colcon_core.shell:Creating environment descriptor '/home/anushka/ros2_ws/install/my_cpp_pkg/share/my_cpp_pkg/hook/cmake_prefix_path.dsv'
[4.063s] INFO:colcon.colcon_core.shell:Creating environment hook '/home/anushka/ros2_ws/install/my_cpp_pkg/share/my_cpp_pkg/hook/cmake_prefix_path.sh'
[4.063s] Level 1:colcon.colcon_core.environment:checking '/home/anushka/ros2_ws/install/my_cpp_pkg/lib'
[4.063s] Level 1:colcon.colcon_core.environment:checking '/home/anushka/ros2_ws/install/my_cpp_pkg/bin'
[4.063s] Level 1:colcon.colcon_core.environment:checking '/home/anushka/ros2_ws/install/my_cpp_pkg/lib/pkgconfig/my_cpp_pkg.pc'
[4.064s] Level 1:colcon.colcon_core.environment:checking '/home/anushka/ros2_ws/install/my_cpp_pkg/lib/python3.10/site-packages'
[4.064s] Level 1:colcon.colcon_core.environment:checking '/home/anushka/ros2_ws/install/my_cpp_pkg/bin'
[4.083s] INFO:colcon.colcon_core.shell:Creating package script '/home/anushka/ros2_ws/install/my_cpp_pkg/share/my_cpp_pkg/package.ps1'
[4.083s] INFO:colcon.colcon_core.shell:Creating package descriptor '/home/anushka/ros2_ws/install/my_cpp_pkg/share/my_cpp_pkg/package.dsv'
[4.084s] INFO:colcon.colcon_core.shell:Creating package script '/home/anushka/ros2_ws/install/my_cpp_pkg/share/my_cpp_pkg/package.sh'
[4.084s] INFO:colcon.colcon_core.shell:Creating package script '/home/anushka/ros2_ws/install/my_cpp_pkg/share/my_cpp_pkg/package.bash'
[4.085s] INFO:colcon.colcon_core.shell:Creating package script '/home/anushka/ros2_ws/install/my_cpp_pkg/share/my_cpp_pkg/package.zsh'
[4.085s] Level 1:colcon.colcon_core.environment:create_file_with_runtime_dependencies(/home/anushka/ros2_ws/install/my_cpp_pkg/share/colcon-core/packages/my_cpp_pkg)
[4.208s] DEBUG:colcon.colcon_core.event_handler.log_command:Invoking command in '/home/anushka/ros2_ws/src/my_py_pkg': CMAKE_PREFIX_PATH=/home/anushka/ros2_ws/install/my_robot_interfaces:/home/anushka/ros2_ws/install/my_cpp_pkg:/home/anushka/voidwalking/ros2_ws/install/void_tests:/home/anushka/voidwalking/ros2_ws/install/turtlebot_test:/home/anushka/voidwalking/ros2_ws/install/spatio_temporal_voxel_layer:/home/anushka/voidwalking/ros2_ws/install/main:/home/anushka/voidwalking/ros2_ws/install/simulation:/home/anushka/voidwalking/ros2_ws/install/rviz_satellite:/home/anushka/voidwalking/ros2_ws/install/obstacle_avoidance:/home/anushka/voidwalking/ros2_ws/install/nav2_turtlebot3:/home/anushka/voidwalking/ros2_ws/install/mapping:/home/anushka/eric_ws/install/vid_interface PYTHONPATH=/home/anushka/ros2_ws/build/my_py_pkg/prefix_override:/home/anushka/ros2_ws/install/my_py_pkg/lib/python3.10/site-packages:${PYTHONPATH} /usr/bin/python3 setup.py egg_info --egg-base ../../build/my_py_pkg build --build-base /home/anushka/ros2_ws/build/my_py_pkg/build install --record /home/anushka/ros2_ws/build/my_py_pkg/install.log --single-version-externally-managed
[4.592s] DEBUG:colcon.colcon_core.event_handler.log_command:Invoked command in '/home/anushka/ros2_ws/src/my_py_pkg' returned '0': CMAKE_PREFIX_PATH=/home/anushka/ros2_ws/install/my_robot_interfaces:/home/anushka/ros2_ws/install/my_cpp_pkg:/home/anushka/voidwalking/ros2_ws/install/void_tests:/home/anushka/voidwalking/ros2_ws/install/turtlebot_test:/home/anushka/voidwalking/ros2_ws/install/spatio_temporal_voxel_layer:/home/anushka/voidwalking/ros2_ws/install/main:/home/anushka/voidwalking/ros2_ws/install/simulation:/home/anushka/voidwalking/ros2_ws/install/rviz_satellite:/home/anushka/voidwalking/ros2_ws/install/obstacle_avoidance:/home/anushka/voidwalking/ros2_ws/install/nav2_turtlebot3:/home/anushka/voidwalking/ros2_ws/install/mapping:/home/anushka/eric_ws/install/vid_interface PYTHONPATH=/home/anushka/ros2_ws/build/my_py_pkg/prefix_override:/home/anushka/ros2_ws/install/my_py_pkg/lib/python3.10/site-packages:${PYTHONPATH} /usr/bin/python3 setup.py egg_info --egg-base ../../build/my_py_pkg build --build-base /home/anushka/ros2_ws/build/my_py_pkg/build install --record /home/anushka/ros2_ws/build/my_py_pkg/install.log --single-version-externally-managed
[4.610s] Level 1:colcon.colcon_core.environment:checking '/home/anushka/ros2_ws/install/my_py_pkg' for CMake module files
[4.611s] Level 1:colcon.colcon_core.environment:checking '/home/anushka/ros2_ws/install/my_py_pkg' for CMake config files
[4.611s] Level 1:colcon.colcon_core.environment:checking '/home/anushka/ros2_ws/install/my_py_pkg/lib'
[4.612s] Level 1:colcon.colcon_core.environment:checking '/home/anushka/ros2_ws/install/my_py_pkg/bin'
[4.612s] Level 1:colcon.colcon_core.environment:checking '/home/anushka/ros2_ws/install/my_py_pkg/lib/pkgconfig/my_py_pkg.pc'
[4.612s] Level 1:colcon.colcon_core.environment:checking '/home/anushka/ros2_ws/install/my_py_pkg/lib/python3.10/site-packages'
[4.612s] Level 1:colcon.colcon_core.shell:create_environment_hook('my_py_pkg', 'pythonpath')
[4.629s] INFO:colcon.colcon_core.shell:Creating environment hook '/home/anushka/ros2_ws/install/my_py_pkg/share/my_py_pkg/hook/pythonpath.ps1'
[4.630s] INFO:colcon.colcon_core.shell:Creating environment descriptor '/home/anushka/ros2_ws/install/my_py_pkg/share/my_py_pkg/hook/pythonpath.dsv'
[4.630s] INFO:colcon.colcon_core.shell:Creating environment hook '/home/anushka/ros2_ws/install/my_py_pkg/share/my_py_pkg/hook/pythonpath.sh'
[4.631s] Level 1:colcon.colcon_core.environment:checking '/home/anushka/ros2_ws/install/my_py_pkg/bin'
[4.631s] Level 1:colcon.colcon_core.environment:create_environment_scripts_only(my_py_pkg)
[4.648s] INFO:colcon.colcon_core.shell:Creating package script '/home/anushka/ros2_ws/install/my_py_pkg/share/my_py_pkg/package.ps1'
[4.649s] INFO:colcon.colcon_core.shell:Creating package descriptor '/home/anushka/ros2_ws/install/my_py_pkg/share/my_py_pkg/package.dsv'
[4.649s] INFO:colcon.colcon_core.shell:Creating package script '/home/anushka/ros2_ws/install/my_py_pkg/share/my_py_pkg/package.sh'
[4.649s] INFO:colcon.colcon_core.shell:Creating package script '/home/anushka/ros2_ws/install/my_py_pkg/share/my_py_pkg/package.bash'
[4.650s] INFO:colcon.colcon_core.shell:Creating package script '/home/anushka/ros2_ws/install/my_py_pkg/share/my_py_pkg/package.zsh'
[4.650s] Level 1:colcon.colcon_core.environment:create_file_with_runtime_dependencies(/home/anushka/ros2_ws/install/my_py_pkg/share/colcon-core/packages/my_py_pkg)
[4.650s] DEBUG:colcon.colcon_parallel_executor.executor.parallel:closing loop
[4.650s] DEBUG:colcon.colcon_parallel_executor.executor.parallel:loop closed
[4.651s] DEBUG:colcon.colcon_parallel_executor.executor.parallel:run_until_complete finished with '0'
[4.651s] DEBUG:colcon.colcon_core.event_reactor:joining thread
[4.674s] INFO:colcon.colcon_core.plugin_system:Skipping extension 'colcon_notification.desktop_notification.terminal_notifier': Not used on non-Darwin systems
[4.674s] INFO:colcon.colcon_core.plugin_system:Skipping extension 'colcon_notification.desktop_notification.win32': Not used on non-Windows systems
[4.674s] INFO:colcon.colcon_notification.desktop_notification:Sending desktop notification using 'notify2'
[4.687s] DEBUG:colcon.colcon_core.event_reactor:joined thread
[4.708s] INFO:colcon.colcon_core.shell:Creating prefix script '/home/anushka/ros2_ws/install/local_setup.ps1'
[4.709s] INFO:colcon.colcon_core.shell:Creating prefix util module '/home/anushka/ros2_ws/install/_local_setup_util_ps1.py'
[4.711s] INFO:colcon.colcon_core.shell:Creating prefix chain script '/home/anushka/ros2_ws/install/setup.ps1'
[4.734s] INFO:colcon.colcon_core.shell:Creating prefix script '/home/anushka/ros2_ws/install/local_setup.sh'
[4.735s] INFO:colcon.colcon_core.shell:Creating prefix util module '/home/anushka/ros2_ws/install/_local_setup_util_sh.py'
[4.735s] INFO:colcon.colcon_core.shell:Creating prefix chain script '/home/anushka/ros2_ws/install/setup.sh'
[4.755s] INFO:colcon.colcon_core.shell:Creating prefix script '/home/anushka/ros2_ws/install/local_setup.bash'
[4.756s] INFO:colcon.colcon_core.shell:Creating prefix chain script '/home/anushka/ros2_ws/install/setup.bash'
[4.775s] INFO:colcon.colcon_core.shell:Creating prefix script '/home/anushka/ros2_ws/install/local_setup.zsh'
[4.776s] INFO:colcon.colcon_core.shell:Creating prefix chain script '/home/anushka/ros2_ws/install/setup.zsh'
