[1.162s] Invoking command in '/home/anushka/ros2_ws/build/my_py_pkg': CMAKE_PREFIX_PATH=/home/anushka/ros2_ws/install/my_robot_interfaces:/home/anushka/ros2_ws/install/my_cpp_pkg:/home/anushka/voidwalking/ros2_ws/install/void_tests:/home/anushka/voidwalking/ros2_ws/install/turtlebot_test:/home/anushka/voidwalking/ros2_ws/install/spatio_temporal_voxel_layer:/home/anushka/voidwalking/ros2_ws/install/main:/home/anushka/voidwalking/ros2_ws/install/simulation:/home/anushka/voidwalking/ros2_ws/install/rviz_satellite:/home/anushka/voidwalking/ros2_ws/install/obstacle_avoidance:/home/anushka/voidwalking/ros2_ws/install/nav2_turtlebot3:/home/anushka/voidwalking/ros2_ws/install/mapping:/home/anushka/eric_ws/install/vid_interface PYTHONPATH=/home/anushka/ros2_ws/build/my_py_pkg/prefix_override:/home/anushka/ros2_ws/install/my_py_pkg/lib/python3.10/site-packages:${PYTHONPATH} /usr/bin/python3 setup.py develop --editable --build-directory /home/anushka/ros2_ws/build/my_py_pkg/build --no-deps install_data
[1.527s] running develop
[1.750s] running egg_info
[1.751s] writing my_py_pkg.egg-info/PKG-INFO
[1.751s] writing dependency_links to my_py_pkg.egg-info/dependency_links.txt
[1.751s] writing entry points to my_py_pkg.egg-info/entry_points.txt
[1.752s] writing requirements to my_py_pkg.egg-info/requires.txt
[1.752s] writing top-level names to my_py_pkg.egg-info/top_level.txt
[1.754s] reading manifest file 'my_py_pkg.egg-info/SOURCES.txt'
[1.756s] writing manifest file 'my_py_pkg.egg-info/SOURCES.txt'
[1.757s] running build_ext
[1.757s] Creating /home/anushka/ros2_ws/install/my_py_pkg/lib/python3.10/site-packages/my-py-pkg.egg-link (link to .)
[1.758s] Installing add_two_ints_client script to /home/anushka/ros2_ws/install/my_py_pkg/lib/my_py_pkg
[1.758s] Installing add_two_ints_oop_client script to /home/anushka/ros2_ws/install/my_py_pkg/lib/my_py_pkg
[1.758s] Installing battery_client_exe script to /home/anushka/ros2_ws/install/my_py_pkg/lib/my_py_pkg
[1.758s] Installing hardware_exe script to /home/anushka/ros2_ws/install/my_py_pkg/lib/my_py_pkg
[1.759s] Installing led_status_server script to /home/anushka/ros2_ws/install/my_py_pkg/lib/my_py_pkg
[1.759s] Installing mobilephone script to /home/anushka/ros2_ws/install/my_py_pkg/lib/my_py_pkg
[1.759s] Installing my_add_service script to /home/anushka/ros2_ws/install/my_py_pkg/lib/my_py_pkg
[1.759s] Installing number_counter script to /home/anushka/ros2_ws/install/my_py_pkg/lib/my_py_pkg
[1.759s] Installing number_publisher script to /home/anushka/ros2_ws/install/my_py_pkg/lib/my_py_pkg
[1.759s] Installing py_node_p script to /home/anushka/ros2_ws/install/my_py_pkg/lib/my_py_pkg
[1.760s] Installing robot_news_station script to /home/anushka/ros2_ws/install/my_py_pkg/lib/my_py_pkg
[1.760s] 
[1.760s] Installed /home/anushka/ros2_ws/build/my_py_pkg
[1.760s] running install_data
[1.805s] Invoked command in '/home/anushka/ros2_ws/build/my_py_pkg' returned '0': CMAKE_PREFIX_PATH=/home/anushka/ros2_ws/install/my_robot_interfaces:/home/anushka/ros2_ws/install/my_cpp_pkg:/home/anushka/voidwalking/ros2_ws/install/void_tests:/home/anushka/voidwalking/ros2_ws/install/turtlebot_test:/home/anushka/voidwalking/ros2_ws/install/spatio_temporal_voxel_layer:/home/anushka/voidwalking/ros2_ws/install/main:/home/anushka/voidwalking/ros2_ws/install/simulation:/home/anushka/voidwalking/ros2_ws/install/rviz_satellite:/home/anushka/voidwalking/ros2_ws/install/obstacle_avoidance:/home/anushka/voidwalking/ros2_ws/install/nav2_turtlebot3:/home/anushka/voidwalking/ros2_ws/install/mapping:/home/anushka/eric_ws/install/vid_interface PYTHONPATH=/home/anushka/ros2_ws/build/my_py_pkg/prefix_override:/home/anushka/ros2_ws/install/my_py_pkg/lib/python3.10/site-packages:${PYTHONPATH} /usr/bin/python3 setup.py develop --editable --build-directory /home/anushka/ros2_ws/build/my_py_pkg/build --no-deps install_data
