[1.211s] Invoking command in '/home/anushka/ros2_ws/src/my_py_pkg': CMAKE_PREFIX_PATH=/home/anushka/ros2_ws/install/my_robot_interfaces:/home/anushka/ros2_ws/install/my_cpp_pkg:/home/anushka/voidwalking/ros2_ws/install/void_tests:/home/anushka/voidwalking/ros2_ws/install/turtlebot_test:/home/anushka/voidwalking/ros2_ws/install/spatio_temporal_voxel_layer:/home/anushka/voidwalking/ros2_ws/install/main:/home/anushka/voidwalking/ros2_ws/install/simulation:/home/anushka/voidwalking/ros2_ws/install/rviz_satellite:/home/anushka/voidwalking/ros2_ws/install/obstacle_avoidance:/home/anushka/voidwalking/ros2_ws/install/nav2_turtlebot3:/home/anushka/voidwalking/ros2_ws/install/mapping:/home/anushka/eric_ws/install/vid_interface PYTHONPATH=/home/anushka/ros2_ws/build/my_py_pkg/prefix_override:/home/anushka/ros2_ws/install/my_py_pkg/lib/python3.10/site-packages:${PYTHONPATH} /usr/bin/python3 setup.py egg_info --egg-base ../../build/my_py_pkg build --build-base /home/anushka/ros2_ws/build/my_py_pkg/build install --record /home/anushka/ros2_ws/build/my_py_pkg/install.log --single-version-externally-managed
[1.527s] running egg_info
[1.528s] writing ../../build/my_py_pkg/my_py_pkg.egg-info/PKG-INFO
[1.528s] writing dependency_links to ../../build/my_py_pkg/my_py_pkg.egg-info/dependency_links.txt
[1.528s] writing entry points to ../../build/my_py_pkg/my_py_pkg.egg-info/entry_points.txt
[1.528s] writing requirements to ../../build/my_py_pkg/my_py_pkg.egg-info/requires.txt
[1.528s] writing top-level names to ../../build/my_py_pkg/my_py_pkg.egg-info/top_level.txt
[1.531s] reading manifest file '../../build/my_py_pkg/my_py_pkg.egg-info/SOURCES.txt'
[1.532s] writing manifest file '../../build/my_py_pkg/my_py_pkg.egg-info/SOURCES.txt'
[1.532s] running build
[1.532s] running build_py
[1.533s] copying my_py_pkg/battery_client.py -> /home/anushka/ros2_ws/build/my_py_pkg/build/lib/my_py_pkg
[1.534s] running install
[1.534s] running install_lib
[1.535s] copying /home/anushka/ros2_ws/build/my_py_pkg/build/lib/my_py_pkg/battery_client.py -> /home/anushka/ros2_ws/install/my_py_pkg/lib/python3.10/site-packages/my_py_pkg
[1.536s] byte-compiling /home/anushka/ros2_ws/install/my_py_pkg/lib/python3.10/site-packages/my_py_pkg/battery_client.py to battery_client.cpython-310.pyc
[1.537s] running install_data
[1.537s] running install_egg_info
[1.539s] removing '/home/anushka/ros2_ws/install/my_py_pkg/lib/python3.10/site-packages/my_py_pkg-0.0.0-py3.10.egg-info' (and everything under it)
[1.539s] Copying ../../build/my_py_pkg/my_py_pkg.egg-info to /home/anushka/ros2_ws/install/my_py_pkg/lib/python3.10/site-packages/my_py_pkg-0.0.0-py3.10.egg-info
[1.541s] running install_scripts
[1.563s] Installing add_two_ints_client script to /home/anushka/ros2_ws/install/my_py_pkg/lib/my_py_pkg
[1.563s] Installing add_two_ints_oop_client script to /home/anushka/ros2_ws/install/my_py_pkg/lib/my_py_pkg
[1.563s] Installing battery_client_exe script to /home/anushka/ros2_ws/install/my_py_pkg/lib/my_py_pkg
[1.563s] Installing hardware_exe script to /home/anushka/ros2_ws/install/my_py_pkg/lib/my_py_pkg
[1.563s] Installing led_status_server script to /home/anushka/ros2_ws/install/my_py_pkg/lib/my_py_pkg
[1.563s] Installing mobilephone script to /home/anushka/ros2_ws/install/my_py_pkg/lib/my_py_pkg
[1.564s] Installing my_add_service script to /home/anushka/ros2_ws/install/my_py_pkg/lib/my_py_pkg
[1.564s] Installing number_counter script to /home/anushka/ros2_ws/install/my_py_pkg/lib/my_py_pkg
[1.564s] Installing number_publisher script to /home/anushka/ros2_ws/install/my_py_pkg/lib/my_py_pkg
[1.564s] Installing py_node_p script to /home/anushka/ros2_ws/install/my_py_pkg/lib/my_py_pkg
[1.564s] Installing robot_news_station script to /home/anushka/ros2_ws/install/my_py_pkg/lib/my_py_pkg
[1.565s] writing list of installed files to '/home/anushka/ros2_ws/build/my_py_pkg/install.log'
[1.603s] Invoked command in '/home/anushka/ros2_ws/src/my_py_pkg' returned '0': CMAKE_PREFIX_PATH=/home/anushka/ros2_ws/install/my_robot_interfaces:/home/anushka/ros2_ws/install/my_cpp_pkg:/home/anushka/voidwalking/ros2_ws/install/void_tests:/home/anushka/voidwalking/ros2_ws/install/turtlebot_test:/home/anushka/voidwalking/ros2_ws/install/spatio_temporal_voxel_layer:/home/anushka/voidwalking/ros2_ws/install/main:/home/anushka/voidwalking/ros2_ws/install/simulation:/home/anushka/voidwalking/ros2_ws/install/rviz_satellite:/home/anushka/voidwalking/ros2_ws/install/obstacle_avoidance:/home/anushka/voidwalking/ros2_ws/install/nav2_turtlebot3:/home/anushka/voidwalking/ros2_ws/install/mapping:/home/anushka/eric_ws/install/vid_interface PYTHONPATH=/home/anushka/ros2_ws/build/my_py_pkg/prefix_override:/home/anushka/ros2_ws/install/my_py_pkg/lib/python3.10/site-packages:${PYTHONPATH} /usr/bin/python3 setup.py egg_info --egg-base ../../build/my_py_pkg build --build-base /home/anushka/ros2_ws/build/my_py_pkg/build install --record /home/anushka/ros2_ws/build/my_py_pkg/install.log --single-version-externally-managed
