[0.225s] Invoking command in '/home/anushka/ros2_ws/build/my_cpp_pkg': AMENT_PREFIX_PATH=/home/anushka/ros2_ws/install/my_robot_interfaces:${AMENT_PREFIX_PATH} CMAKE_PREFIX_PATH=/home/anushka/ros2_ws/install/my_robot_interfaces:/home/anushka/eric_ws/install/vid_interface:/home/anushka/voidwalking/ros2_ws/install/void_tests:/home/anushka/voidwalking/ros2_ws/install/turtlebot_test:/home/anushka/voidwalking/ros2_ws/install/spatio_temporal_voxel_layer:/home/anushka/voidwalking/ros2_ws/install/main:/home/anushka/voidwalking/ros2_ws/install/simulation:/home/anushka/voidwalking/ros2_ws/install/rviz_satellite:/home/anushka/voidwalking/ros2_ws/install/obstacle_avoidance:/home/anushka/voidwalking/ros2_ws/install/nav2_turtlebot3:/home/anushka/voidwalking/ros2_ws/install/mapping:/home/anushka/eric_ws/install/camera_pkg_p:/home/anushka/voidwalking/ros2_ws/install/waypoints:/home/anushka/anu_ws/install/servo_controller:/opt/ros/humble LD_LIBRARY_PATH=/home/anushka/ros2_ws/install/my_robot_interfaces/lib:${LD_LIBRARY_PATH} PYTHONPATH=/home/anushka/ros2_ws/install/my_robot_interfaces/local/lib/python3.10/dist-packages:${PYTHONPATH} /usr/bin/cmake /home/anushka/ros2_ws/src/my_cpp_pkg -DCMAKE_INSTALL_PREFIX=/home/anushka/ros2_ws/install/my_cpp_pkg
[0.292s] -- The C compiler identification is GNU 11.4.0
[0.362s] -- The CXX compiler identification is GNU 11.4.0
[0.371s] -- Detecting C compiler ABI info
[0.457s] -- Detecting C compiler ABI info - done
[0.467s] -- Check for working C compiler: /usr/bin/cc - skipped
[0.467s] -- Detecting C compile features
[0.468s] -- Detecting C compile features - done
[0.471s] -- Detecting CXX compiler ABI info
[0.570s] -- Detecting CXX compiler ABI info - done
[0.580s] -- Check for working CXX compiler: /usr/bin/c++ - skipped
[0.580s] -- Detecting CXX compile features
[0.581s] -- Detecting CXX compile features - done
[0.586s] -- Found ament_cmake: 1.3.6 (/opt/ros/humble/share/ament_cmake/cmake)
[0.807s] -- Found Python3: /usr/bin/python3.10 (found version "3.10.12") found components: Interpreter 
[0.954s] -- Found rclcpp: 16.0.7 (/opt/ros/humble/share/rclcpp/cmake)
[1.033s] -- Found rosidl_generator_c: 3.1.5 (/opt/ros/humble/share/rosidl_generator_c/cmake)
[1.043s] -- Found rosidl_adapter: 3.1.5 (/opt/ros/humble/share/rosidl_adapter/cmake)
[1.058s] -- Found rosidl_generator_cpp: 3.1.5 (/opt/ros/humble/share/rosidl_generator_cpp/cmake)
[1.081s] -- Using all available rosidl_typesupport_c: rosidl_typesupport_fastrtps_c;rosidl_typesupport_introspection_c
[1.113s] -- Using all available rosidl_typesupport_cpp: rosidl_typesupport_fastrtps_cpp;rosidl_typesupport_introspection_cpp
[1.223s] -- Found rmw_implementation_cmake: 6.1.1 (/opt/ros/humble/share/rmw_implementation_cmake/cmake)
[1.229s] -- Found rmw_fastrtps_cpp: 6.2.5 (/opt/ros/humble/share/rmw_fastrtps_cpp/cmake)
[1.394s] -- Found OpenSSL: /usr/lib/x86_64-linux-gnu/libcrypto.so (found version "3.0.2")  
[1.438s] -- Found FastRTPS: /opt/ros/humble/include  
[1.507s] -- Using RMW implementation 'rmw_fastrtps_cpp' as default
[1.527s] -- Looking for pthread.h
[1.624s] -- Looking for pthread.h - found
[1.624s] -- Performing Test CMAKE_HAVE_LIBC_PTHREAD
[1.718s] -- Performing Test CMAKE_HAVE_LIBC_PTHREAD - Success
[1.719s] -- Found Threads: TRUE  
[1.913s] -- Found example_interfaces: 0.9.3 (/opt/ros/humble/share/example_interfaces/cmake)
[2.075s] -- Found my_robot_interfaces: 0.0.0 (/home/anushka/ros2_ws/install/my_robot_interfaces/share/my_robot_interfaces/cmake)
[2.099s] -- Found ament_lint_auto: 0.12.9 (/opt/ros/humble/share/ament_lint_auto/cmake)
[2.214s] -- Added test 'cppcheck' to perform static code analysis on C / C++ code
[2.214s] -- Configured cppcheck include dirs: 
[2.214s] -- Configured cppcheck exclude dirs and/or files: 
[2.215s] -- Added test 'lint_cmake' to check CMake code style
[2.217s] -- Added test 'uncrustify' to check C / C++ code style
[2.217s] -- Configured uncrustify additional arguments: 
[2.218s] -- Added test 'xmllint' to check XML markup files
[2.220s] -- Configuring done
[2.263s] -- Generating done
[2.266s] -- Build files have been written to: /home/anushka/ros2_ws/build/my_cpp_pkg
[2.281s] Invoked command in '/home/anushka/ros2_ws/build/my_cpp_pkg' returned '0': AMENT_PREFIX_PATH=/home/anushka/ros2_ws/install/my_robot_interfaces:${AMENT_PREFIX_PATH} CMAKE_PREFIX_PATH=/home/anushka/ros2_ws/install/my_robot_interfaces:/home/anushka/eric_ws/install/vid_interface:/home/anushka/voidwalking/ros2_ws/install/void_tests:/home/anushka/voidwalking/ros2_ws/install/turtlebot_test:/home/anushka/voidwalking/ros2_ws/install/spatio_temporal_voxel_layer:/home/anushka/voidwalking/ros2_ws/install/main:/home/anushka/voidwalking/ros2_ws/install/simulation:/home/anushka/voidwalking/ros2_ws/install/rviz_satellite:/home/anushka/voidwalking/ros2_ws/install/obstacle_avoidance:/home/anushka/voidwalking/ros2_ws/install/nav2_turtlebot3:/home/anushka/voidwalking/ros2_ws/install/mapping:/home/anushka/eric_ws/install/camera_pkg_p:/home/anushka/voidwalking/ros2_ws/install/waypoints:/home/anushka/anu_ws/install/servo_controller:/opt/ros/humble LD_LIBRARY_PATH=/home/anushka/ros2_ws/install/my_robot_interfaces/lib:${LD_LIBRARY_PATH} PYTHONPATH=/home/anushka/ros2_ws/install/my_robot_interfaces/local/lib/python3.10/dist-packages:${PYTHONPATH} /usr/bin/cmake /home/anushka/ros2_ws/src/my_cpp_pkg -DCMAKE_INSTALL_PREFIX=/home/anushka/ros2_ws/install/my_cpp_pkg
[2.283s] Invoking command in '/home/anushka/ros2_ws/build/my_cpp_pkg': AMENT_PREFIX_PATH=/home/anushka/ros2_ws/install/my_robot_interfaces:${AMENT_PREFIX_PATH} CMAKE_PREFIX_PATH=/home/anushka/ros2_ws/install/my_robot_interfaces:/home/anushka/eric_ws/install/vid_interface:/home/anushka/voidwalking/ros2_ws/install/void_tests:/home/anushka/voidwalking/ros2_ws/install/turtlebot_test:/home/anushka/voidwalking/ros2_ws/install/spatio_temporal_voxel_layer:/home/anushka/voidwalking/ros2_ws/install/main:/home/anushka/voidwalking/ros2_ws/install/simulation:/home/anushka/voidwalking/ros2_ws/install/rviz_satellite:/home/anushka/voidwalking/ros2_ws/install/obstacle_avoidance:/home/anushka/voidwalking/ros2_ws/install/nav2_turtlebot3:/home/anushka/voidwalking/ros2_ws/install/mapping:/home/anushka/eric_ws/install/camera_pkg_p:/home/anushka/voidwalking/ros2_ws/install/waypoints:/home/anushka/anu_ws/install/servo_controller:/opt/ros/humble LD_LIBRARY_PATH=/home/anushka/ros2_ws/install/my_robot_interfaces/lib:${LD_LIBRARY_PATH} PYTHONPATH=/home/anushka/ros2_ws/install/my_robot_interfaces/local/lib/python3.10/dist-packages:${PYTHONPATH} /usr/bin/cmake --build /home/anushka/ros2_ws/build/my_cpp_pkg -- -j8 -l8
[2.346s] [ 22%] [32mBuilding CXX object CMakeFiles/timer_node_1.dir/src/my_timer.cpp.o[0m
[2.346s] [ 22%] [32mBuilding CXX object CMakeFiles/cpp_node_c.dir/src/my_first_node.cpp.o[0m
[2.347s] [ 27%] [32mBuilding CXX object CMakeFiles/cpp_node_c2.dir/src/cpp_node.cpp.o[0m
[2.347s] [ 27%] [32mBuilding CXX object CMakeFiles/number_counter.dir/src/number_counter_code.cpp.o[0m
[2.347s] [ 27%] [32mBuilding CXX object CMakeFiles/robot_news_station_exe.dir/src/robot_news_station_code.cpp.o[0m
[2.348s] [ 27%] [32mBuilding CXX object CMakeFiles/smartphone_exe.dir/src/smartphone_code.cpp.o[0m
[2.357s] [ 31%] [32mBuilding CXX object CMakeFiles/number_publisher.dir/src/number_publisher_code.cpp.o[0m
[2.357s] [ 36%] [32mBuilding CXX object CMakeFiles/add_two_ints_server_exe.dir/src/add_two_ints_server.cpp.o[0m
[7.667s] [ 40%] [32m[1mLinking CXX executable cpp_node_c[0m
[7.677s] [ 45%] [32m[1mLinking CXX executable timer_node_1[0m
[7.796s] [ 50%] [32m[1mLinking CXX executable cpp_node_c2[0m
[7.918s] [ 50%] Built target timer_node_1
[7.925s] [ 50%] Built target cpp_node_c
[7.948s] [ 54%] [32mBuilding CXX object CMakeFiles/add_two_ints_client_no_oop_exe.dir/src/add_two_ints_client_no_oop.cpp.o[0m
[7.955s] [ 59%] [32mBuilding CXX object CMakeFiles/add_two_ints_client_exe.dir/src/add_two_ints_client.cpp.o[0m
[8.079s] [ 59%] Built target cpp_node_c2
[8.113s] [ 63%] [32mBuilding CXX object CMakeFiles/hardware_exe.dir/src/hardware_msg_test.cpp.o[0m
[8.235s] [ 68%] [32m[1mLinking CXX executable add_two_ints_server_exe[0m
[8.564s] [ 68%] Built target add_two_ints_server_exe
[9.110s] [ 77%] [32m[1mLinking CXX executable robot_news_station_exe[0m
[9.111s] [ 77%] [32m[1mLinking CXX executable number_publisher[0m
[9.438s] [ 77%] Built target robot_news_station_exe
[9.463s] [ 77%] Built target number_publisher
[10.741s] [01m[K/home/anushka/ros2_ws/src/my_cpp_pkg/src/hardware_msg_test.cpp:[m[K In function ‘[01m[Kint main(int, char**)[m[K’:
[10.741s] [01m[K/home/anushka/ros2_ws/src/my_cpp_pkg/src/hardware_msg_test.cpp:32:13:[m[K [01;35m[Kwarning: [m[Kstatement is a reference, not call, to function ‘[01m[Krclcpp::shutdown[m[K’ [[01;35m[K]8;;https://gcc.gnu.org/onlinedocs/gcc/Warning-Options.html#index-Waddress-Waddress]8;;[m[K]
[10.741s]    32 |     [01;35m[Krclcpp::shutdown[m[K;
[10.741s]       |     [01;35m[K~~~~~~~~^~~~~~~~[m[K
[10.741s] [01m[K/home/anushka/ros2_ws/src/my_cpp_pkg/src/hardware_msg_test.cpp:32:13:[m[K [01;35m[Kwarning: [m[Kstatement has no effect [[01;35m[K]8;;https://gcc.gnu.org/onlinedocs/gcc/Warning-Options.html#index-Wunused-value-Wunused-value]8;;[m[K]
[11.747s] [ 81%] [32m[1mLinking CXX executable add_two_ints_client_no_oop_exe[0m
[11.811s] [ 86%] [32m[1mLinking CXX executable add_two_ints_client_exe[0m
[12.049s] [ 86%] Built target add_two_ints_client_no_oop_exe
[12.099s] [ 86%] Built target add_two_ints_client_exe
[12.720s] [ 90%] [32m[1mLinking CXX executable hardware_exe[0m
[13.019s] [ 90%] Built target hardware_exe
[13.130s] [ 95%] [32m[1mLinking CXX executable smartphone_exe[0m
[13.699s] [ 95%] Built target smartphone_exe
[14.072s] [100%] [32m[1mLinking CXX executable number_counter[0m
[14.643s] [100%] Built target number_counter
[14.658s] Invoked command in '/home/anushka/ros2_ws/build/my_cpp_pkg' returned '0': AMENT_PREFIX_PATH=/home/anushka/ros2_ws/install/my_robot_interfaces:${AMENT_PREFIX_PATH} CMAKE_PREFIX_PATH=/home/anushka/ros2_ws/install/my_robot_interfaces:/home/anushka/eric_ws/install/vid_interface:/home/anushka/voidwalking/ros2_ws/install/void_tests:/home/anushka/voidwalking/ros2_ws/install/turtlebot_test:/home/anushka/voidwalking/ros2_ws/install/spatio_temporal_voxel_layer:/home/anushka/voidwalking/ros2_ws/install/main:/home/anushka/voidwalking/ros2_ws/install/simulation:/home/anushka/voidwalking/ros2_ws/install/rviz_satellite:/home/anushka/voidwalking/ros2_ws/install/obstacle_avoidance:/home/anushka/voidwalking/ros2_ws/install/nav2_turtlebot3:/home/anushka/voidwalking/ros2_ws/install/mapping:/home/anushka/eric_ws/install/camera_pkg_p:/home/anushka/voidwalking/ros2_ws/install/waypoints:/home/anushka/anu_ws/install/servo_controller:/opt/ros/humble LD_LIBRARY_PATH=/home/anushka/ros2_ws/install/my_robot_interfaces/lib:${LD_LIBRARY_PATH} PYTHONPATH=/home/anushka/ros2_ws/install/my_robot_interfaces/local/lib/python3.10/dist-packages:${PYTHONPATH} /usr/bin/cmake --build /home/anushka/ros2_ws/build/my_cpp_pkg -- -j8 -l8
[14.740s] Invoking command in '/home/anushka/ros2_ws/build/my_cpp_pkg': AMENT_PREFIX_PATH=/home/anushka/ros2_ws/install/my_robot_interfaces:${AMENT_PREFIX_PATH} CMAKE_PREFIX_PATH=/home/anushka/ros2_ws/install/my_robot_interfaces:/home/anushka/eric_ws/install/vid_interface:/home/anushka/voidwalking/ros2_ws/install/void_tests:/home/anushka/voidwalking/ros2_ws/install/turtlebot_test:/home/anushka/voidwalking/ros2_ws/install/spatio_temporal_voxel_layer:/home/anushka/voidwalking/ros2_ws/install/main:/home/anushka/voidwalking/ros2_ws/install/simulation:/home/anushka/voidwalking/ros2_ws/install/rviz_satellite:/home/anushka/voidwalking/ros2_ws/install/obstacle_avoidance:/home/anushka/voidwalking/ros2_ws/install/nav2_turtlebot3:/home/anushka/voidwalking/ros2_ws/install/mapping:/home/anushka/eric_ws/install/camera_pkg_p:/home/anushka/voidwalking/ros2_ws/install/waypoints:/home/anushka/anu_ws/install/servo_controller:/opt/ros/humble LD_LIBRARY_PATH=/home/anushka/ros2_ws/install/my_robot_interfaces/lib:${LD_LIBRARY_PATH} PYTHONPATH=/home/anushka/ros2_ws/install/my_robot_interfaces/local/lib/python3.10/dist-packages:${PYTHONPATH} /usr/bin/cmake --install /home/anushka/ros2_ws/build/my_cpp_pkg
[14.749s] -- Install configuration: ""
[14.749s] -- Installing: /home/anushka/ros2_ws/install/my_cpp_pkg/lib/my_cpp_pkg/cpp_node_c
[14.749s] -- Set runtime path of "/home/anushka/ros2_ws/install/my_cpp_pkg/lib/my_cpp_pkg/cpp_node_c" to ""
[14.749s] -- Installing: /home/anushka/ros2_ws/install/my_cpp_pkg/lib/my_cpp_pkg/cpp_node_c2
[14.750s] -- Set runtime path of "/home/anushka/ros2_ws/install/my_cpp_pkg/lib/my_cpp_pkg/cpp_node_c2" to ""
[14.750s] -- Installing: /home/anushka/ros2_ws/install/my_cpp_pkg/lib/my_cpp_pkg/timer_node_1
[14.751s] -- Set runtime path of "/home/anushka/ros2_ws/install/my_cpp_pkg/lib/my_cpp_pkg/timer_node_1" to ""
[14.751s] -- Installing: /home/anushka/ros2_ws/install/my_cpp_pkg/lib/my_cpp_pkg/robot_news_station_exe
[14.753s] -- Set runtime path of "/home/anushka/ros2_ws/install/my_cpp_pkg/lib/my_cpp_pkg/robot_news_station_exe" to ""
[14.753s] -- Installing: /home/anushka/ros2_ws/install/my_cpp_pkg/lib/my_cpp_pkg/smartphone_exe
[14.758s] -- Set runtime path of "/home/anushka/ros2_ws/install/my_cpp_pkg/lib/my_cpp_pkg/smartphone_exe" to ""
[14.758s] -- Installing: /home/anushka/ros2_ws/install/my_cpp_pkg/lib/my_cpp_pkg/number_publisher
[14.760s] -- Set runtime path of "/home/anushka/ros2_ws/install/my_cpp_pkg/lib/my_cpp_pkg/number_publisher" to ""
[14.760s] -- Installing: /home/anushka/ros2_ws/install/my_cpp_pkg/lib/my_cpp_pkg/number_counter
[14.767s] -- Set runtime path of "/home/anushka/ros2_ws/install/my_cpp_pkg/lib/my_cpp_pkg/number_counter" to ""
[14.767s] -- Installing: /home/anushka/ros2_ws/install/my_cpp_pkg/lib/my_cpp_pkg/add_two_ints_server_exe
[14.768s] -- Set runtime path of "/home/anushka/ros2_ws/install/my_cpp_pkg/lib/my_cpp_pkg/add_two_ints_server_exe" to ""
[14.768s] -- Installing: /home/anushka/ros2_ws/install/my_cpp_pkg/lib/my_cpp_pkg/add_two_ints_client_no_oop_exe
[14.769s] -- Set runtime path of "/home/anushka/ros2_ws/install/my_cpp_pkg/lib/my_cpp_pkg/add_two_ints_client_no_oop_exe" to ""
[14.769s] -- Installing: /home/anushka/ros2_ws/install/my_cpp_pkg/lib/my_cpp_pkg/add_two_ints_client_exe
[14.770s] -- Set runtime path of "/home/anushka/ros2_ws/install/my_cpp_pkg/lib/my_cpp_pkg/add_two_ints_client_exe" to ""
[14.770s] -- Installing: /home/anushka/ros2_ws/install/my_cpp_pkg/lib/my_cpp_pkg/hardware_exe
[14.772s] -- Set runtime path of "/home/anushka/ros2_ws/install/my_cpp_pkg/lib/my_cpp_pkg/hardware_exe" to ""
[14.772s] -- Installing: /home/anushka/ros2_ws/install/my_cpp_pkg/share/ament_index/resource_index/package_run_dependencies/my_cpp_pkg
[14.773s] -- Installing: /home/anushka/ros2_ws/install/my_cpp_pkg/share/ament_index/resource_index/parent_prefix_path/my_cpp_pkg
[14.773s] -- Installing: /home/anushka/ros2_ws/install/my_cpp_pkg/share/my_cpp_pkg/environment/ament_prefix_path.sh
[14.773s] -- Installing: /home/anushka/ros2_ws/install/my_cpp_pkg/share/my_cpp_pkg/environment/ament_prefix_path.dsv
[14.773s] -- Installing: /home/anushka/ros2_ws/install/my_cpp_pkg/share/my_cpp_pkg/environment/path.sh
[14.773s] -- Installing: /home/anushka/ros2_ws/install/my_cpp_pkg/share/my_cpp_pkg/environment/path.dsv
[14.773s] -- Installing: /home/anushka/ros2_ws/install/my_cpp_pkg/share/my_cpp_pkg/local_setup.bash
[14.773s] -- Installing: /home/anushka/ros2_ws/install/my_cpp_pkg/share/my_cpp_pkg/local_setup.sh
[14.774s] -- Installing: /home/anushka/ros2_ws/install/my_cpp_pkg/share/my_cpp_pkg/local_setup.zsh
[14.774s] -- Installing: /home/anushka/ros2_ws/install/my_cpp_pkg/share/my_cpp_pkg/local_setup.dsv
[14.774s] -- Installing: /home/anushka/ros2_ws/install/my_cpp_pkg/share/my_cpp_pkg/package.dsv
[14.774s] -- Installing: /home/anushka/ros2_ws/install/my_cpp_pkg/share/ament_index/resource_index/packages/my_cpp_pkg
[14.774s] -- Installing: /home/anushka/ros2_ws/install/my_cpp_pkg/share/my_cpp_pkg/cmake/my_cpp_pkgConfig.cmake
[14.774s] -- Installing: /home/anushka/ros2_ws/install/my_cpp_pkg/share/my_cpp_pkg/cmake/my_cpp_pkgConfig-version.cmake
[14.775s] -- Installing: /home/anushka/ros2_ws/install/my_cpp_pkg/share/my_cpp_pkg/package.xml
[14.777s] Invoked command in '/home/anushka/ros2_ws/build/my_cpp_pkg' returned '0': AMENT_PREFIX_PATH=/home/anushka/ros2_ws/install/my_robot_interfaces:${AMENT_PREFIX_PATH} CMAKE_PREFIX_PATH=/home/anushka/ros2_ws/install/my_robot_interfaces:/home/anushka/eric_ws/install/vid_interface:/home/anushka/voidwalking/ros2_ws/install/void_tests:/home/anushka/voidwalking/ros2_ws/install/turtlebot_test:/home/anushka/voidwalking/ros2_ws/install/spatio_temporal_voxel_layer:/home/anushka/voidwalking/ros2_ws/install/main:/home/anushka/voidwalking/ros2_ws/install/simulation:/home/anushka/voidwalking/ros2_ws/install/rviz_satellite:/home/anushka/voidwalking/ros2_ws/install/obstacle_avoidance:/home/anushka/voidwalking/ros2_ws/install/nav2_turtlebot3:/home/anushka/voidwalking/ros2_ws/install/mapping:/home/anushka/eric_ws/install/camera_pkg_p:/home/anushka/voidwalking/ros2_ws/install/waypoints:/home/anushka/anu_ws/install/servo_controller:/opt/ros/humble LD_LIBRARY_PATH=/home/anushka/ros2_ws/install/my_robot_interfaces/lib:${LD_LIBRARY_PATH} PYTHONPATH=/home/anushka/ros2_ws/install/my_robot_interfaces/local/lib/python3.10/dist-packages:${PYTHONPATH} /usr/bin/cmake --install /home/anushka/ros2_ws/build/my_cpp_pkg
